# JRE version: OpenJDK Runtime Environment (8.0_282-b08) (build 1.8.0_282-b08)
# Java VM: OpenJDK 64-Bit Server VM (25.282-b08 mixed mode linux-amd64 compressed oops)
Heap:
 def new generation   total 4992K, used 1419K [0x00000000e0000000, 0x00000000e0560000, 0x00000000eaaa0000)
  eden space 4480K,  23% used [0x00000000e0000000, 0x00000000e010c9b8, 0x00000000e0460000)
  from space 512K,  67% used [0x00000000e04e0000, 0x00000000e0536350, 0x00000000e0560000)
  to   space 512K,   0% used [0x00000000e0460000, 0x00000000e0460000, 0x00000000e04e0000)
 tenured generation   total 10944K, used 8940K [0x00000000eaaa0000, 0x00000000eb550000, 0x0000000100000000)
   the space 10944K,  81% used [0x00000000eaaa0000, 0x00000000eb35b3d8, 0x00000000eb35b400, 0x00000000eb550000)
 Metaspace       used 23103K, capacity 24788K, committed 24960K, reserved 1071104K
  class space    used 3032K, capacity 3364K, committed 3456K, reserved 1048576K
GC Heap History (100 events):
Event: 0.657 GC heap before
{Heap before GC invocations=0 (full 0):
 def new generation   total 4928K, used 4416K [0x00000000e0000000, 0x00000000e0550000, 0x00000000eaaa0000)
  eden space 4416K, 100% used [0x00000000e0000000, 0x00000000e0450000, 0x00000000e0450000)
  from space 512K,   0% used [0x00000000e0450000, 0x00000000e0450000, 0x00000000e04d0000)
  to   space 512K,   0% used [0x00000000e04d0000, 0x00000000e04d0000, 0x00000000e0550000)
 tenured generation   total 10944K, used 0K [0x00000000eaaa0000, 0x00000000eb550000, 0x0000000100000000)
   the space 10944K,   0% used [0x00000000eaaa0000, 0x00000000eaaa0000, 0x00000000eaaa0200, 0x00000000eb550000)
 Metaspace       used 4560K, capacity 5054K, committed 5248K, reserved 1056768K
  class space    used 480K, capacity 537K, committed 640K, reserved 1048576K
Event: 0.659 GC heap after
Heap after GC invocations=1 (full 0):
 def new generation   total 4928K, used 511K [0x00000000e0000000, 0x00000000e0550000, 0x00000000eaaa0000)
  eden space 4416K,   0% used [0x00000000e0000000, 0x00000000e0000000, 0x00000000e0450000)
  from space 512K,  99% used [0x00000000e04d0000, 0x00000000e054fff8, 0x00000000e0550000)
  to   space 512K,   0% used [0x00000000e0450000, 0x00000000e0450000, 0x00000000e04d0000)
 tenured generation   total 10944K, used 586K [0x00000000eaaa0000, 0x00000000eb550000, 0x0000000100000000)
   the space 10944K,   5% used [0x00000000eaaa0000, 0x00000000eab32928, 0x00000000eab32a00, 0x00000000eb550000)
 Metaspace       used 4560K, capacity 5054K, committed 5248K, reserved 1056768K
  class space    used 480K, capacity 537K, committed 640K, reserved 1048576K
}
Event: 1.007 GC heap before
{Heap before GC invocations=1 (full 0):
 def new generation   total 4928K, used 4927K [0x00000000e0000000, 0x00000000e0550000, 0x00000000eaaa0000)
  eden space 4416K, 100% used [0x00000000e0000000, 0x00000000e0450000, 0x00000000e0450000)
  from space 512K,  99% used [0x00000000e04d0000, 0x00000000e054fff8, 0x00000000e0550000)
  to   space 512K,   0% used [0x00000000e0450000, 0x00000000e0450000, 0x00000000e04d0000)
 tenured generation   total 10944K, used 586K [0x00000000eaaa0000, 0x00000000eb550000, 0x0000000100000000)
   the space 10944K,   5% used [0x00000000eaaa0000, 0x00000000eab32928, 0x00000000eab32a00, 0x00000000eb550000)
 Metaspace       used 7474K, capacity 7706K, committed 7936K, reserved 1056768K
  class space    used 829K, capacity 907K, committed 1024K, reserved 1048576K
Event: 1.012 GC heap after
Heap after GC invocations=2 (full 0):
 def new generation   total 4928K, used 512K [0x00000000e0000000, 0x00000000e0550000, 0x00000000eaaa0000)
  eden space 4416K,   0% used [0x00000000e0000000, 0x00000000e0000000, 0x00000000e0450000)
  from space 512K, 100% used [0x00000000e0450000, 0x00000000e04d0000, 0x00000000e04d0000)
  to   space 512K,   0% used [0x00000000e04d0000, 0x00000000e04d0000, 0x00000000e0550000)
 tenured generation   total 10944K, used 1689K [0x00000000eaaa0000, 0x00000000eb550000, 0x0000000100000000)
   the space 10944K,  15% used [0x00000000eaaa0000, 0x00000000eac466d8, 0x00000000eac46800, 0x00000000eb550000)
 Metaspace       used 7474K, capacity 7706K, committed 7936K, reserved 1056768K
  class space    used 829K, capacity 907K, committed 1024K, reserved 1048576K
}
Event: 1.354 GC heap before
{Heap before GC invocations=2 (full 0):
 def new generation   total 4928K, used 4928K [0x00000000e0000000, 0x00000000e0550000, 0x00000000eaaa0000)
  eden space 4416K, 100% used [0x00000000e0000000, 0x00000000e0450000, 0x00000000e0450000)
  from space 512K, 100% used [0x00000000e0450000, 0x00000000e04d0000, 0x00000000e04d0000)
  to   space 512K,   0% used [0x00000000e04d0000, 0x00000000e04d0000, 0x00000000e0550000)
 tenured generation   total 10944K, used 1689K [0x00000000eaaa0000, 0x00000000eb550000, 0x0000000100000000)
   the space 10944K,  15% used [0x00000000eaaa0000, 0x00000000eac466d8, 0x00000000eac46800, 0x00000000eb550000)
 Metaspace       used 8251K, capacity 8504K, committed 8832K, reserved 1056768K
  class space    used 934K, capacity 1040K, committed 1152K, reserved 1048576K
Event: 1.357 GC heap after
Heap after GC invocations=3 (full 0):
 def new generation   total 4928K, used 511K [0x00000000e0000000, 0x00000000e0550000, 0x00000000eaaa0000)
  eden space 4416K,   0% used [0x00000000e0000000, 0x00000000e0000000, 0x00000000e0450000)
  from space 512K,  99% used [0x00000000e04d0000, 0x00000000e054fff8, 0x00000000e0550000)
  to   space 512K,   0% used [0x00000000e0450000, 0x00000000e0450000, 0x00000000e04d0000)
 tenured generation   total 10944K, used 2510K [0x00000000eaaa0000, 0x00000000eb550000, 0x0000000100000000)
   the space 10944K,  22% used [0x00000000eaaa0000, 0x00000000ead138c8, 0x00000000ead13a00, 0x00000000eb550000)
 Metaspace       used 8251K, capacity 8504K, committed 8832K, reserved 1056768K
  class space    used 934K, capacity 1040K, committed 1152K, reserved 1048576K
}
Event: 1.511 GC heap before
{Heap before GC invocations=3 (full 0):
 def new generation   total 4928K, used 4927K [0x00000000e0000000, 0x00000000e0550000, 0x00000000eaaa0000)
  eden space 4416K, 100% used [0x00000000e0000000, 0x00000000e0450000, 0x00000000e0450000)
  from space 512K,  99% used [0x00000000e04d0000, 0x00000000e054fff8, 0x00000000e0550000)
  to   space 512K,   0% used [0x00000000e0450000, 0x00000000e0450000, 0x00000000e04d0000)
 tenured generation   total 10944K, used 2510K [0x00000000eaaa0000, 0x00000000eb550000, 0x0000000100000000)
   the space 10944K,  22% used [0x00000000eaaa0000, 0x00000000ead138c8, 0x00000000ead13a00, 0x00000000eb550000)
 Metaspace       used 9026K, capacity 9322K, committed 9344K, reserved 1056768K
  class space    used 1050K, capacity 1141K, committed 1152K, reserved 1048576K
Event: 1.514 GC heap after
Heap after GC invocations=4 (full 0):
 def new generation   total 4928K, used 512K [0x00000000e0000000, 0x00000000e0550000, 0x00000000eaaa0000)
  eden space 4416K,   0% used [0x00000000e0000000, 0x00000000e0000000, 0x00000000e0450000)
  from space 512K, 100% used [0x00000000e0450000, 0x00000000e04d0000, 0x00000000e04d0000)
  to   space 512K,   0% used [0x00000000e04d0000, 0x00000000e04d0000, 0x00000000e0550000)
 tenured generation   total 10944K, used 3059K [0x00000000eaaa0000, 0x00000000eb550000, 0x0000000100000000)
   the space 10944K,  27% used [0x00000000eaaa0000, 0x00000000ead9cc00, 0x00000000ead9cc00, 0x00000000eb550000)
 Metaspace       used 9026K, capacity 9322K, committed 9344K, reserved 1056768K
  class space    used 1050K, capacity 1141K, committed 1152K, reserved 1048576K
}
Event: 1.669 GC heap before
{Heap before GC invocations=4 (full 0):
 def new generation   total 4928K, used 4928K [0x00000000e0000000, 0x00000000e0550000, 0x00000000eaaa0000)
  eden space 4416K, 100% used [0x00000000e0000000, 0x00000000e0450000, 0x00000000e0450000)
  from space 512K, 100% used [0x00000000e0450000, 0x00000000e04d0000, 0x00000000e04d0000)
  to   space 512K,   0% used [0x00000000e04d0000, 0x00000000e04d0000, 0x00000000e0550000)
 tenured generation   total 10944K, used 3059K [0x00000000eaaa0000, 0x00000000eb550000, 0x0000000100000000)
   the space 10944K,  27% used [0x00000000eaaa0000, 0x00000000ead9cc00, 0x00000000ead9cc00, 0x00000000eb550000)
 Metaspace       used 9742K, capacity 10106K, committed 10240K, reserved 1058816K
  class space    used 1153K, capacity 1269K, committed 1280K, reserved 1048576K
Event: 1.671 GC heap after
Heap after GC invocations=5 (full 0):
 def new generation   total 4928K, used 318K [0x00000000e0000000, 0x00000000e0550000, 0x00000000eaaa0000)
  eden space 4416K,   0% used [0x00000000e0000000, 0x00000000e0000000, 0x00000000e0450000)
  from space 512K,  62% used [0x00000000e04d0000, 0x00000000e051f850, 0x00000000e0550000)
  to   space 512K,   0% used [0x00000000e0450000, 0x00000000e0450000, 0x00000000e04d0000)
 tenured generation   total 10944K, used 3359K [0x00000000eaaa0000, 0x00000000eb550000, 0x0000000100000000)
   the space 10944K,  30% used [0x00000000eaaa0000, 0x00000000eade7ce0, 0x00000000eade7e00, 0x00000000eb550000)
 Metaspace       used 9742K, capacity 10106K, committed 10240K, reserved 1058816K
  class space    used 1153K, capacity 1269K, committed 1280K, reserved 1048576K
}
Event: 1.802 GC heap before
{Heap before GC invocations=5 (full 0):
 def new generation   total 4928K, used 4734K [0x00000000e0000000, 0x00000000e0550000, 0x00000000eaaa0000)
  eden space 4416K, 100% used [0x00000000e0000000, 0x00000000e0450000, 0x00000000e0450000)
  from space 512K,  62% used [0x00000000e04d0000, 0x00000000e051f850, 0x00000000e0550000)
  to   space 512K,   0% used [0x00000000e0450000, 0x00000000e0450000, 0x00000000e04d0000)
 tenured generation   total 10944K, used 3359K [0x00000000eaaa0000, 0x00000000eb550000, 0x0000000100000000)
   the space 10944K,  30% used [0x00000000eaaa0000, 0x00000000eade7ce0, 0x00000000eade7e00, 0x00000000eb550000)
 Metaspace       used 10506K, capacity 10880K, committed 11136K, reserved 1058816K
  class space    used 1262K, capacity 1376K, committed 1408K, reserved 1048576K
Event: 1.803 GC heap after
Heap after GC invocations=6 (full 0):
 def new generation   total 4928K, used 511K [0x00000000e0000000, 0x00000000e0550000, 0x00000000eaaa0000)
  eden space 4416K,   0% used [0x00000000e0000000, 0x00000000e0000000, 0x00000000e0450000)
  from space 512K,  99% used [0x00000000e0450000, 0x00000000e04cff60, 0x00000000e04d0000)
  to   space 512K,   0% used [0x00000000e04d0000, 0x00000000e04d0000, 0x00000000e0550000)
 tenured generation   total 10944K, used 3540K [0x00000000eaaa0000, 0x00000000eb550000, 0x0000000100000000)
   the space 10944K,  32% used [0x00000000eaaa0000, 0x00000000eae15060, 0x00000000eae15200, 0x00000000eb550000)
 Metaspace       used 10506K, capacity 10880K, committed 11136K, reserved 1058816K
  class space    used 1262K, capacity 1376K, committed 1408K, reserved 1048576K
}
Event: 1.911 GC heap before
{Heap before GC invocations=6 (full 0):
 def new generation   total 4928K, used 4927K [0x00000000e0000000, 0x00000000e0550000, 0x00000000eaaa0000)
  eden space 4416K, 100% used [0x00000000e0000000, 0x00000000e0450000, 0x00000000e0450000)
  from space 512K,  99% used [0x00000000e0450000, 0x00000000e04cff60, 0x00000000e04d0000)
  to   space 512K,   0% used [0x00000000e04d0000, 0x00000000e04d0000, 0x00000000e0550000)
 tenured generation   total 10944K, used 3540K [0x00000000eaaa0000, 0x00000000eb550000, 0x0000000100000000)
   the space 10944K,  32% used [0x00000000eaaa0000, 0x00000000eae15060, 0x00000000eae15200, 0x00000000eb550000)
 Metaspace       used 10915K, capacity 11442K, committed 11520K, reserved 1058816K
  class space    used 1337K, capacity 1485K, committed 1536K, reserved 1048576K
Event: 1.913 GC heap after
Heap after GC invocations=7 (full 0):
 def new generation   total 4928K, used 394K [0x00000000e0000000, 0x00000000e0550000, 0x00000000eaaa0000)
  eden space 4416K,   0% used [0x00000000e0000000, 0x00000000e0000000, 0x00000000e0450000)
  from space 512K,  77% used [0x00000000e04d0000, 0x00000000e0532948, 0x00000000e0550000)
  to   space 512K,   0% used [0x00000000e0450000, 0x00000000e0450000, 0x00000000e04d0000)
 tenured generation   total 10944K, used 3704K [0x00000000eaaa0000, 0x00000000eb550000, 0x0000000100000000)
   the space 10944K,  33% used [0x00000000eaaa0000, 0x00000000eae3e310, 0x00000000eae3e400, 0x00000000eb550000)
 Metaspace       used 10915K, capacity 11442K, committed 11520K, reserved 1058816K
  class space    used 1337K, capacity 1485K, committed 1536K, reserved 1048576K
}
Event: 2.074 GC heap before
{Heap before GC invocations=7 (full 0):
 def new generation   total 4928K, used 4810K [0x00000000e0000000, 0x00000000e0550000, 0x00000000eaaa0000)
  eden space 4416K, 100% used [0x00000000e0000000, 0x00000000e0450000, 0x00000000e0450000)
  from space 512K,  77% used [0x00000000e04d0000, 0x00000000e0532948, 0x00000000e0550000)
  to   space 512K,   0% used [0x00000000e0450000, 0x00000000e0450000, 0x00000000e04d0000)
 tenured generation   total 10944K, used 3704K [0x00000000eaaa0000, 0x00000000eb550000, 0x0000000100000000)
   the space 10944K,  33% used [0x00000000eaaa0000, 0x00000000eae3e310, 0x00000000eae3e400, 0x00000000eb550000)
 Metaspace       used 11313K, capacity 11866K, committed 12160K, reserved 1060864K
  class space    used 1394K, capacity 1547K, committed 1664K, reserved 1048576K
Event: 2.076 GC heap after
Heap after GC invocations=8 (full 0):
 def new generation   total 4928K, used 384K [0x00000000e0000000, 0x00000000e0550000, 0x00000000eaaa0000)
  eden space 4416K,   0% used [0x00000000e0000000, 0x00000000e0000000, 0x00000000e0450000)
  from space 512K,  75% used [0x00000000e0450000, 0x00000000e04b00e0, 0x00000000e04d0000)
  to   space 512K,   0% used [0x00000000e04d0000, 0x00000000e04d0000, 0x00000000e0550000)
 tenured generation   total 10944K, used 3849K [0x00000000eaaa0000, 0x00000000eb550000, 0x0000000100000000)
   the space 10944K,  35% used [0x00000000eaaa0000, 0x00000000eae624d0, 0x00000000eae62600, 0x00000000eb550000)
 Metaspace       used 11313K, capacity 11866K, committed 12160K, reserved 1060864K
  class space    used 1394K, capacity 1547K, committed 1664K, reserved 1048576K
}
Event: 2.189 GC heap before
{Heap before GC invocations=8 (full 0):
 def new generation   total 4928K, used 4800K [0x00000000e0000000, 0x00000000e0550000, 0x00000000eaaa0000)
  eden space 4416K, 100% used [0x00000000e0000000, 0x00000000e0450000, 0x00000000e0450000)
  from space 512K,  75% used [0x00000000e0450000, 0x00000000e04b00e0, 0x00000000e04d0000)
  to   space 512K,   0% used [0x00000000e04d0000, 0x00000000e04d0000, 0x00000000e0550000)
 tenured generation   total 10944K, used 3849K [0x00000000eaaa0000, 0x00000000eb550000, 0x0000000100000000)
   the space 10944K,  35% used [0x00000000eaaa0000, 0x00000000eae624d0, 0x00000000eae62600, 0x00000000eb550000)
 Metaspace       used 11756K, capacity 12550K, committed 12800K, reserved 1060864K
  class space    used 1472K, capacity 1669K, committed 1792K, reserved 1048576K
Event: 2.191 GC heap after
Heap after GC invocations=9 (full 0):
 def new generation   total 4928K, used 365K [0x00000000e0000000, 0x00000000e0550000, 0x00000000eaaa0000)
  eden space 4416K,   0% used [0x00000000e0000000, 0x00000000e0000000, 0x00000000e0450000)
  from space 512K,  71% used [0x00000000e04d0000, 0x00000000e052b4b8, 0x00000000e0550000)
  to   space 512K,   0% used [0x00000000e0450000, 0x00000000e0450000, 0x00000000e04d0000)
 tenured generation   total 10944K, used 4013K [0x00000000eaaa0000, 0x00000000eb550000, 0x0000000100000000)
   the space 10944K,  36% used [0x00000000eaaa0000, 0x00000000eae8b638, 0x00000000eae8b800, 0x00000000eb550000)
 Metaspace       used 11756K, capacity 12550K, committed 12800K, reserved 1060864K
  class space    used 1472K, capacity 1669K, committed 1792K, reserved 1048576K
}
Event: 2.289 GC heap before
{Heap before GC invocations=9 (full 0):
 def new generation   total 4928K, used 4781K [0x00000000e0000000, 0x00000000e0550000, 0x00000000eaaa0000)
  eden space 4416K, 100% used [0x00000000e0000000, 0x00000000e0450000, 0x00000000e0450000)
  from space 512K,  71% used [0x00000000e04d0000, 0x00000000e052b4b8, 0x00000000e0550000)
  to   space 512K,   0% used [0x00000000e0450000, 0x00000000e0450000, 0x00000000e04d0000)
 tenured generation   total 10944K, used 4013K [0x00000000eaaa0000, 0x00000000eb550000, 0x0000000100000000)
   the space 10944K,  36% used [0x00000000eaaa0000, 0x00000000eae8b638, 0x00000000eae8b800, 0x00000000eb550000)
 Metaspace       used 12375K, capacity 13354K, committed 13568K, reserved 1060864K
  class space    used 1563K, capacity 1777K, committed 1792K, reserved 1048576K
Event: 2.291 GC heap after
Heap after GC invocations=10 (full 0):
 def new generation   total 4928K, used 426K [0x00000000e0000000, 0x00000000e0550000, 0x00000000eaaa0000)
  eden space 4416K,   0% used [0x00000000e0000000, 0x00000000e0000000, 0x00000000e0450000)
  from space 512K,  83% used [0x00000000e0450000, 0x00000000e04babe8, 0x00000000e04d0000)
  to   space 512K,   0% used [0x00000000e04d0000, 0x00000000e04d0000, 0x00000000e0550000)
 tenured generation   total 10944K, used 4139K [0x00000000eaaa0000, 0x00000000eb550000, 0x0000000100000000)
   the space 10944K,  37% used [0x00000000eaaa0000, 0x00000000eaeaad48, 0x00000000eaeaae00, 0x00000000eb550000)
 Metaspace       used 12375K, capacity 13354K, committed 13568K, reserved 1060864K
  class space    used 1563K, capacity 1777K, committed 1792K, reserved 1048576K
}
Event: 2.352 GC heap before
{Heap before GC invocations=10 (full 0):
 def new generation   total 4928K, used 4842K [0x00000000e0000000, 0x00000000e0550000, 0x00000000eaaa0000)
  eden space 4416K, 100% used [0x00000000e0000000, 0x00000000e0450000, 0x00000000e0450000)
  from space 512K,  83% used [0x00000000e0450000, 0x00000000e04babe8, 0x00000000e04d0000)
  to   space 512K,   0% used [0x00000000e04d0000, 0x00000000e04d0000, 0x00000000e0550000)
 tenured generation   total 10944K, used 4139K [0x00000000eaaa0000, 0x00000000eb550000, 0x0000000100000000)
   the space 10944K,  37% used [0x00000000eaaa0000, 0x00000000eaeaad48, 0x00000000eaeaae00, 0x00000000eb550000)
 Metaspace       used 12637K, capacity 13642K, committed 13952K, reserved 1060864K
  class space    used 1603K, capacity 1809K, committed 1920K, reserved 1048576K
Event: 2.353 GC heap after
Heap after GC invocations=11 (full 0):
 def new generation   total 4928K, used 287K [0x00000000e0000000, 0x00000000e0550000, 0x00000000eaaa0000)
  eden space 4416K,   0% used [0x00000000e0000000, 0x00000000e0000000, 0x00000000e0450000)
  from space 512K,  56% used [0x00000000e04d0000, 0x00000000e0517f20, 0x00000000e0550000)
  to   space 512K,   0% used [0x00000000e0450000, 0x00000000e0450000, 0x00000000e04d0000)
 tenured generation   total 10944K, used 4302K [0x00000000eaaa0000, 0x00000000eb550000, 0x0000000100000000)
   the space 10944K,  39% used [0x00000000eaaa0000, 0x00000000eaed3ba0, 0x00000000eaed3c00, 0x00000000eb550000)
 Metaspace       used 12637K, capacity 13642K, committed 13952K, reserved 1060864K
  class space    used 1603K, capacity 1809K, committed 1920K, reserved 1048576K
}
Event: 2.427 GC heap before
{Heap before GC invocations=11 (full 0):
 def new generation   total 4928K, used 4703K [0x00000000e0000000, 0x00000000e0550000, 0x00000000eaaa0000)
  eden space 4416K, 100% used [0x00000000e0000000, 0x00000000e0450000, 0x00000000e0450000)
  from space 512K,  56% used [0x00000000e04d0000, 0x00000000e0517f20, 0x00000000e0550000)
  to   space 512K,   0% used [0x00000000e0450000, 0x00000000e0450000, 0x00000000e04d0000)
 tenured generation   total 10944K, used 4302K [0x00000000eaaa0000, 0x00000000eb550000, 0x0000000100000000)
   the space 10944K,  39% used [0x00000000eaaa0000, 0x00000000eaed3ba0, 0x00000000eaed3c00, 0x00000000eb550000)
 Metaspace       used 13062K, capacity 13998K, committed 14208K, reserved 1060864K
  class space    used 1655K, capacity 1843K, committed 1920K, reserved 1048576K
Event: 2.428 GC heap after
Heap after GC invocations=12 (full 0):
 def new generation   total 4928K, used 398K [0x00000000e0000000, 0x00000000e0550000, 0x00000000eaaa0000)
  eden space 4416K,   0% used [0x00000000e0000000, 0x00000000e0000000, 0x00000000e0450000)
  from space 512K,  77% used [0x00000000e0450000, 0x00000000e04b3980, 0x00000000e04d0000)
  to   space 512K,   0% used [0x00000000e04d0000, 0x00000000e04d0000, 0x00000000e0550000)
 tenured generation   total 10944K, used 4388K [0x00000000eaaa0000, 0x00000000eb550000, 0x0000000100000000)
   the space 10944K,  40% used [0x00000000eaaa0000, 0x00000000eaee9080, 0x00000000eaee9200, 0x00000000eb550000)
 Metaspace       used 13062K, capacity 13998K, committed 14208K, reserved 1060864K
  class space    used 1655K, capacity 1843K, committed 1920K, reserved 1048576K
}
Event: 2.521 GC heap before
{Heap before GC invocations=12 (full 0):
 def new generation   total 4928K, used 4814K [0x00000000e0000000, 0x00000000e0550000, 0x00000000eaaa0000)
  eden space 4416K,  99% used [0x00000000e0000000, 0x00000000e044ffb0, 0x00000000e0450000)
  from space 512K,  77% used [0x00000000e0450000, 0x00000000e04b3980, 0x00000000e04d0000)
  to   space 512K,   0% used [0x00000000e04d0000, 0x00000000e04d0000, 0x00000000e0550000)
 tenured generation   total 10944K, used 4388K [0x00000000eaaa0000, 0x00000000eb550000, 0x0000000100000000)
   the space 10944K,  40% used [0x00000000eaaa0000, 0x00000000eaee9080, 0x00000000eaee9200, 0x00000000eb550000)
 Metaspace       used 13503K, capacity 14438K, committed 14720K, reserved 1062912K
  class space    used 1706K, capacity 1899K, committed 1920K, reserved 1048576K
Event: 2.523 GC heap after
Heap after GC invocations=13 (full 0):
 def new generation   total 4928K, used 463K [0x00000000e0000000, 0x00000000e0550000, 0x00000000eaaa0000)
  eden space 4416K,   0% used [0x00000000e0000000, 0x00000000e0000000, 0x00000000e0450000)
  from space 512K,  90% used [0x00000000e04d0000, 0x00000000e0543fd0, 0x00000000e0550000)
  to   space 512K,   0% used [0x00000000e0450000, 0x00000000e0450000, 0x00000000e04d0000)
 tenured generation   total 10944K, used 4488K [0x00000000eaaa0000, 0x00000000eb550000, 0x0000000100000000)
   the space 10944K,  41% used [0x00000000eaaa0000, 0x00000000eaf023f0, 0x00000000eaf02400, 0x00000000eb550000)
 Metaspace       used 13503K, capacity 14438K, committed 14720K, reserved 1062912K
  class space    used 1706K, capacity 1899K, committed 1920K, reserved 1048576K
}
Event: 2.610 GC heap before
{Heap before GC invocations=13 (full 0):
 def new generation   total 4928K, used 4879K [0x00000000e0000000, 0x00000000e0550000, 0x00000000eaaa0000)
  eden space 4416K, 100% used [0x00000000e0000000, 0x00000000e0450000, 0x00000000e0450000)
  from space 512K,  90% used [0x00000000e04d0000, 0x00000000e0543fd0, 0x00000000e0550000)
  to   space 512K,   0% used [0x00000000e0450000, 0x00000000e0450000, 0x00000000e04d0000)
 tenured generation   total 10944K, used 4488K [0x00000000eaaa0000, 0x00000000eb550000, 0x0000000100000000)
   the space 10944K,  41% used [0x00000000eaaa0000, 0x00000000eaf023f0, 0x00000000eaf02400, 0x00000000eb550000)
 Metaspace       used 13793K, capacity 14770K, committed 15104K, reserved 1062912K
  class space    used 1747K, capacity 1967K, committed 2048K, reserved 1048576K
Event: 2.612 GC heap after
Heap after GC invocations=14 (full 0):
 def new generation   total 4928K, used 432K [0x00000000e0000000, 0x00000000e0550000, 0x00000000eaaa0000)
  eden space 4416K,   0% used [0x00000000e0000000, 0x00000000e0000000, 0x00000000e0450000)
  from space 512K,  84% used [0x00000000e0450000, 0x00000000e04bc068, 0x00000000e04d0000)
  to   space 512K,   0% used [0x00000000e04d0000, 0x00000000e04d0000, 0x00000000e0550000)
 tenured generation   total 10944K, used 4626K [0x00000000eaaa0000, 0x00000000eb550000, 0x0000000100000000)
   the space 10944K,  42% used [0x00000000eaaa0000, 0x00000000eaf24aa0, 0x00000000eaf24c00, 0x00000000eb550000)
 Metaspace       used 13793K, capacity 14770K, committed 15104K, reserved 1062912K
  class space    used 1747K, capacity 1967K, committed 2048K, reserved 1048576K
}
Event: 2.697 GC heap before
{Heap before GC invocations=14 (full 0):
 def new generation   total 4928K, used 4848K [0x00000000e0000000, 0x00000000e0550000, 0x00000000eaaa0000)
  eden space 4416K, 100% used [0x00000000e0000000, 0x00000000e0450000, 0x00000000e0450000)
  from space 512K,  84% used [0x00000000e0450000, 0x00000000e04bc068, 0x00000000e04d0000)
  to   space 512K,   0% used [0x00000000e04d0000, 0x00000000e04d0000, 0x00000000e0550000)
 tenured generation   total 10944K, used 4626K [0x00000000eaaa0000, 0x00000000eb550000, 0x0000000100000000)
   the space 10944K,  42% used [0x00000000eaaa0000, 0x00000000eaf24aa0, 0x00000000eaf24c00, 0x00000000eb550000)
 Metaspace       used 14177K, capacity 15170K, committed 15488K, reserved 1062912K
  class space    used 1801K, capacity 2049K, committed 2176K, reserved 1048576K
Event: 2.699 GC heap after
Heap after GC invocations=15 (full 0):
 def new generation   total 4928K, used 368K [0x00000000e0000000, 0x00000000e0550000, 0x00000000eaaa0000)
  eden space 4416K,   0% used [0x00000000e0000000, 0x00000000e0000000, 0x00000000e0450000)
  from space 512K,  71% used [0x00000000e04d0000, 0x00000000e052c248, 0x00000000e0550000)
  to   space 512K,   0% used [0x00000000e0450000, 0x00000000e0450000, 0x00000000e04d0000)
 tenured generation   total 10944K, used 4798K [0x00000000eaaa0000, 0x00000000eb550000, 0x0000000100000000)
   the space 10944K,  43% used [0x00000000eaaa0000, 0x00000000eaf4f840, 0x00000000eaf4fa00, 0x00000000eb550000)
 Metaspace       used 14177K, capacity 15170K, committed 15488K, reserved 1062912K
  class space    used 1801K, capacity 2049K, committed 2176K, reserved 1048576K
}
Event: 2.789 GC heap before
{Heap before GC invocations=15 (full 0):
 def new generation   total 4928K, used 4784K [0x00000000e0000000, 0x00000000e0550000, 0x00000000eaaa0000)
  eden space 4416K, 100% used [0x00000000e0000000, 0x00000000e0450000, 0x00000000e0450000)
  from space 512K,  71% used [0x00000000e04d0000, 0x00000000e052c248, 0x00000000e0550000)
  to   space 512K,   0% used [0x00000000e0450000, 0x00000000e0450000, 0x00000000e04d0000)
 tenured generation   total 10944K, used 4798K [0x00000000eaaa0000, 0x00000000eb550000, 0x0000000100000000)
   the space 10944K,  43% used [0x00000000eaaa0000, 0x00000000eaf4f840, 0x00000000eaf4fa00, 0x00000000eb550000)
 Metaspace       used 14710K, capacity 15764K, committed 16000K, reserved 1062912K
  class space    used 1857K, capacity 2092K, committed 2176K, reserved 1048576K
Event: 2.791 GC heap after
Heap after GC invocations=16 (full 0):
 def new generation   total 4928K, used 414K [0x00000000e0000000, 0x00000000e0550000, 0x00000000eaaa0000)
  eden space 4416K,   0% used [0x00000000e0000000, 0x00000000e0000000, 0x00000000e0450000)
  from space 512K,  80% used [0x00000000e0450000, 0x00000000e04b7a68, 0x00000000e04d0000)
  to   space 512K,   0% used [0x00000000e04d0000, 0x00000000e04d0000, 0x00000000e0550000)
 tenured generation   total 10944K, used 4892K [0x00000000eaaa0000, 0x00000000eb550000, 0x0000000100000000)
   the space 10944K,  44% used [0x00000000eaaa0000, 0x00000000eaf67398, 0x00000000eaf67400, 0x00000000eb550000)
 Metaspace       used 14710K, capacity 15764K, committed 16000K, reserved 1062912K
  class space    used 1857K, capacity 2092K, committed 2176K, reserved 1048576K
}
Event: 2.880 GC heap before
{Heap before GC invocations=16 (full 0):
 def new generation   total 4928K, used 4830K [0x00000000e0000000, 0x00000000e0550000, 0x00000000eaaa0000)
  eden space 4416K,  99% used [0x00000000e0000000, 0x00000000e044ff28, 0x00000000e0450000)
  from space 512K,  80% used [0x00000000e0450000, 0x00000000e04b7a68, 0x00000000e04d0000)
  to   space 512K,   0% used [0x00000000e04d0000, 0x00000000e04d0000, 0x00000000e0550000)
 tenured generation   total 10944K, used 4892K [0x00000000eaaa0000, 0x00000000eb550000, 0x0000000100000000)
   the space 10944K,  44% used [0x00000000eaaa0000, 0x00000000eaf67398, 0x00000000eaf67400, 0x00000000eb550000)
 Metaspace       used 15233K, capacity 16316K, committed 16512K, reserved 1062912K
  class space    used 1914K, capacity 2166K, committed 2176K, reserved 1048576K
Event: 2.881 GC heap after
Heap after GC invocations=17 (full 0):
 def new generation   total 4928K, used 447K [0x00000000e0000000, 0x00000000e0550000, 0x00000000eaaa0000)
  eden space 4416K,   0% used [0x00000000e0000000, 0x00000000e0000000, 0x00000000e0450000)
  from space 512K,  87% used [0x00000000e04d0000, 0x00000000e053fd90, 0x00000000e0550000)
  to   space 512K,   0% used [0x00000000e0450000, 0x00000000e0450000, 0x00000000e04d0000)
 tenured generation   total 10944K, used 5023K [0x00000000eaaa0000, 0x00000000eb550000, 0x0000000100000000)
   the space 10944K,  45% used [0x00000000eaaa0000, 0x00000000eaf87c78, 0x00000000eaf87e00, 0x00000000eb550000)
 Metaspace       used 15233K, capacity 16316K, committed 16512K, reserved 1062912K
  class space    used 1914K, capacity 2166K, committed 2176K, reserved 1048576K
}
Event: 2.941 GC heap before
{Heap before GC invocations=17 (full 0):
 def new generation   total 4928K, used 4863K [0x00000000e0000000, 0x00000000e0550000, 0x00000000eaaa0000)
  eden space 4416K, 100% used [0x00000000e0000000, 0x00000000e0450000, 0x00000000e0450000)
  from space 512K,  87% used [0x00000000e04d0000, 0x00000000e053fd90, 0x00000000e0550000)
  to   space 512K,   0% used [0x00000000e0450000, 0x00000000e0450000, 0x00000000e04d0000)
 tenured generation   total 10944K, used 5023K [0x00000000eaaa0000, 0x00000000eb550000, 0x0000000100000000)
   the space 10944K,  45% used [0x00000000eaaa0000, 0x00000000eaf87c78, 0x00000000eaf87e00, 0x00000000eb550000)
 Metaspace       used 15568K, capacity 16670K, committed 16896K, reserved 1064960K
  class space    used 1960K, capacity 2199K, committed 2304K, reserved 1048576K
Event: 2.943 GC heap after
Heap after GC invocations=18 (full 0):
 def new generation   total 4928K, used 377K [0x00000000e0000000, 0x00000000e0550000, 0x00000000eaaa0000)
  eden space 4416K,   0% used [0x00000000e0000000, 0x00000000e0000000, 0x00000000e0450000)
  from space 512K,  73% used [0x00000000e0450000, 0x00000000e04ae4a0, 0x00000000e04d0000)
  to   space 512K,   0% used [0x00000000e04d0000, 0x00000000e04d0000, 0x00000000e0550000)
 tenured generation   total 10944K, used 5137K [0x00000000eaaa0000, 0x00000000eb550000, 0x0000000100000000)
   the space 10944K,  46% used [0x00000000eaaa0000, 0x00000000eafa44e0, 0x00000000eafa4600, 0x00000000eb550000)
 Metaspace       used 15568K, capacity 16670K, committed 16896K, reserved 1064960K
  class space    used 1960K, capacity 2199K, committed 2304K, reserved 1048576K
}
Event: 3.051 GC heap before
{Heap before GC invocations=18 (full 0):
 def new generation   total 4928K, used 4793K [0x00000000e0000000, 0x00000000e0550000, 0x00000000eaaa0000)
  eden space 4416K, 100% used [0x00000000e0000000, 0x00000000e0450000, 0x00000000e0450000)
  from space 512K,  73% used [0x00000000e0450000, 0x00000000e04ae4a0, 0x00000000e04d0000)
  to   space 512K,   0% used [0x00000000e04d0000, 0x00000000e04d0000, 0x00000000e0550000)
 tenured generation   total 10944K, used 5137K [0x00000000eaaa0000, 0x00000000eb550000, 0x0000000100000000)
   the space 10944K,  46% used [0x00000000eaaa0000, 0x00000000eafa44e0, 0x00000000eafa4600, 0x00000000eb550000)
 Metaspace       used 16389K, capacity 17474K, committed 17664K, reserved 1064960K
  class space    used 2046K, capacity 2271K, committed 2304K, reserved 1048576K
Event: 3.053 GC heap after
Heap after GC invocations=19 (full 0):
 def new generation   total 4928K, used 359K [0x00000000e0000000, 0x00000000e0550000, 0x00000000eaaa0000)
  eden space 4416K,   0% used [0x00000000e0000000, 0x00000000e0000000, 0x00000000e0450000)
  from space 512K,  70% used [0x00000000e04d0000, 0x00000000e0529d78, 0x00000000e0550000)
  to   space 512K,   0% used [0x00000000e0450000, 0x00000000e0450000, 0x00000000e04d0000)
 tenured generation   total 10944K, used 5254K [0x00000000eaaa0000, 0x00000000eb550000, 0x0000000100000000)
   the space 10944K,  48% used [0x00000000eaaa0000, 0x00000000eafc1850, 0x00000000eafc1a00, 0x00000000eb550000)
 Metaspace       used 16389K, capacity 17474K, committed 17664K, reserved 1064960K
  class space    used 2046K, capacity 2271K, committed 2304K, reserved 1048576K
}
Event: 3.106 GC heap before
{Heap before GC invocations=19 (full 0):
 def new generation   total 4928K, used 4775K [0x00000000e0000000, 0x00000000e0550000, 0x00000000eaaa0000)
  eden space 4416K, 100% used [0x00000000e0000000, 0x00000000e0450000, 0x00000000e0450000)
  from space 512K,  70% used [0x00000000e04d0000, 0x00000000e0529d78, 0x00000000e0550000)
  to   space 512K,   0% used [0x00000000e0450000, 0x00000000e0450000, 0x00000000e04d0000)
 tenured generation   total 10944K, used 5254K [0x00000000eaaa0000, 0x00000000eb550000, 0x0000000100000000)
   the space 10944K,  48% used [0x00000000eaaa0000, 0x00000000eafc1850, 0x00000000eafc1a00, 0x00000000eb550000)
 Metaspace       used 16646K, capacity 17808K, committed 18048K, reserved 1064960K
  class space    used 2083K, capacity 2312K, committed 2432K, reserved 1048576K
Event: 3.108 GC heap after
Heap after GC invocations=20 (full 0):
 def new generation   total 4928K, used 322K [0x00000000e0000000, 0x00000000e0550000, 0x00000000eaaa0000)
  eden space 4416K,   0% used [0x00000000e0000000, 0x00000000e0000000, 0x00000000e0450000)
  from space 512K,  63% used [0x00000000e0450000, 0x00000000e04a0ab8, 0x00000000e04d0000)
  to   space 512K,   0% used [0x00000000e04d0000, 0x00000000e04d0000, 0x00000000e0550000)
 tenured generation   total 10944K, used 5415K [0x00000000eaaa0000, 0x00000000eb550000, 0x0000000100000000)
   the space 10944K,  49% used [0x00000000eaaa0000, 0x00000000eafe9eb0, 0x00000000eafea000, 0x00000000eb550000)
 Metaspace       used 16646K, capacity 17808K, committed 18048K, reserved 1064960K
  class space    used 2083K, capacity 2312K, committed 2432K, reserved 1048576K
}
Event: 3.165 GC heap before
{Heap before GC invocations=20 (full 0):
 def new generation   total 4928K, used 4738K [0x00000000e0000000, 0x00000000e0550000, 0x00000000eaaa0000)
  eden space 4416K, 100% used [0x00000000e0000000, 0x00000000e0450000, 0x00000000e0450000)
  from space 512K,  63% used [0x00000000e0450000, 0x00000000e04a0ab8, 0x00000000e04d0000)
  to   space 512K,   0% used [0x00000000e04d0000, 0x00000000e04d0000, 0x00000000e0550000)
 tenured generation   total 10944K, used 5415K [0x00000000eaaa0000, 0x00000000eb550000, 0x0000000100000000)
   the space 10944K,  49% used [0x00000000eaaa0000, 0x00000000eafe9eb0, 0x00000000eafea000, 0x00000000eb550000)
 Metaspace       used 16909K, capacity 18032K, committed 18304K, reserved 1064960K
  class space    used 2118K, capacity 2344K, committed 2432K, reserved 1048576K
Event: 3.167 GC heap after
Heap after GC invocations=21 (full 0):
 def new generation   total 4928K, used 321K [0x00000000e0000000, 0x00000000e0550000, 0x00000000eaaa0000)
  eden space 4416K,   0% used [0x00000000e0000000, 0x00000000e0000000, 0x00000000e0450000)
  from space 512K,  62% used [0x00000000e04d0000, 0x00000000e05204f8, 0x00000000e0550000)
  to   space 512K,   0% used [0x00000000e0450000, 0x00000000e0450000, 0x00000000e04d0000)
 tenured generation   total 10944K, used 5533K [0x00000000eaaa0000, 0x00000000eb550000, 0x0000000100000000)
   the space 10944K,  50% used [0x00000000eaaa0000, 0x00000000eb007568, 0x00000000eb007600, 0x00000000eb550000)
 Metaspace       used 16909K, capacity 18032K, committed 18304K, reserved 1064960K
  class space    used 2118K, capacity 2344K, committed 2432K, reserved 1048576K
}
Event: 3.262 GC heap before
{Heap before GC invocations=21 (full 0):
 def new generation   total 4928K, used 4737K [0x00000000e0000000, 0x00000000e0550000, 0x00000000eaaa0000)
  eden space 4416K, 100% used [0x00000000e0000000, 0x00000000e0450000, 0x00000000e0450000)
  from space 512K,  62% used [0x00000000e04d0000, 0x00000000e05204f8, 0x00000000e0550000)
  to   space 512K,   0% used [0x00000000e0450000, 0x00000000e0450000, 0x00000000e04d0000)
 tenured generation   total 10944K, used 5533K [0x00000000eaaa0000, 0x00000000eb550000, 0x0000000100000000)
   the space 10944K,  50% used [0x00000000eaaa0000, 0x00000000eb007568, 0x00000000eb007600, 0x00000000eb550000)
 Metaspace       used 17221K, capacity 18342K, committed 18560K, reserved 1064960K
  class space    used 2174K, capacity 2399K, committed 2432K, reserved 1048576K
Event: 3.264 GC heap after
Heap after GC invocations=22 (full 0):
 def new generation   total 4928K, used 351K [0x00000000e0000000, 0x00000000e0550000, 0x00000000eaaa0000)
  eden space 4416K,   0% used [0x00000000e0000000, 0x00000000e0000000, 0x00000000e0450000)
  from space 512K,  68% used [0x00000000e0450000, 0x00000000e04a7dc0, 0x00000000e04d0000)
  to   space 512K,   0% used [0x00000000e04d0000, 0x00000000e04d0000, 0x00000000e0550000)
 tenured generation   total 10944K, used 5644K [0x00000000eaaa0000, 0x00000000eb550000, 0x0000000100000000)
   the space 10944K,  51% used [0x00000000eaaa0000, 0x00000000eb0233d8, 0x00000000eb023400, 0x00000000eb550000)
 Metaspace       used 17221K, capacity 18342K, committed 18560K, reserved 1064960K
  class space    used 2174K, capacity 2399K, committed 2432K, reserved 1048576K
}
Event: 3.362 GC heap before
{Heap before GC invocations=22 (full 0):
 def new generation   total 4928K, used 4767K [0x00000000e0000000, 0x00000000e0550000, 0x00000000eaaa0000)
  eden space 4416K, 100% used [0x00000000e0000000, 0x00000000e0450000, 0x00000000e0450000)
  from space 512K,  68% used [0x00000000e0450000, 0x00000000e04a7dc0, 0x00000000e04d0000)
  to   space 512K,   0% used [0x00000000e04d0000, 0x00000000e04d0000, 0x00000000e0550000)
 tenured generation   total 10944K, used 5644K [0x00000000eaaa0000, 0x00000000eb550000, 0x0000000100000000)
   the space 10944K,  51% used [0x00000000eaaa0000, 0x00000000eb0233d8, 0x00000000eb023400, 0x00000000eb550000)
 Metaspace       used 17554K, capacity 18748K, committed 18944K, reserved 1064960K
  class space    used 2218K, capacity 2468K, committed 2560K, reserved 1048576K
Event: 3.366 GC heap after
Heap after GC invocations=23 (full 0):
 def new generation   total 4928K, used 379K [0x00000000e0000000, 0x00000000e0550000, 0x00000000eaaa0000)
  eden space 4416K,   0% used [0x00000000e0000000, 0x00000000e0000000, 0x00000000e0450000)
  from space 512K,  74% used [0x00000000e04d0000, 0x00000000e052ec30, 0x00000000e0550000)
  to   space 512K,   0% used [0x00000000e0450000, 0x00000000e0450000, 0x00000000e04d0000)
 tenured generation   total 10944K, used 5742K [0x00000000eaaa0000, 0x00000000eb550000, 0x0000000100000000)
   the space 10944K,  52% used [0x00000000eaaa0000, 0x00000000eb03b980, 0x00000000eb03ba00, 0x00000000eb550000)
 Metaspace       used 17554K, capacity 18748K, committed 18944K, reserved 1064960K
  class space    used 2218K, capacity 2468K, committed 2560K, reserved 1048576K
}
Event: 3.490 GC heap before
{Heap before GC invocations=23 (full 0):
 def new generation   total 4928K, used 4795K [0x00000000e0000000, 0x00000000e0550000, 0x00000000eaaa0000)
  eden space 4416K, 100% used [0x00000000e0000000, 0x00000000e0450000, 0x00000000e0450000)
  from space 512K,  74% used [0x00000000e04d0000, 0x00000000e052ec30, 0x00000000e0550000)
  to   space 512K,   0% used [0x00000000e0450000, 0x00000000e0450000, 0x00000000e04d0000)
 tenured generation   total 10944K, used 5742K [0x00000000eaaa0000, 0x00000000eb550000, 0x0000000100000000)
   the space 10944K,  52% used [0x00000000eaaa0000, 0x00000000eb03b980, 0x00000000eb03ba00, 0x00000000eb550000)
 Metaspace       used 17997K, capacity 19250K, committed 19456K, reserved 1067008K
  class space    used 2285K, capacity 2557K, committed 2560K, reserved 1048576K
Event: 3.493 GC heap after
Heap after GC invocations=24 (full 0):
 def new generation   total 4928K, used 489K [0x00000000e0000000, 0x00000000e0550000, 0x00000000eaaa0000)
  eden space 4416K,   0% used [0x00000000e0000000, 0x00000000e0000000, 0x00000000e0450000)
  from space 512K,  95% used [0x00000000e0450000, 0x00000000e04ca760, 0x00000000e04d0000)
  to   space 512K,   0% used [0x00000000e04d0000, 0x00000000e04d0000, 0x00000000e0550000)
 tenured generation   total 10944K, used 5830K [0x00000000eaaa0000, 0x00000000eb550000, 0x0000000100000000)
   the space 10944K,  53% used [0x00000000eaaa0000, 0x00000000eb051ad8, 0x00000000eb051c00, 0x00000000eb550000)
 Metaspace       used 17997K, capacity 19250K, committed 19456K, reserved 1067008K
  class space    used 2285K, capacity 2557K, committed 2560K, reserved 1048576K
}
Event: 3.647 GC heap before
{Heap before GC invocations=24 (full 0):
 def new generation   total 4928K, used 4905K [0x00000000e0000000, 0x00000000e0550000, 0x00000000eaaa0000)
  eden space 4416K, 100% used [0x00000000e0000000, 0x00000000e0450000, 0x00000000e0450000)
  from space 512K,  95% used [0x00000000e0450000, 0x00000000e04ca760, 0x00000000e04d0000)
  to   space 512K,   0% used [0x00000000e04d0000, 0x00000000e04d0000, 0x00000000e0550000)
 tenured generation   total 10944K, used 5830K [0x00000000eaaa0000, 0x00000000eb550000, 0x0000000100000000)
   the space 10944K,  53% used [0x00000000eaaa0000, 0x00000000eb051ad8, 0x00000000eb051c00, 0x00000000eb550000)
 Metaspace       used 18305K, capacity 19696K, committed 19840K, reserved 1067008K
  class space    used 2339K, capacity 2620K, committed 2688K, reserved 1048576K
Event: 3.653 GC heap after
Heap after GC invocations=25 (full 0):
 def new generation   total 4928K, used 380K [0x00000000e0000000, 0x00000000e0550000, 0x00000000eaaa0000)
  eden space 4416K,   0% used [0x00000000e0000000, 0x00000000e0000000, 0x00000000e0450000)
  from space 512K,  74% used [0x00000000e04d0000, 0x00000000e052f320, 0x00000000e0550000)
  to   space 512K,   0% used [0x00000000e0450000, 0x00000000e0450000, 0x00000000e04d0000)
 tenured generation   total 10944K, used 6051K [0x00000000eaaa0000, 0x00000000eb550000, 0x0000000100000000)
   the space 10944K,  55% used [0x00000000eaaa0000, 0x00000000eb088e08, 0x00000000eb089000, 0x00000000eb550000)
 Metaspace       used 18305K, capacity 19696K, committed 19840K, reserved 1067008K
  class space    used 2339K, capacity 2620K, committed 2688K, reserved 1048576K
}
Event: 3.699 GC heap before
{Heap before GC invocations=25 (full 0):
 def new generation   total 4928K, used 4796K [0x00000000e0000000, 0x00000000e0550000, 0x00000000eaaa0000)
  eden space 4416K, 100% used [0x00000000e0000000, 0x00000000e0450000, 0x00000000e0450000)
  from space 512K,  74% used [0x00000000e04d0000, 0x00000000e052f320, 0x00000000e0550000)
  to   space 512K,   0% used [0x00000000e0450000, 0x00000000e0450000, 0x00000000e04d0000)
 tenured generation   total 10944K, used 6051K [0x00000000eaaa0000, 0x00000000eb550000, 0x0000000100000000)
   the space 10944K,  55% used [0x00000000eaaa0000, 0x00000000eb088e08, 0x00000000eb089000, 0x00000000eb550000)
 Metaspace       used 18641K, capacity 19990K, committed 20096K, reserved 1067008K
  class space    used 2388K, capacity 2653K, committed 2688K, reserved 1048576K
Event: 3.701 GC heap after
Heap after GC invocations=26 (full 0):
 def new generation   total 4928K, used 340K [0x00000000e0000000, 0x00000000e0550000, 0x00000000eaaa0000)
  eden space 4416K,   0% used [0x00000000e0000000, 0x00000000e0000000, 0x00000000e0450000)
  from space 512K,  66% used [0x00000000e0450000, 0x00000000e04a5260, 0x00000000e04d0000)
  to   space 512K,   0% used [0x00000000e04d0000, 0x00000000e04d0000, 0x00000000e0550000)
 tenured generation   total 10944K, used 6186K [0x00000000eaaa0000, 0x00000000eb550000, 0x0000000100000000)
   the space 10944K,  56% used [0x00000000eaaa0000, 0x00000000eb0aab18, 0x00000000eb0aac00, 0x00000000eb550000)
 Metaspace       used 18641K, capacity 19990K, committed 20096K, reserved 1067008K
  class space    used 2388K, capacity 2653K, committed 2688K, reserved 1048576K
}
Event: 3.863 GC heap before
{Heap before GC invocations=26 (full 0):
 def new generation   total 4928K, used 4756K [0x00000000e0000000, 0x00000000e0550000, 0x00000000eaaa0000)
  eden space 4416K, 100% used [0x00000000e0000000, 0x00000000e0450000, 0x00000000e0450000)
  from space 512K,  66% used [0x00000000e0450000, 0x00000000e04a5260, 0x00000000e04d0000)
  to   space 512K,   0% used [0x00000000e04d0000, 0x00000000e04d0000, 0x00000000e0550000)
 tenured generation   total 10944K, used 6186K [0x00000000eaaa0000, 0x00000000eb550000, 0x0000000100000000)
   the space 10944K,  56% used [0x00000000eaaa0000, 0x00000000eb0aab18, 0x00000000eb0aac00, 0x00000000eb550000)
 Metaspace       used 19019K, capacity 20382K, committed 20480K, reserved 1067008K
  class space    used 2443K, capacity 2719K, committed 2816K, reserved 1048576K
Event: 3.866 GC heap after
Heap after GC invocations=27 (full 0):
 def new generation   total 4928K, used 339K [0x00000000e0000000, 0x00000000e0550000, 0x00000000eaaa0000)
  eden space 4416K,   0% used [0x00000000e0000000, 0x00000000e0000000, 0x00000000e0450000)
  from space 512K,  66% used [0x00000000e04d0000, 0x00000000e0524f28, 0x00000000e0550000)
  to   space 512K,   0% used [0x00000000e0450000, 0x00000000e0450000, 0x00000000e04d0000)
 tenured generation   total 10944K, used 6251K [0x00000000eaaa0000, 0x00000000eb550000, 0x0000000100000000)
   the space 10944K,  57% used [0x00000000eaaa0000, 0x00000000eb0bae98, 0x00000000eb0bb000, 0x00000000eb550000)
 Metaspace       used 19019K, capacity 20382K, committed 20480K, reserved 1067008K
  class space    used 2443K, capacity 2719K, committed 2816K, reserved 1048576K
}
Event: 4.015 GC heap before
{Heap before GC invocations=27 (full 0):
 def new generation   total 4928K, used 4755K [0x00000000e0000000, 0x00000000e0550000, 0x00000000eaaa0000)
  eden space 4416K, 100% used [0x00000000e0000000, 0x00000000e0450000, 0x00000000e0450000)
  from space 512K,  66% used [0x00000000e04d0000, 0x00000000e0524f28, 0x00000000e0550000)
  to   space 512K,   0% used [0x00000000e0450000, 0x00000000e0450000, 0x00000000e04d0000)
 tenured generation   total 10944K, used 6251K [0x00000000eaaa0000, 0x00000000eb550000, 0x0000000100000000)
   the space 10944K,  57% used [0x00000000eaaa0000, 0x00000000eb0bae98, 0x00000000eb0bb000, 0x00000000eb550000)
 Metaspace       used 19382K, capacity 20810K, committed 20992K, reserved 1067008K
  class space    used 2504K, capacity 2785K, committed 2816K, reserved 1048576K
Event: 4.017 GC heap after
Heap after GC invocations=28 (full 0):
 def new generation   total 4928K, used 396K [0x00000000e0000000, 0x00000000e0550000, 0x00000000eaaa0000)
  eden space 4416K,   0% used [0x00000000e0000000, 0x00000000e0000000, 0x00000000e0450000)
  from space 512K,  77% used [0x00000000e0450000, 0x00000000e04b3090, 0x00000000e04d0000)
  to   space 512K,   0% used [0x00000000e04d0000, 0x00000000e04d0000, 0x00000000e0550000)
 tenured generation   total 10944K, used 6334K [0x00000000eaaa0000, 0x00000000eb550000, 0x0000000100000000)
   the space 10944K,  57% used [0x00000000eaaa0000, 0x00000000eb0cfb78, 0x00000000eb0cfc00, 0x00000000eb550000)
 Metaspace       used 19382K, capacity 20810K, committed 20992K, reserved 1067008K
  class space    used 2504K, capacity 2785K, committed 2816K, reserved 1048576K
}
Event: 4.354 GC heap before
{Heap before GC invocations=28 (full 0):
 def new generation   total 4928K, used 4649K [0x00000000e0000000, 0x00000000e0550000, 0x00000000eaaa0000)
  eden space 4416K,  96% used [0x00000000e0000000, 0x00000000e0427428, 0x00000000e0450000)
  from space 512K,  77% used [0x00000000e0450000, 0x00000000e04b3090, 0x00000000e04d0000)
  to   space 512K,   0% used [0x00000000e04d0000, 0x00000000e04d0000, 0x00000000e0550000)
 tenured generation   total 10944K, used 6334K [0x00000000eaaa0000, 0x00000000eb550000, 0x0000000100000000)
   the space 10944K,  57% used [0x00000000eaaa0000, 0x00000000eb0cfb78, 0x00000000eb0cfc00, 0x00000000eb550000)
 Metaspace       used 19674K, capacity 21164K, committed 21296K, reserved 1067008K
  class space    used 2546K, capacity 2856K, committed 2944K, reserved 1048576K
Event: 4.376 GC heap after
Heap after GC invocations=29 (full 1):
 def new generation   total 4992K, used 0K [0x00000000e0000000, 0x00000000e0560000, 0x00000000eaaa0000)
  eden space 4480K,   0% used [0x00000000e0000000, 0x00000000e0000000, 0x00000000e0460000)
  from space 512K,   0% used [0x00000000e0460000, 0x00000000e0460000, 0x00000000e04e0000)
  to   space 512K,   0% used [0x00000000e04e0000, 0x00000000e04e0000, 0x00000000e0560000)
 tenured generation   total 10944K, used 6315K [0x00000000eaaa0000, 0x00000000eb550000, 0x0000000100000000)
   the space 10944K,  57% used [0x00000000eaaa0000, 0x00000000eb0cae88, 0x00000000eb0cb000, 0x00000000eb550000)
 Metaspace       used 19674K, capacity 21164K, committed 21296K, reserved 1067008K
  class space    used 2546K, capacity 2856K, committed 2944K, reserved 1048576K
}
Event: 4.467 GC heap before
{Heap before GC invocations=29 (full 1):
 def new generation   total 4992K, used 4480K [0x00000000e0000000, 0x00000000e0560000, 0x00000000eaaa0000)
  eden space 4480K, 100% used [0x00000000e0000000, 0x00000000e0460000, 0x00000000e0460000)
  from space 512K,   0% used [0x00000000e0460000, 0x00000000e0460000, 0x00000000e04e0000)
  to   space 512K,   0% used [0x00000000e04e0000, 0x00000000e04e0000, 0x00000000e0560000)
 tenured generation   total 10944K, used 6315K [0x00000000eaaa0000, 0x00000000eb550000, 0x0000000100000000)
   the space 10944K,  57% used [0x00000000eaaa0000, 0x00000000eb0cae88, 0x00000000eb0cb000, 0x00000000eb550000)
 Metaspace       used 19844K, capacity 21394K, committed 21632K, reserved 1069056K
  class space    used 2607K, capacity 2903K, committed 2944K, reserved 1048576K
Event: 4.470 GC heap after
Heap after GC invocations=30 (full 1):
 def new generation   total 4992K, used 267K [0x00000000e0000000, 0x00000000e0560000, 0x00000000eaaa0000)
  eden space 4480K,   0% used [0x00000000e0000000, 0x00000000e0000000, 0x00000000e0460000)
  from space 512K,  52% used [0x00000000e04e0000, 0x00000000e0522fd8, 0x00000000e0560000)
  to   space 512K,   0% used [0x00000000e0460000, 0x00000000e0460000, 0x00000000e04e0000)
 tenured generation   total 10944K, used 6315K [0x00000000eaaa0000, 0x00000000eb550000, 0x0000000100000000)
   the space 10944K,  57% used [0x00000000eaaa0000, 0x00000000eb0cae88, 0x00000000eb0cb000, 0x00000000eb550000)
 Metaspace       used 19844K, capacity 21394K, committed 21632K, reserved 1069056K
  class space    used 2607K, capacity 2903K, committed 2944K, reserved 1048576K
}
Event: 4.592 GC heap before
{Heap before GC invocations=30 (full 1):
 def new generation   total 4992K, used 4747K [0x00000000e0000000, 0x00000000e0560000, 0x00000000eaaa0000)
  eden space 4480K, 100% used [0x00000000e0000000, 0x00000000e0460000, 0x00000000e0460000)
  from space 512K,  52% used [0x00000000e04e0000, 0x00000000e0522fd8, 0x00000000e0560000)
  to   space 512K,   0% used [0x00000000e0460000, 0x00000000e0460000, 0x00000000e04e0000)
 tenured generation   total 10944K, used 6315K [0x00000000eaaa0000, 0x00000000eb550000, 0x0000000100000000)
   the space 10944K,  57% used [0x00000000eaaa0000, 0x00000000eb0cae88, 0x00000000eb0cb000, 0x00000000eb550000)
 Metaspace       used 20278K, capacity 21842K, committed 22016K, reserved 1069056K
  class space    used 2666K, capacity 2967K, committed 3072K, reserved 1048576K
Event: 4.595 GC heap after
Heap after GC invocations=31 (full 1):
 def new generation   total 4992K, used 490K [0x00000000e0000000, 0x00000000e0560000, 0x00000000eaaa0000)
  eden space 4480K,   0% used [0x00000000e0000000, 0x00000000e0000000, 0x00000000e0460000)
  from space 512K,  95% used [0x00000000e0460000, 0x00000000e04daa50, 0x00000000e04e0000)
  to   space 512K,   0% used [0x00000000e04e0000, 0x00000000e04e0000, 0x00000000e0560000)
 tenured generation   total 10944K, used 6433K [0x00000000eaaa0000, 0x00000000eb550000, 0x0000000100000000)
   the space 10944K,  58% used [0x00000000eaaa0000, 0x00000000eb0e86f8, 0x00000000eb0e8800, 0x00000000eb550000)
 Metaspace       used 20278K, capacity 21842K, committed 22016K, reserved 1069056K
  class space    used 2666K, capacity 2967K, committed 3072K, reserved 1048576K
}
Event: 4.663 GC heap before
{Heap before GC invocations=31 (full 1):
 def new generation   total 4992K, used 4970K [0x00000000e0000000, 0x00000000e0560000, 0x00000000eaaa0000)
  eden space 4480K, 100% used [0x00000000e0000000, 0x00000000e0460000, 0x00000000e0460000)
  from space 512K,  95% used [0x00000000e0460000, 0x00000000e04daa50, 0x00000000e04e0000)
  to   space 512K,   0% used [0x00000000e04e0000, 0x00000000e04e0000, 0x00000000e0560000)
 tenured generation   total 10944K, used 6433K [0x00000000eaaa0000, 0x00000000eb550000, 0x0000000100000000)
   the space 10944K,  58% used [0x00000000eaaa0000, 0x00000000eb0e86f8, 0x00000000eb0e8800, 0x00000000eb550000)
 Metaspace       used 20637K, capacity 22198K, committed 22272K, reserved 1069056K
  class space    used 2711K, capacity 3015K, committed 3072K, reserved 1048576K
Event: 4.665 GC heap after
Heap after GC invocations=32 (full 1):
 def new generation   total 4992K, used 456K [0x00000000e0000000, 0x00000000e0560000, 0x00000000eaaa0000)
  eden space 4480K,   0% used [0x00000000e0000000, 0x00000000e0000000, 0x00000000e0460000)
  from space 512K,  89% used [0x00000000e04e0000, 0x00000000e0552250, 0x00000000e0560000)
  to   space 512K,   0% used [0x00000000e0460000, 0x00000000e0460000, 0x00000000e04e0000)
 tenured generation   total 10944K, used 6527K [0x00000000eaaa0000, 0x00000000eb550000, 0x0000000100000000)
   the space 10944K,  59% used [0x00000000eaaa0000, 0x00000000eb0ffc30, 0x00000000eb0ffe00, 0x00000000eb550000)
 Metaspace       used 20637K, capacity 22198K, committed 22272K, reserved 1069056K
  class space    used 2711K, capacity 3015K, committed 3072K, reserved 1048576K
}
Event: 4.735 GC heap before
{Heap before GC invocations=32 (full 1):
 def new generation   total 4992K, used 4936K [0x00000000e0000000, 0x00000000e0560000, 0x00000000eaaa0000)
  eden space 4480K, 100% used [0x00000000e0000000, 0x00000000e0460000, 0x00000000e0460000)
  from space 512K,  89% used [0x00000000e04e0000, 0x00000000e0552250, 0x00000000e0560000)
  to   space 512K,   0% used [0x00000000e0460000, 0x00000000e0460000, 0x00000000e04e0000)
 tenured generation   total 10944K, used 6527K [0x00000000eaaa0000, 0x00000000eb550000, 0x0000000100000000)
   the space 10944K,  59% used [0x00000000eaaa0000, 0x00000000eb0ffc30, 0x00000000eb0ffe00, 0x00000000eb550000)
 Metaspace       used 20944K, capacity 22450K, committed 22528K, reserved 1069056K
  class space    used 2766K, capacity 3057K, committed 3072K, reserved 1048576K
Event: 4.737 GC heap after
Heap after GC invocations=33 (full 1):
 def new generation   total 4992K, used 333K [0x00000000e0000000, 0x00000000e0560000, 0x00000000eaaa0000)
  eden space 4480K,   0% used [0x00000000e0000000, 0x00000000e0000000, 0x00000000e0460000)
  from space 512K,  65% used [0x00000000e0460000, 0x00000000e04b3550, 0x00000000e04e0000)
  to   space 512K,   0% used [0x00000000e04e0000, 0x00000000e04e0000, 0x00000000e0560000)
 tenured generation   total 10944K, used 6653K [0x00000000eaaa0000, 0x00000000eb550000, 0x0000000100000000)
   the space 10944K,  60% used [0x00000000eaaa0000, 0x00000000eb11f5a0, 0x00000000eb11f600, 0x00000000eb550000)
 Metaspace       used 20944K, capacity 22450K, committed 22528K, reserved 1069056K
  class space    used 2766K, capacity 3057K, committed 3072K, reserved 1048576K
}
Event: 4.797 GC heap before
{Heap before GC invocations=33 (full 1):
 def new generation   total 4992K, used 4813K [0x00000000e0000000, 0x00000000e0560000, 0x00000000eaaa0000)
  eden space 4480K, 100% used [0x00000000e0000000, 0x00000000e0460000, 0x00000000e0460000)
  from space 512K,  65% used [0x00000000e0460000, 0x00000000e04b3550, 0x00000000e04e0000)
  to   space 512K,   0% used [0x00000000e04e0000, 0x00000000e04e0000, 0x00000000e0560000)
 tenured generation   total 10944K, used 6653K [0x00000000eaaa0000, 0x00000000eb550000, 0x0000000100000000)
   the space 10944K,  60% used [0x00000000eaaa0000, 0x00000000eb11f5a0, 0x00000000eb11f600, 0x00000000eb550000)
 Metaspace       used 21330K, capacity 22898K, committed 23168K, reserved 1069056K
  class space    used 2824K, capacity 3135K, committed 3200K, reserved 1048576K
Event: 4.800 GC heap after
Heap after GC invocations=34 (full 1):
 def new generation   total 4992K, used 420K [0x00000000e0000000, 0x00000000e0560000, 0x00000000eaaa0000)
  eden space 4480K,   0% used [0x00000000e0000000, 0x00000000e0000000, 0x00000000e0460000)
  from space 512K,  82% used [0x00000000e04e0000, 0x00000000e0549138, 0x00000000e0560000)
  to   space 512K,   0% used [0x00000000e0460000, 0x00000000e0460000, 0x00000000e04e0000)
 tenured generation   total 10944K, used 6751K [0x00000000eaaa0000, 0x00000000eb550000, 0x0000000100000000)
   the space 10944K,  61% used [0x00000000eaaa0000, 0x00000000eb137fc8, 0x00000000eb138000, 0x00000000eb550000)
 Metaspace       used 21330K, capacity 22898K, committed 23168K, reserved 1069056K
  class space    used 2824K, capacity 3135K, committed 3200K, reserved 1048576K
}
Event: 4.862 GC heap before
{Heap before GC invocations=34 (full 1):
 def new generation   total 4992K, used 4900K [0x00000000e0000000, 0x00000000e0560000, 0x00000000eaaa0000)
  eden space 4480K, 100% used [0x00000000e0000000, 0x00000000e0460000, 0x00000000e0460000)
  from space 512K,  82% used [0x00000000e04e0000, 0x00000000e0549138, 0x00000000e0560000)
  to   space 512K,   0% used [0x00000000e0460000, 0x00000000e0460000, 0x00000000e04e0000)
 tenured generation   total 10944K, used 6751K [0x00000000eaaa0000, 0x00000000eb550000, 0x0000000100000000)
   the space 10944K,  61% used [0x00000000eaaa0000, 0x00000000eb137fc8, 0x00000000eb138000, 0x00000000eb550000)
 Metaspace       used 21604K, capacity 23294K, committed 23552K, reserved 1069056K
  class space    used 2861K, capacity 3203K, committed 3328K, reserved 1048576K
Event: 4.864 GC heap after
Heap after GC invocations=35 (full 1):
 def new generation   total 4992K, used 284K [0x00000000e0000000, 0x00000000e0560000, 0x00000000eaaa0000)
  eden space 4480K,   0% used [0x00000000e0000000, 0x00000000e0000000, 0x00000000e0460000)
  from space 512K,  55% used [0x00000000e0460000, 0x00000000e04a7028, 0x00000000e04e0000)
  to   space 512K,   0% used [0x00000000e04e0000, 0x00000000e04e0000, 0x00000000e0560000)
 tenured generation   total 10944K, used 6851K [0x00000000eaaa0000, 0x00000000eb550000, 0x0000000100000000)
   the space 10944K,  62% used [0x00000000eaaa0000, 0x00000000eb150f48, 0x00000000eb151000, 0x00000000eb550000)
 Metaspace       used 21604K, capacity 23294K, committed 23552K, reserved 1069056K
  class space    used 2861K, capacity 3203K, committed 3328K, reserved 1048576K
}
Event: 4.993 GC heap before
{Heap before GC invocations=35 (full 1):
 def new generation   total 4992K, used 4764K [0x00000000e0000000, 0x00000000e0560000, 0x00000000eaaa0000)
  eden space 4480K, 100% used [0x00000000e0000000, 0x00000000e0460000, 0x00000000e0460000)
  from space 512K,  55% used [0x00000000e0460000, 0x00000000e04a7028, 0x00000000e04e0000)
  to   space 512K,   0% used [0x00000000e04e0000, 0x00000000e04e0000, 0x00000000e0560000)
 tenured generation   total 10944K, used 6851K [0x00000000eaaa0000, 0x00000000eb550000, 0x0000000100000000)
   the space 10944K,  62% used [0x00000000eaaa0000, 0x00000000eb150f48, 0x00000000eb151000, 0x00000000eb550000)
 Metaspace       used 21813K, capacity 23446K, committed 23808K, reserved 1069056K
  class space    used 2886K, capacity 3207K, committed 3328K, reserved 1048576K
Event: 4.995 GC heap after
Heap after GC invocations=36 (full 1):
 def new generation   total 4992K, used 446K [0x00000000e0000000, 0x00000000e0560000, 0x00000000eaaa0000)
  eden space 4480K,   0% used [0x00000000e0000000, 0x00000000e0000000, 0x00000000e0460000)
  from space 512K,  87% used [0x00000000e04e0000, 0x00000000e054f840, 0x00000000e0560000)
  to   space 512K,   0% used [0x00000000e0460000, 0x00000000e0460000, 0x00000000e04e0000)
 tenured generation   total 10944K, used 6962K [0x00000000eaaa0000, 0x00000000eb550000, 0x0000000100000000)
   the space 10944K,  63% used [0x00000000eaaa0000, 0x00000000eb16ca08, 0x00000000eb16cc00, 0x00000000eb550000)
 Metaspace       used 21813K, capacity 23446K, committed 23808K, reserved 1069056K
  class space    used 2886K, capacity 3207K, committed 3328K, reserved 1048576K
}
Event: 5.072 GC heap before
{Heap before GC invocations=36 (full 1):
 def new generation   total 4992K, used 4926K [0x00000000e0000000, 0x00000000e0560000, 0x00000000eaaa0000)
  eden space 4480K, 100% used [0x00000000e0000000, 0x00000000e0460000, 0x00000000e0460000)
  from space 512K,  87% used [0x00000000e04e0000, 0x00000000e054f840, 0x00000000e0560000)
  to   space 512K,   0% used [0x00000000e0460000, 0x00000000e0460000, 0x00000000e04e0000)
 tenured generation   total 10944K, used 6962K [0x00000000eaaa0000, 0x00000000eb550000, 0x0000000100000000)
   the space 10944K,  63% used [0x00000000eaaa0000, 0x00000000eb16ca08, 0x00000000eb16cc00, 0x00000000eb550000)
 Metaspace       used 21982K, capacity 23638K, committed 23808K, reserved 1069056K
  class space    used 2904K, capacity 3245K, committed 3328K, reserved 1048576K
Event: 5.075 GC heap after
Heap after GC invocations=37 (full 1):
 def new generation   total 4992K, used 489K [0x00000000e0000000, 0x00000000e0560000, 0x00000000eaaa0000)
  eden space 4480K,   0% used [0x00000000e0000000, 0x00000000e0000000, 0x00000000e0460000)
  from space 512K,  95% used [0x00000000e0460000, 0x00000000e04da430, 0x00000000e04e0000)
  to   space 512K,   0% used [0x00000000e04e0000, 0x00000000e04e0000, 0x00000000e0560000)
 tenured generation   total 10944K, used 7245K [0x00000000eaaa0000, 0x00000000eb550000, 0x0000000100000000)
   the space 10944K,  66% used [0x00000000eaaa0000, 0x00000000eb1b36f0, 0x00000000eb1b3800, 0x00000000eb550000)
 Metaspace       used 21982K, capacity 23638K, committed 23808K, reserved 1069056K
  class space    used 2904K, capacity 3245K, committed 3328K, reserved 1048576K
}
Event: 5.140 GC heap before
{Heap before GC invocations=37 (full 1):
 def new generation   total 4992K, used 4969K [0x00000000e0000000, 0x00000000e0560000, 0x00000000eaaa0000)
  eden space 4480K, 100% used [0x00000000e0000000, 0x00000000e0460000, 0x00000000e0460000)
  from space 512K,  95% used [0x00000000e0460000, 0x00000000e04da430, 0x00000000e04e0000)
  to   space 512K,   0% used [0x00000000e04e0000, 0x00000000e04e0000, 0x00000000e0560000)
 tenured generation   total 10944K, used 7245K [0x00000000eaaa0000, 0x00000000eb550000, 0x0000000100000000)
   the space 10944K,  66% used [0x00000000eaaa0000, 0x00000000eb1b36f0, 0x00000000eb1b3800, 0x00000000eb550000)
 Metaspace       used 22130K, capacity 23766K, committed 24064K, reserved 1071104K
  class space    used 2927K, capacity 3245K, committed 3328K, reserved 1048576K
Event: 5.142 GC heap after
Heap after GC invocations=38 (full 1):
 def new generation   total 4992K, used 502K [0x00000000e0000000, 0x00000000e0560000, 0x00000000eaaa0000)
  eden space 4480K,   0% used [0x00000000e0000000, 0x00000000e0000000, 0x00000000e0460000)
  from space 512K,  98% used [0x00000000e04e0000, 0x00000000e055d930, 0x00000000e0560000)
  to   space 512K,   0% used [0x00000000e0460000, 0x00000000e0460000, 0x00000000e04e0000)
 tenured generation   total 10944K, used 7471K [0x00000000eaaa0000, 0x00000000eb550000, 0x0000000100000000)
   the space 10944K,  68% used [0x00000000eaaa0000, 0x00000000eb1ebfd8, 0x00000000eb1ec000, 0x00000000eb550000)
 Metaspace       used 22130K, capacity 23766K, committed 24064K, reserved 1071104K
  class space    used 2927K, capacity 3245K, committed 3328K, reserved 1048576K
}
Event: 5.443 GC heap before
{Heap before GC invocations=38 (full 1):
 def new generation   total 4992K, used 4977K [0x00000000e0000000, 0x00000000e0560000, 0x00000000eaaa0000)
  eden space 4480K,  99% used [0x00000000e0000000, 0x00000000e045ece8, 0x00000000e0460000)
  from space 512K,  98% used [0x00000000e04e0000, 0x00000000e055d930, 0x00000000e0560000)
  to   space 512K,   0% used [0x00000000e0460000, 0x00000000e0460000, 0x00000000e04e0000)
 tenured generation   total 10944K, used 7471K [0x00000000eaaa0000, 0x00000000eb550000, 0x0000000100000000)
   the space 10944K,  68% used [0x00000000eaaa0000, 0x00000000eb1ebfd8, 0x00000000eb1ec000, 0x00000000eb550000)
 Metaspace       used 22389K, capacity 24054K, committed 24320K, reserved 1071104K
  class space    used 2945K, capacity 3277K, committed 3328K, reserved 1048576K
Event: 5.445 GC heap after
Heap after GC invocations=39 (full 1):
 def new generation   total 4992K, used 320K [0x00000000e0000000, 0x00000000e0560000, 0x00000000eaaa0000)
  eden space 4480K,   0% used [0x00000000e0000000, 0x00000000e0000000, 0x00000000e0460000)
  from space 512K,  62% used [0x00000000e0460000, 0x00000000e04b0100, 0x00000000e04e0000)
  to   space 512K,   0% used [0x00000000e04e0000, 0x00000000e04e0000, 0x00000000e0560000)
 tenured generation   total 10944K, used 7823K [0x00000000eaaa0000, 0x00000000eb550000, 0x0000000100000000)
   the space 10944K,  71% used [0x00000000eaaa0000, 0x00000000eb243de8, 0x00000000eb243e00, 0x00000000eb550000)
 Metaspace       used 22389K, capacity 24054K, committed 24320K, reserved 1071104K
  class space    used 2945K, capacity 3277K, committed 3328K, reserved 1048576K
}
Event: 5.446 GC heap before
{Heap before GC invocations=39 (full 1):
 def new generation   total 4992K, used 4789K [0x00000000e0000000, 0x00000000e0560000, 0x00000000eaaa0000)
  eden space 4480K,  99% used [0x00000000e0000000, 0x00000000e045d5e0, 0x00000000e0460000)
  from space 512K,  62% used [0x00000000e0460000, 0x00000000e04b0100, 0x00000000e04e0000)
  to   space 512K,   0% used [0x00000000e04e0000, 0x00000000e04e0000, 0x00000000e0560000)
 tenured generation   total 10944K, used 7823K [0x00000000eaaa0000, 0x00000000eb550000, 0x0000000100000000)
   the space 10944K,  71% used [0x00000000eaaa0000, 0x00000000eb243de8, 0x00000000eb243e00, 0x00000000eb550000)
 Metaspace       used 22389K, capacity 24054K, committed 24320K, reserved 1071104K
  class space    used 2945K, capacity 3277K, committed 3328K, reserved 1048576K
Event: 5.447 GC heap after
Heap after GC invocations=40 (full 1):
 def new generation   total 4992K, used 26K [0x00000000e0000000, 0x00000000e0560000, 0x00000000eaaa0000)
  eden space 4480K,   0% used [0x00000000e0000000, 0x00000000e0000000, 0x00000000e0460000)
  from space 512K,   5% used [0x00000000e04e0000, 0x00000000e04e6a78, 0x00000000e0560000)
  to   space 512K,   0% used [0x00000000e0460000, 0x00000000e0460000, 0x00000000e04e0000)
 tenured generation   total 10944K, used 8133K [0x00000000eaaa0000, 0x00000000eb550000, 0x0000000100000000)
   the space 10944K,  74% used [0x00000000eaaa0000, 0x00000000eb291520, 0x00000000eb291600, 0x00000000eb550000)
 Metaspace       used 22389K, capacity 24054K, committed 24320K, reserved 1071104K
  class space    used 2945K, capacity 3277K, committed 3328K, reserved 1048576K
}
Event: 5.448 GC heap before
{Heap before GC invocations=40 (full 1):
 def new generation   total 4992K, used 4499K [0x00000000e0000000, 0x00000000e0560000, 0x00000000eaaa0000)
  eden space 4480K,  99% used [0x00000000e0000000, 0x00000000e045e310, 0x00000000e0460000)
  from space 512K,   5% used [0x00000000e04e0000, 0x00000000e04e6a78, 0x00000000e0560000)
  to   space 512K,   0% used [0x00000000e0460000, 0x00000000e0460000, 0x00000000e04e0000)
 tenured generation   total 10944K, used 8133K [0x00000000eaaa0000, 0x00000000eb550000, 0x0000000100000000)
   the space 10944K,  74% used [0x00000000eaaa0000, 0x00000000eb291520, 0x00000000eb291600, 0x00000000eb550000)
 Metaspace       used 22389K, capacity 24054K, committed 24320K, reserved 1071104K
  class space    used 2945K, capacity 3277K, committed 3328K, reserved 1048576K
Event: 5.451 GC heap after
Heap after GC invocations=41 (full 1):
 def new generation   total 4992K, used 36K [0x00000000e0000000, 0x00000000e0560000, 0x00000000eaaa0000)
  eden space 4480K,   0% used [0x00000000e0000000, 0x00000000e0000000, 0x00000000e0460000)
  from space 512K,   7% used [0x00000000e0460000, 0x00000000e04690c0, 0x00000000e04e0000)
  to   space 512K,   0% used [0x00000000e04e0000, 0x00000000e04e0000, 0x00000000e0560000)
 tenured generation   total 10944K, used 8133K [0x00000000eaaa0000, 0x00000000eb550000, 0x0000000100000000)
   the space 10944K,  74% used [0x00000000eaaa0000, 0x00000000eb291520, 0x00000000eb291600, 0x00000000eb550000)
 Metaspace       used 22389K, capacity 24054K, committed 24320K, reserved 1071104K
  class space    used 2945K, capacity 3277K, committed 3328K, reserved 1048576K
}
Event: 5.452 GC heap before
{Heap before GC invocations=41 (full 1):
 def new generation   total 4992K, used 4488K [0x00000000e0000000, 0x00000000e0560000, 0x00000000eaaa0000)
  eden space 4480K,  99% used [0x00000000e0000000, 0x00000000e04590e8, 0x00000000e0460000)
  from space 512K,   7% used [0x00000000e0460000, 0x00000000e04690c0, 0x00000000e04e0000)
  to   space 512K,   0% used [0x00000000e04e0000, 0x00000000e04e0000, 0x00000000e0560000)
 tenured generation   total 10944K, used 8133K [0x00000000eaaa0000, 0x00000000eb550000, 0x0000000100000000)
   the space 10944K,  74% used [0x00000000eaaa0000, 0x00000000eb291520, 0x00000000eb291600, 0x00000000eb550000)
 Metaspace       used 22389K, capacity 24054K, committed 24320K, reserved 1071104K
  class space    used 2945K, capacity 3277K, committed 3328K, reserved 1048576K
Event: 5.453 GC heap after
Heap after GC invocations=42 (full 1):
 def new generation   total 4992K, used 43K [0x00000000e0000000, 0x00000000e0560000, 0x00000000eaaa0000)
  eden space 4480K,   0% used [0x00000000e0000000, 0x00000000e0000000, 0x00000000e0460000)
  from space 512K,   8% used [0x00000000e04e0000, 0x00000000e04eaeb0, 0x00000000e0560000)
  to   space 512K,   0% used [0x00000000e0460000, 0x00000000e0460000, 0x00000000e04e0000)
 tenured generation   total 10944K, used 8133K [0x00000000eaaa0000, 0x00000000eb550000, 0x0000000100000000)
   the space 10944K,  74% used [0x00000000eaaa0000, 0x00000000eb291520, 0x00000000eb291600, 0x00000000eb550000)
 Metaspace       used 22389K, capacity 24054K, committed 24320K, reserved 1071104K
  class space    used 2945K, capacity 3277K, committed 3328K, reserved 1048576K
}
Event: 5.453 GC heap before
{Heap before GC invocations=42 (full 1):
 def new generation   total 4992K, used 4496K [0x00000000e0000000, 0x00000000e0560000, 0x00000000eaaa0000)
  eden space 4480K,  99% used [0x00000000e0000000, 0x00000000e0459320, 0x00000000e0460000)
  from space 512K,   8% used [0x00000000e04e0000, 0x00000000e04eaeb0, 0x00000000e0560000)
  to   space 512K,   0% used [0x00000000e0460000, 0x00000000e0460000, 0x00000000e04e0000)
 tenured generation   total 10944K, used 8133K [0x00000000eaaa0000, 0x00000000eb550000, 0x0000000100000000)
   the space 10944K,  74% used [0x00000000eaaa0000, 0x00000000eb291520, 0x00000000eb291600, 0x00000000eb550000)
 Metaspace       used 22389K, capacity 24054K, committed 24320K, reserved 1071104K
  class space    used 2945K, capacity 3277K, committed 3328K, reserved 1048576K
Event: 5.454 GC heap after
Heap after GC invocations=43 (full 1):
 def new generation   total 4992K, used 50K [0x00000000e0000000, 0x00000000e0560000, 0x00000000eaaa0000)
  eden space 4480K,   0% used [0x00000000e0000000, 0x00000000e0000000, 0x00000000e0460000)
  from space 512K,   9% used [0x00000000e0460000, 0x00000000e046c800, 0x00000000e04e0000)
  to   space 512K,   0% used [0x00000000e04e0000, 0x00000000e04e0000, 0x00000000e0560000)
 tenured generation   total 10944K, used 8133K [0x00000000eaaa0000, 0x00000000eb550000, 0x0000000100000000)
   the space 10944K,  74% used [0x00000000eaaa0000, 0x00000000eb291520, 0x00000000eb291600, 0x00000000eb550000)
 Metaspace       used 22389K, capacity 24054K, committed 24320K, reserved 1071104K
  class space    used 2945K, capacity 3277K, committed 3328K, reserved 1048576K
}
Event: 5.455 GC heap before
{Heap before GC invocations=43 (full 1):
 def new generation   total 4992K, used 4529K [0x00000000e0000000, 0x00000000e0560000, 0x00000000eaaa0000)
  eden space 4480K,  99% used [0x00000000e0000000, 0x00000000e045ff60, 0x00000000e0460000)
  from space 512K,   9% used [0x00000000e0460000, 0x00000000e046c800, 0x00000000e04e0000)
  to   space 512K,   0% used [0x00000000e04e0000, 0x00000000e04e0000, 0x00000000e0560000)
 tenured generation   total 10944K, used 8133K [0x00000000eaaa0000, 0x00000000eb550000, 0x0000000100000000)
   the space 10944K,  74% used [0x00000000eaaa0000, 0x00000000eb291520, 0x00000000eb291600, 0x00000000eb550000)
 Metaspace       used 22389K, capacity 24054K, committed 24320K, reserved 1071104K
  class space    used 2945K, capacity 3277K, committed 3328K, reserved 1048576K
Event: 5.455 GC heap after
Heap after GC invocations=44 (full 1):
 def new generation   total 4992K, used 55K [0x00000000e0000000, 0x00000000e0560000, 0x00000000eaaa0000)
  eden space 4480K,   0% used [0x00000000e0000000, 0x00000000e0000000, 0x00000000e0460000)
  from space 512K,  10% used [0x00000000e04e0000, 0x00000000e04edea8, 0x00000000e0560000)
  to   space 512K,   0% used [0x00000000e0460000, 0x00000000e0460000, 0x00000000e04e0000)
 tenured generation   total 10944K, used 8133K [0x00000000eaaa0000, 0x00000000eb550000, 0x0000000100000000)
   the space 10944K,  74% used [0x00000000eaaa0000, 0x00000000eb291520, 0x00000000eb291600, 0x00000000eb550000)
 Metaspace       used 22389K, capacity 24054K, committed 24320K, reserved 1071104K
  class space    used 2945K, capacity 3277K, committed 3328K, reserved 1048576K
}
Event: 5.456 GC heap before
{Heap before GC invocations=44 (full 1):
 def new generation   total 4992K, used 4516K [0x00000000e0000000, 0x00000000e0560000, 0x00000000eaaa0000)
  eden space 4480K,  99% used [0x00000000e0000000, 0x00000000e045b308, 0x00000000e0460000)
  from space 512K,  10% used [0x00000000e04e0000, 0x00000000e04edea8, 0x00000000e0560000)
  to   space 512K,   0% used [0x00000000e0460000, 0x00000000e0460000, 0x00000000e04e0000)
 tenured generation   total 10944K, used 8133K [0x00000000eaaa0000, 0x00000000eb550000, 0x0000000100000000)
   the space 10944K,  74% used [0x00000000eaaa0000, 0x00000000eb291520, 0x00000000eb291600, 0x00000000eb550000)
 Metaspace       used 22389K, capacity 24054K, committed 24320K, reserved 1071104K
  class space    used 2945K, capacity 3277K, committed 3328K, reserved 1048576K
Event: 5.456 GC heap after
Heap after GC invocations=45 (full 1):
 def new generation   total 4992K, used 60K [0x00000000e0000000, 0x00000000e0560000, 0x00000000eaaa0000)
  eden space 4480K,   0% used [0x00000000e0000000, 0x00000000e0000000, 0x00000000e0460000)
  from space 512K,  11% used [0x00000000e0460000, 0x00000000e046f320, 0x00000000e04e0000)
  to   space 512K,   0% used [0x00000000e04e0000, 0x00000000e04e0000, 0x00000000e0560000)
 tenured generation   total 10944K, used 8133K [0x00000000eaaa0000, 0x00000000eb550000, 0x0000000100000000)
   the space 10944K,  74% used [0x00000000eaaa0000, 0x00000000eb291520, 0x00000000eb291600, 0x00000000eb550000)
 Metaspace       used 22389K, capacity 24054K, committed 24320K, reserved 1071104K
  class space    used 2945K, capacity 3277K, committed 3328K, reserved 1048576K
}
Event: 5.457 GC heap before
{Heap before GC invocations=45 (full 1):
 def new generation   total 4992K, used 4511K [0x00000000e0000000, 0x00000000e0560000, 0x00000000eaaa0000)
  eden space 4480K,  99% used [0x00000000e0000000, 0x00000000e0458960, 0x00000000e0460000)
  from space 512K,  11% used [0x00000000e0460000, 0x00000000e046f320, 0x00000000e04e0000)
  to   space 512K,   0% used [0x00000000e04e0000, 0x00000000e04e0000, 0x00000000e0560000)
 tenured generation   total 10944K, used 8133K [0x00000000eaaa0000, 0x00000000eb550000, 0x0000000100000000)
   the space 10944K,  74% used [0x00000000eaaa0000, 0x00000000eb291520, 0x00000000eb291600, 0x00000000eb550000)
 Metaspace       used 22389K, capacity 24054K, committed 24320K, reserved 1071104K
  class space    used 2945K, capacity 3277K, committed 3328K, reserved 1048576K
Event: 5.457 GC heap after
Heap after GC invocations=46 (full 1):
 def new generation   total 4992K, used 65K [0x00000000e0000000, 0x00000000e0560000, 0x00000000eaaa0000)
  eden space 4480K,   0% used [0x00000000e0000000, 0x00000000e0000000, 0x00000000e0460000)
  from space 512K,  12% used [0x00000000e04e0000, 0x00000000e04f0600, 0x00000000e0560000)
  to   space 512K,   0% used [0x00000000e0460000, 0x00000000e0460000, 0x00000000e04e0000)
 tenured generation   total 10944K, used 8133K [0x00000000eaaa0000, 0x00000000eb550000, 0x0000000100000000)
   the space 10944K,  74% used [0x00000000eaaa0000, 0x00000000eb291520, 0x00000000eb291600, 0x00000000eb550000)
 Metaspace       used 22389K, capacity 24054K, committed 24320K, reserved 1071104K
  class space    used 2945K, capacity 3277K, committed 3328K, reserved 1048576K
}
Event: 5.468 GC heap before
{Heap before GC invocations=46 (full 1):
 def new generation   total 4992K, used 4545K [0x00000000e0000000, 0x00000000e0560000, 0x00000000eaaa0000)
  eden space 4480K, 100% used [0x00000000e0000000, 0x00000000e0460000, 0x00000000e0460000)
  from space 512K,  12% used [0x00000000e04e0000, 0x00000000e04f0600, 0x00000000e0560000)
  to   space 512K,   0% used [0x00000000e0460000, 0x00000000e0460000, 0x00000000e04e0000)
 tenured generation   total 10944K, used 8133K [0x00000000eaaa0000, 0x00000000eb550000, 0x0000000100000000)
   the space 10944K,  74% used [0x00000000eaaa0000, 0x00000000eb291520, 0x00000000eb291600, 0x00000000eb550000)
 Metaspace       used 22446K, capacity 24118K, committed 24320K, reserved 1071104K
  class space    used 2948K, capacity 3277K, committed 3328K, reserved 1048576K
Event: 5.469 GC heap after
Heap after GC invocations=47 (full 1):
 def new generation   total 4992K, used 226K [0x00000000e0000000, 0x00000000e0560000, 0x00000000eaaa0000)
  eden space 4480K,   0% used [0x00000000e0000000, 0x00000000e0000000, 0x00000000e0460000)
  from space 512K,  44% used [0x00000000e0460000, 0x00000000e0498838, 0x00000000e04e0000)
  to   space 512K,   0% used [0x00000000e04e0000, 0x00000000e04e0000, 0x00000000e0560000)
 tenured generation   total 10944K, used 8133K [0x00000000eaaa0000, 0x00000000eb550000, 0x0000000100000000)
   the space 10944K,  74% used [0x00000000eaaa0000, 0x00000000eb291520, 0x00000000eb291600, 0x00000000eb550000)
 Metaspace       used 22446K, capacity 24118K, committed 24320K, reserved 1071104K
  class space    used 2948K, capacity 3277K, committed 3328K, reserved 1048576K
}
Event: 5.529 GC heap before
{Heap before GC invocations=47 (full 1):
 def new generation   total 4992K, used 4706K [0x00000000e0000000, 0x00000000e0560000, 0x00000000eaaa0000)
  eden space 4480K, 100% used [0x00000000e0000000, 0x00000000e0460000, 0x00000000e0460000)
  from space 512K,  44% used [0x00000000e0460000, 0x00000000e0498838, 0x00000000e04e0000)
  to   space 512K,   0% used [0x00000000e04e0000, 0x00000000e04e0000, 0x00000000e0560000)
 tenured generation   total 10944K, used 8133K [0x00000000eaaa0000, 0x00000000eb550000, 0x0000000100000000)
   the space 10944K,  74% used [0x00000000eaaa0000, 0x00000000eb291520, 0x00000000eb291600, 0x00000000eb550000)
 Metaspace       used 22739K, capacity 24406K, committed 24576K, reserved 1071104K
  class space    used 2981K, capacity 3309K, committed 3328K, reserved 1048576K
Event: 5.531 GC heap after
Heap after GC invocations=48 (full 1):
 def new generation   total 4992K, used 462K [0x00000000e0000000, 0x00000000e0560000, 0x00000000eaaa0000)
  eden space 4480K,   0% used [0x00000000e0000000, 0x00000000e0000000, 0x00000000e0460000)
  from space 512K,  90% used [0x00000000e04e0000, 0x00000000e0553a58, 0x00000000e0560000)
  to   space 512K,   0% used [0x00000000e0460000, 0x00000000e0460000, 0x00000000e04e0000)
 tenured generation   total 10944K, used 8133K [0x00000000eaaa0000, 0x00000000eb550000, 0x0000000100000000)
   the space 10944K,  74% used [0x00000000eaaa0000, 0x00000000eb291520, 0x00000000eb291600, 0x00000000eb550000)
 Metaspace       used 22739K, capacity 24406K, committed 24576K, reserved 1071104K
  class space    used 2981K, capacity 3309K, committed 3328K, reserved 1048576K
}
Event: 5.748 GC heap before
{Heap before GC invocations=48 (full 1):
 def new generation   total 4992K, used 4942K [0x00000000e0000000, 0x00000000e0560000, 0x00000000eaaa0000)
  eden space 4480K, 100% used [0x00000000e0000000, 0x00000000e0460000, 0x00000000e0460000)
  from space 512K,  90% used [0x00000000e04e0000, 0x00000000e0553a58, 0x00000000e0560000)
  to   space 512K,   0% used [0x00000000e0460000, 0x00000000e0460000, 0x00000000e04e0000)
 tenured generation   total 10944K, used 8133K [0x00000000eaaa0000, 0x00000000eb550000, 0x0000000100000000)
   the space 10944K,  74% used [0x00000000eaaa0000, 0x00000000eb291520, 0x00000000eb291600, 0x00000000eb550000)
 Metaspace       used 22933K, capacity 24632K, committed 24960K, reserved 1071104K
  class space    used 3010K, capacity 3360K, committed 3456K, reserved 1048576K
Event: 5.751 GC heap after
Heap after GC invocations=49 (full 1):
 def new generation   total 4992K, used 511K [0x00000000e0000000, 0x00000000e0560000, 0x00000000eaaa0000)
  eden space 4480K,   0% used [0x00000000e0000000, 0x00000000e0000000, 0x00000000e0460000)
  from space 512K,  99% used [0x00000000e0460000, 0x00000000e04dfff8, 0x00000000e04e0000)
  to   space 512K,   0% used [0x00000000e04e0000, 0x00000000e04e0000, 0x00000000e0560000)
 tenured generation   total 10944K, used 8497K [0x00000000eaaa0000, 0x00000000eb550000, 0x0000000100000000)
   the space 10944K,  77% used [0x00000000eaaa0000, 0x00000000eb2ec7f8, 0x00000000eb2ec800, 0x00000000eb550000)
 Metaspace       used 22933K, capacity 24632K, committed 24960K, reserved 1071104K
  class space    used 3010K, capacity 3360K, committed 3456K, reserved 1048576K
}
Event: 5.844 GC heap before
{Heap before GC invocations=49 (full 1):
 def new generation   total 4992K, used 4991K [0x00000000e0000000, 0x00000000e0560000, 0x00000000eaaa0000)
  eden space 4480K, 100% used [0x00000000e0000000, 0x00000000e0460000, 0x00000000e0460000)
  from space 512K,  99% used [0x00000000e0460000, 0x00000000e04dfff8, 0x00000000e04e0000)
  to   space 512K,   0% used [0x00000000e04e0000, 0x00000000e04e0000, 0x00000000e0560000)
 tenured generation   total 10944K, used 8497K [0x00000000eaaa0000, 0x00000000eb550000, 0x0000000100000000)
   the space 10944K,  77% used [0x00000000eaaa0000, 0x00000000eb2ec7f8, 0x00000000eb2ec800, 0x00000000eb550000)
 Metaspace       used 23082K, capacity 24782K, committed 24960K, reserved 1071104K
  class space    used 3030K, capacity 3363K, committed 3456K, reserved 1048576K
Event: 5.847 GC heap after
Heap after GC invocations=50 (full 1):
 def new generation   total 4992K, used 344K [0x00000000e0000000, 0x00000000e0560000, 0x00000000eaaa0000)
  eden space 4480K,   0% used [0x00000000e0000000, 0x00000000e0000000, 0x00000000e0460000)
  from space 512K,  67% used [0x00000000e04e0000, 0x00000000e0536350, 0x00000000e0560000)
  to   space 512K,   0% used [0x00000000e0460000, 0x00000000e0460000, 0x00000000e04e0000)
 tenured generation   total 10944K, used 8940K [0x00000000eaaa0000, 0x00000000eb550000, 0x0000000100000000)
   the space 10944K,  81% used [0x00000000eaaa0000, 0x00000000eb35b3d8, 0x00000000eb35b400, 0x00000000eb550000)
 Metaspace       used 23082K, capacity 24782K, committed 24960K, reserved 1071104K
  class space    used 3030K, capacity 3363K, committed 3456K, reserved 1048576K
}

