# JRE version: OpenJDK Runtime Environment (8.0_282-b08) (build 1.8.0_282-b08)
# Java VM: OpenJDK 64-Bit Server VM (25.282-b08 mixed mode linux-amd64 compressed oops)
Heap:
 def new generation   total 16320K, used 0K [0x00000000e0000000, 0x00000000e11b0000, 0x00000000eaaa0000)
  eden space 14528K,   0% used [0x00000000e0000000, 0x00000000e0000000, 0x00000000e0e30000)
  from space 1792K,   0% used [0x00000000e0e30000, 0x00000000e0e30000, 0x00000000e0ff0000)
  to   space 1792K,   0% used [0x00000000e0ff0000, 0x00000000e0ff0000, 0x00000000e11b0000)
 tenured generation   total 36436K, used 31502K [0x00000000eaaa0000, 0x00000000ece35000, 0x0000000100000000)
   the space 36436K,  86% used [0x00000000eaaa0000, 0x00000000ec963820, 0x00000000ec963a00, 0x00000000ece35000)
 Metaspace       used 71093K, capacity 76140K, committed 76336K, reserved 1114112K
  class space    used 9923K, capacity 10748K, committed 10800K, reserved 1048576K
GC Heap History (250 events):
Event: 3.406 GC heap after
Heap after GC invocations=34 (full 1):
 def new generation   total 4992K, used 373K [0x00000000e0000000, 0x00000000e0560000, 0x00000000eaaa0000)
  eden space 4480K,   0% used [0x00000000e0000000, 0x00000000e0000000, 0x00000000e0460000)
  from space 512K,  73% used [0x00000000e04e0000, 0x00000000e053d720, 0x00000000e0560000)
  to   space 512K,   0% used [0x00000000e0460000, 0x00000000e0460000, 0x00000000e04e0000)
 tenured generation   total 10944K, used 6868K [0x00000000eaaa0000, 0x00000000eb550000, 0x0000000100000000)
   the space 10944K,  62% used [0x00000000eaaa0000, 0x00000000eb155188, 0x00000000eb155200, 0x00000000eb550000)
 Metaspace       used 21313K, capacity 23040K, committed 23216K, reserved 1069056K
  class space    used 2830K, capacity 3174K, committed 3248K, reserved 1048576K
}
Event: 3.465 GC heap before
{Heap before GC invocations=34 (full 1):
 def new generation   total 4992K, used 4853K [0x00000000e0000000, 0x00000000e0560000, 0x00000000eaaa0000)
  eden space 4480K, 100% used [0x00000000e0000000, 0x00000000e0460000, 0x00000000e0460000)
  from space 512K,  73% used [0x00000000e04e0000, 0x00000000e053d720, 0x00000000e0560000)
  to   space 512K,   0% used [0x00000000e0460000, 0x00000000e0460000, 0x00000000e04e0000)
 tenured generation   total 10944K, used 6868K [0x00000000eaaa0000, 0x00000000eb550000, 0x0000000100000000)
   the space 10944K,  62% used [0x00000000eaaa0000, 0x00000000eb155188, 0x00000000eb155200, 0x00000000eb550000)
 Metaspace       used 21632K, capacity 23338K, committed 23472K, reserved 1069056K
  class space    used 2873K, capacity 3209K, committed 3248K, reserved 1048576K
Event: 3.467 GC heap after
Heap after GC invocations=35 (full 1):
 def new generation   total 4992K, used 274K [0x00000000e0000000, 0x00000000e0560000, 0x00000000eaaa0000)
  eden space 4480K,   0% used [0x00000000e0000000, 0x00000000e0000000, 0x00000000e0460000)
  from space 512K,  53% used [0x00000000e0460000, 0x00000000e04a4978, 0x00000000e04e0000)
  to   space 512K,   0% used [0x00000000e04e0000, 0x00000000e04e0000, 0x00000000e0560000)
 tenured generation   total 10944K, used 6973K [0x00000000eaaa0000, 0x00000000eb550000, 0x0000000100000000)
   the space 10944K,  63% used [0x00000000eaaa0000, 0x00000000eb16f5c8, 0x00000000eb16f600, 0x00000000eb550000)
 Metaspace       used 21632K, capacity 23338K, committed 23472K, reserved 1069056K
  class space    used 2873K, capacity 3209K, committed 3248K, reserved 1048576K
}
Event: 3.563 GC heap before
{Heap before GC invocations=35 (full 1):
 def new generation   total 4992K, used 4754K [0x00000000e0000000, 0x00000000e0560000, 0x00000000eaaa0000)
  eden space 4480K, 100% used [0x00000000e0000000, 0x00000000e0460000, 0x00000000e0460000)
  from space 512K,  53% used [0x00000000e0460000, 0x00000000e04a4978, 0x00000000e04e0000)
  to   space 512K,   0% used [0x00000000e04e0000, 0x00000000e04e0000, 0x00000000e0560000)
 tenured generation   total 10944K, used 6973K [0x00000000eaaa0000, 0x00000000eb550000, 0x0000000100000000)
   the space 10944K,  63% used [0x00000000eaaa0000, 0x00000000eb16f5c8, 0x00000000eb16f600, 0x00000000eb550000)
 Metaspace       used 21873K, capacity 23574K, committed 23728K, reserved 1069056K
  class space    used 2906K, capacity 3245K, committed 3248K, reserved 1048576K
Event: 3.565 GC heap after
Heap after GC invocations=36 (full 1):
 def new generation   total 4992K, used 419K [0x00000000e0000000, 0x00000000e0560000, 0x00000000eaaa0000)
  eden space 4480K,   0% used [0x00000000e0000000, 0x00000000e0000000, 0x00000000e0460000)
  from space 512K,  81% used [0x00000000e04e0000, 0x00000000e0548f50, 0x00000000e0560000)
  to   space 512K,   0% used [0x00000000e0460000, 0x00000000e0460000, 0x00000000e04e0000)
 tenured generation   total 10944K, used 7053K [0x00000000eaaa0000, 0x00000000eb550000, 0x0000000100000000)
   the space 10944K,  64% used [0x00000000eaaa0000, 0x00000000eb183658, 0x00000000eb183800, 0x00000000eb550000)
 Metaspace       used 21873K, capacity 23574K, committed 23728K, reserved 1069056K
  class space    used 2906K, capacity 3245K, committed 3248K, reserved 1048576K
}
Event: 3.648 GC heap before
{Heap before GC invocations=36 (full 1):
 def new generation   total 4992K, used 4899K [0x00000000e0000000, 0x00000000e0560000, 0x00000000eaaa0000)
  eden space 4480K, 100% used [0x00000000e0000000, 0x00000000e0460000, 0x00000000e0460000)
  from space 512K,  81% used [0x00000000e04e0000, 0x00000000e0548f50, 0x00000000e0560000)
  to   space 512K,   0% used [0x00000000e0460000, 0x00000000e0460000, 0x00000000e04e0000)
 tenured generation   total 10944K, used 7053K [0x00000000eaaa0000, 0x00000000eb550000, 0x0000000100000000)
   the space 10944K,  64% used [0x00000000eaaa0000, 0x00000000eb183658, 0x00000000eb183800, 0x00000000eb550000)
 Metaspace       used 22054K, capacity 23766K, committed 23984K, reserved 1071104K
  class space    used 2919K, capacity 3245K, committed 3248K, reserved 1048576K
Event: 3.650 GC heap after
Heap after GC invocations=37 (full 1):
 def new generation   total 4992K, used 396K [0x00000000e0000000, 0x00000000e0560000, 0x00000000eaaa0000)
  eden space 4480K,   0% used [0x00000000e0000000, 0x00000000e0000000, 0x00000000e0460000)
  from space 512K,  77% used [0x00000000e0460000, 0x00000000e04c3080, 0x00000000e04e0000)
  to   space 512K,   0% used [0x00000000e04e0000, 0x00000000e04e0000, 0x00000000e0560000)
 tenured generation   total 10944K, used 7234K [0x00000000eaaa0000, 0x00000000eb550000, 0x0000000100000000)
   the space 10944K,  66% used [0x00000000eaaa0000, 0x00000000eb1b0828, 0x00000000eb1b0a00, 0x00000000eb550000)
 Metaspace       used 22054K, capacity 23766K, committed 23984K, reserved 1071104K
  class space    used 2919K, capacity 3245K, committed 3248K, reserved 1048576K
}
Event: 3.731 GC heap before
{Heap before GC invocations=37 (full 1):
 def new generation   total 4992K, used 4876K [0x00000000e0000000, 0x00000000e0560000, 0x00000000eaaa0000)
  eden space 4480K, 100% used [0x00000000e0000000, 0x00000000e0460000, 0x00000000e0460000)
  from space 512K,  77% used [0x00000000e0460000, 0x00000000e04c3080, 0x00000000e04e0000)
  to   space 512K,   0% used [0x00000000e04e0000, 0x00000000e04e0000, 0x00000000e0560000)
 tenured generation   total 10944K, used 7234K [0x00000000eaaa0000, 0x00000000eb550000, 0x0000000100000000)
   the space 10944K,  66% used [0x00000000eaaa0000, 0x00000000eb1b0828, 0x00000000eb1b0a00, 0x00000000eb550000)
 Metaspace       used 22250K, capacity 23958K, committed 24112K, reserved 1071104K
  class space    used 2947K, capacity 3283K, committed 3376K, reserved 1048576K
Event: 3.734 GC heap after
Heap after GC invocations=38 (full 1):
 def new generation   total 4992K, used 512K [0x00000000e0000000, 0x00000000e0560000, 0x00000000eaaa0000)
  eden space 4480K,   0% used [0x00000000e0000000, 0x00000000e0000000, 0x00000000e0460000)
  from space 512K, 100% used [0x00000000e04e0000, 0x00000000e0560000, 0x00000000e0560000)
  to   space 512K,   0% used [0x00000000e0460000, 0x00000000e0460000, 0x00000000e04e0000)
 tenured generation   total 10944K, used 7569K [0x00000000eaaa0000, 0x00000000eb550000, 0x0000000100000000)
   the space 10944K,  69% used [0x00000000eaaa0000, 0x00000000eb204768, 0x00000000eb204800, 0x00000000eb550000)
 Metaspace       used 22250K, capacity 23958K, committed 24112K, reserved 1071104K
  class space    used 2947K, capacity 3283K, committed 3376K, reserved 1048576K
}
Event: 3.773 GC heap before
{Heap before GC invocations=38 (full 1):
 def new generation   total 4992K, used 4992K [0x00000000e0000000, 0x00000000e0560000, 0x00000000eaaa0000)
  eden space 4480K, 100% used [0x00000000e0000000, 0x00000000e0460000, 0x00000000e0460000)
  from space 512K, 100% used [0x00000000e04e0000, 0x00000000e0560000, 0x00000000e0560000)
  to   space 512K,   0% used [0x00000000e0460000, 0x00000000e0460000, 0x00000000e04e0000)
 tenured generation   total 10944K, used 7569K [0x00000000eaaa0000, 0x00000000eb550000, 0x0000000100000000)
   the space 10944K,  69% used [0x00000000eaaa0000, 0x00000000eb204768, 0x00000000eb204800, 0x00000000eb550000)
 Metaspace       used 22468K, capacity 24150K, committed 24368K, reserved 1071104K
  class space    used 2964K, capacity 3283K, committed 3376K, reserved 1048576K
Event: 3.776 GC heap after
Heap after GC invocations=39 (full 1):
 def new generation   total 4992K, used 257K [0x00000000e0000000, 0x00000000e0560000, 0x00000000eaaa0000)
  eden space 4480K,   0% used [0x00000000e0000000, 0x00000000e0000000, 0x00000000e0460000)
  from space 512K,  50% used [0x00000000e0460000, 0x00000000e04a0520, 0x00000000e04e0000)
  to   space 512K,   0% used [0x00000000e04e0000, 0x00000000e04e0000, 0x00000000e0560000)
 tenured generation   total 10944K, used 8053K [0x00000000eaaa0000, 0x00000000eb550000, 0x0000000100000000)
   the space 10944K,  73% used [0x00000000eaaa0000, 0x00000000eb27d7c0, 0x00000000eb27d800, 0x00000000eb550000)
 Metaspace       used 22468K, capacity 24150K, committed 24368K, reserved 1071104K
  class space    used 2964K, capacity 3283K, committed 3376K, reserved 1048576K
}
Event: 3.790 GC heap before
{Heap before GC invocations=39 (full 1):
 def new generation   total 4992K, used 4737K [0x00000000e0000000, 0x00000000e0560000, 0x00000000eaaa0000)
  eden space 4480K, 100% used [0x00000000e0000000, 0x00000000e0460000, 0x00000000e0460000)
  from space 512K,  50% used [0x00000000e0460000, 0x00000000e04a0520, 0x00000000e04e0000)
  to   space 512K,   0% used [0x00000000e04e0000, 0x00000000e04e0000, 0x00000000e0560000)
 tenured generation   total 10944K, used 8053K [0x00000000eaaa0000, 0x00000000eb550000, 0x0000000100000000)
   the space 10944K,  73% used [0x00000000eaaa0000, 0x00000000eb27d7c0, 0x00000000eb27d800, 0x00000000eb550000)
 Metaspace       used 22536K, capacity 24214K, committed 24368K, reserved 1071104K
  class space    used 2969K, capacity 3283K, committed 3376K, reserved 1048576K
Event: 3.791 GC heap after
Heap after GC invocations=40 (full 1):
 def new generation   total 4992K, used 112K [0x00000000e0000000, 0x00000000e0560000, 0x00000000eaaa0000)
  eden space 4480K,   0% used [0x00000000e0000000, 0x00000000e0000000, 0x00000000e0460000)
  from space 512K,  21% used [0x00000000e04e0000, 0x00000000e04fc250, 0x00000000e0560000)
  to   space 512K,   0% used [0x00000000e0460000, 0x00000000e0460000, 0x00000000e04e0000)
 tenured generation   total 10944K, used 8146K [0x00000000eaaa0000, 0x00000000eb550000, 0x0000000100000000)
   the space 10944K,  74% used [0x00000000eaaa0000, 0x00000000eb2948f8, 0x00000000eb294a00, 0x00000000eb550000)
 Metaspace       used 22536K, capacity 24214K, committed 24368K, reserved 1071104K
  class space    used 2969K, capacity 3283K, committed 3376K, reserved 1048576K
}
Event: 3.792 GC heap before
{Heap before GC invocations=40 (full 1):
 def new generation   total 4992K, used 4585K [0x00000000e0000000, 0x00000000e0560000, 0x00000000eaaa0000)
  eden space 4480K,  99% used [0x00000000e0000000, 0x00000000e045e330, 0x00000000e0460000)
  from space 512K,  21% used [0x00000000e04e0000, 0x00000000e04fc250, 0x00000000e0560000)
  to   space 512K,   0% used [0x00000000e0460000, 0x00000000e0460000, 0x00000000e04e0000)
 tenured generation   total 10944K, used 8146K [0x00000000eaaa0000, 0x00000000eb550000, 0x0000000100000000)
   the space 10944K,  74% used [0x00000000eaaa0000, 0x00000000eb2948f8, 0x00000000eb294a00, 0x00000000eb550000)
 Metaspace       used 22536K, capacity 24214K, committed 24368K, reserved 1071104K
  class space    used 2969K, capacity 3283K, committed 3376K, reserved 1048576K
Event: 3.792 GC heap after
Heap after GC invocations=41 (full 1):
 def new generation   total 4992K, used 76K [0x00000000e0000000, 0x00000000e0560000, 0x00000000eaaa0000)
  eden space 4480K,   0% used [0x00000000e0000000, 0x00000000e0000000, 0x00000000e0460000)
  from space 512K,  14% used [0x00000000e0460000, 0x00000000e04732b8, 0x00000000e04e0000)
  to   space 512K,   0% used [0x00000000e04e0000, 0x00000000e04e0000, 0x00000000e0560000)
 tenured generation   total 10944K, used 8146K [0x00000000eaaa0000, 0x00000000eb550000, 0x0000000100000000)
   the space 10944K,  74% used [0x00000000eaaa0000, 0x00000000eb2948f8, 0x00000000eb294a00, 0x00000000eb550000)
 Metaspace       used 22536K, capacity 24214K, committed 24368K, reserved 1071104K
  class space    used 2969K, capacity 3283K, committed 3376K, reserved 1048576K
}
Event: 3.794 GC heap before
{Heap before GC invocations=41 (full 1):
 def new generation   total 4992K, used 4519K [0x00000000e0000000, 0x00000000e0560000, 0x00000000eaaa0000)
  eden space 4480K,  99% used [0x00000000e0000000, 0x00000000e0456ab8, 0x00000000e0460000)
  from space 512K,  14% used [0x00000000e0460000, 0x00000000e04732b8, 0x00000000e04e0000)
  to   space 512K,   0% used [0x00000000e04e0000, 0x00000000e04e0000, 0x00000000e0560000)
 tenured generation   total 10944K, used 8146K [0x00000000eaaa0000, 0x00000000eb550000, 0x0000000100000000)
   the space 10944K,  74% used [0x00000000eaaa0000, 0x00000000eb2948f8, 0x00000000eb294a00, 0x00000000eb550000)
 Metaspace       used 22536K, capacity 24214K, committed 24368K, reserved 1071104K
  class space    used 2969K, capacity 3283K, committed 3376K, reserved 1048576K
Event: 3.795 GC heap after
Heap after GC invocations=42 (full 1):
 def new generation   total 4992K, used 84K [0x00000000e0000000, 0x00000000e0560000, 0x00000000eaaa0000)
  eden space 4480K,   0% used [0x00000000e0000000, 0x00000000e0000000, 0x00000000e0460000)
  from space 512K,  16% used [0x00000000e04e0000, 0x00000000e04f5310, 0x00000000e0560000)
  to   space 512K,   0% used [0x00000000e0460000, 0x00000000e0460000, 0x00000000e04e0000)
 tenured generation   total 10944K, used 8146K [0x00000000eaaa0000, 0x00000000eb550000, 0x0000000100000000)
   the space 10944K,  74% used [0x00000000eaaa0000, 0x00000000eb2948f8, 0x00000000eb294a00, 0x00000000eb550000)
 Metaspace       used 22536K, capacity 24214K, committed 24368K, reserved 1071104K
  class space    used 2969K, capacity 3283K, committed 3376K, reserved 1048576K
}
Event: 3.795 GC heap before
{Heap before GC invocations=42 (full 1):
 def new generation   total 4992K, used 4563K [0x00000000e0000000, 0x00000000e0560000, 0x00000000eaaa0000)
  eden space 4480K,  99% used [0x00000000e0000000, 0x00000000e045fb50, 0x00000000e0460000)
  from space 512K,  16% used [0x00000000e04e0000, 0x00000000e04f5310, 0x00000000e0560000)
  to   space 512K,   0% used [0x00000000e0460000, 0x00000000e0460000, 0x00000000e04e0000)
 tenured generation   total 10944K, used 8146K [0x00000000eaaa0000, 0x00000000eb550000, 0x0000000100000000)
   the space 10944K,  74% used [0x00000000eaaa0000, 0x00000000eb2948f8, 0x00000000eb294a00, 0x00000000eb550000)
 Metaspace       used 22536K, capacity 24214K, committed 24368K, reserved 1071104K
  class space    used 2969K, capacity 3283K, committed 3376K, reserved 1048576K
Event: 3.796 GC heap after
Heap after GC invocations=43 (full 1):
 def new generation   total 4992K, used 91K [0x00000000e0000000, 0x00000000e0560000, 0x00000000eaaa0000)
  eden space 4480K,   0% used [0x00000000e0000000, 0x00000000e0000000, 0x00000000e0460000)
  from space 512K,  17% used [0x00000000e0460000, 0x00000000e0476e48, 0x00000000e04e0000)
  to   space 512K,   0% used [0x00000000e04e0000, 0x00000000e04e0000, 0x00000000e0560000)
 tenured generation   total 10944K, used 8146K [0x00000000eaaa0000, 0x00000000eb550000, 0x0000000100000000)
   the space 10944K,  74% used [0x00000000eaaa0000, 0x00000000eb2948f8, 0x00000000eb294a00, 0x00000000eb550000)
 Metaspace       used 22536K, capacity 24214K, committed 24368K, reserved 1071104K
  class space    used 2969K, capacity 3283K, committed 3376K, reserved 1048576K
}
Event: 3.800 GC heap before
{Heap before GC invocations=43 (full 1):
 def new generation   total 4992K, used 4535K [0x00000000e0000000, 0x00000000e0560000, 0x00000000eaaa0000)
  eden space 4480K,  99% used [0x00000000e0000000, 0x00000000e0457128, 0x00000000e0460000)
  from space 512K,  17% used [0x00000000e0460000, 0x00000000e0476e48, 0x00000000e04e0000)
  to   space 512K,   0% used [0x00000000e04e0000, 0x00000000e04e0000, 0x00000000e0560000)
 tenured generation   total 10944K, used 8146K [0x00000000eaaa0000, 0x00000000eb550000, 0x0000000100000000)
   the space 10944K,  74% used [0x00000000eaaa0000, 0x00000000eb2948f8, 0x00000000eb294a00, 0x00000000eb550000)
 Metaspace       used 22536K, capacity 24214K, committed 24368K, reserved 1071104K
  class space    used 2969K, capacity 3283K, committed 3376K, reserved 1048576K
Event: 3.800 GC heap after
Heap after GC invocations=44 (full 1):
 def new generation   total 4992K, used 97K [0x00000000e0000000, 0x00000000e0560000, 0x00000000eaaa0000)
  eden space 4480K,   0% used [0x00000000e0000000, 0x00000000e0000000, 0x00000000e0460000)
  from space 512K,  19% used [0x00000000e04e0000, 0x00000000e04f85c0, 0x00000000e0560000)
  to   space 512K,   0% used [0x00000000e0460000, 0x00000000e0460000, 0x00000000e04e0000)
 tenured generation   total 10944K, used 8146K [0x00000000eaaa0000, 0x00000000eb550000, 0x0000000100000000)
   the space 10944K,  74% used [0x00000000eaaa0000, 0x00000000eb2948f8, 0x00000000eb294a00, 0x00000000eb550000)
 Metaspace       used 22536K, capacity 24214K, committed 24368K, reserved 1071104K
  class space    used 2969K, capacity 3283K, committed 3376K, reserved 1048576K
}
Event: 3.801 GC heap before
{Heap before GC invocations=44 (full 1):
 def new generation   total 4992K, used 4572K [0x00000000e0000000, 0x00000000e0560000, 0x00000000eaaa0000)
  eden space 4480K,  99% used [0x00000000e0000000, 0x00000000e045ee08, 0x00000000e0460000)
  from space 512K,  19% used [0x00000000e04e0000, 0x00000000e04f85c0, 0x00000000e0560000)
  to   space 512K,   0% used [0x00000000e0460000, 0x00000000e0460000, 0x00000000e04e0000)
 tenured generation   total 10944K, used 8146K [0x00000000eaaa0000, 0x00000000eb550000, 0x0000000100000000)
   the space 10944K,  74% used [0x00000000eaaa0000, 0x00000000eb2948f8, 0x00000000eb294a00, 0x00000000eb550000)
 Metaspace       used 22536K, capacity 24214K, committed 24368K, reserved 1071104K
  class space    used 2969K, capacity 3283K, committed 3376K, reserved 1048576K
Event: 3.802 GC heap after
Heap after GC invocations=45 (full 1):
 def new generation   total 4992K, used 102K [0x00000000e0000000, 0x00000000e0560000, 0x00000000eaaa0000)
  eden space 4480K,   0% used [0x00000000e0000000, 0x00000000e0000000, 0x00000000e0460000)
  from space 512K,  20% used [0x00000000e0460000, 0x00000000e0479b08, 0x00000000e04e0000)
  to   space 512K,   0% used [0x00000000e04e0000, 0x00000000e04e0000, 0x00000000e0560000)
 tenured generation   total 10944K, used 8146K [0x00000000eaaa0000, 0x00000000eb550000, 0x0000000100000000)
   the space 10944K,  74% used [0x00000000eaaa0000, 0x00000000eb2948f8, 0x00000000eb294a00, 0x00000000eb550000)
 Metaspace       used 22536K, capacity 24214K, committed 24368K, reserved 1071104K
  class space    used 2969K, capacity 3283K, committed 3376K, reserved 1048576K
}
Event: 3.802 GC heap before
{Heap before GC invocations=45 (full 1):
 def new generation   total 4992K, used 4545K [0x00000000e0000000, 0x00000000e0560000, 0x00000000eaaa0000)
  eden space 4480K,  99% used [0x00000000e0000000, 0x00000000e0456ba8, 0x00000000e0460000)
  from space 512K,  20% used [0x00000000e0460000, 0x00000000e0479b08, 0x00000000e04e0000)
  to   space 512K,   0% used [0x00000000e04e0000, 0x00000000e04e0000, 0x00000000e0560000)
 tenured generation   total 10944K, used 8146K [0x00000000eaaa0000, 0x00000000eb550000, 0x0000000100000000)
   the space 10944K,  74% used [0x00000000eaaa0000, 0x00000000eb2948f8, 0x00000000eb294a00, 0x00000000eb550000)
 Metaspace       used 22536K, capacity 24214K, committed 24368K, reserved 1071104K
  class space    used 2969K, capacity 3283K, committed 3376K, reserved 1048576K
Event: 3.803 GC heap after
Heap after GC invocations=46 (full 1):
 def new generation   total 4992K, used 107K [0x00000000e0000000, 0x00000000e0560000, 0x00000000eaaa0000)
  eden space 4480K,   0% used [0x00000000e0000000, 0x00000000e0000000, 0x00000000e0460000)
  from space 512K,  21% used [0x00000000e04e0000, 0x00000000e04fae70, 0x00000000e0560000)
  to   space 512K,   0% used [0x00000000e0460000, 0x00000000e0460000, 0x00000000e04e0000)
 tenured generation   total 10944K, used 8146K [0x00000000eaaa0000, 0x00000000eb550000, 0x0000000100000000)
   the space 10944K,  74% used [0x00000000eaaa0000, 0x00000000eb2948f8, 0x00000000eb294a00, 0x00000000eb550000)
 Metaspace       used 22536K, capacity 24214K, committed 24368K, reserved 1071104K
  class space    used 2969K, capacity 3283K, committed 3376K, reserved 1048576K
}
Event: 3.804 GC heap before
{Heap before GC invocations=46 (full 1):
 def new generation   total 4992K, used 4582K [0x00000000e0000000, 0x00000000e0560000, 0x00000000eaaa0000)
  eden space 4480K,  99% used [0x00000000e0000000, 0x00000000e045ebe0, 0x00000000e0460000)
  from space 512K,  21% used [0x00000000e04e0000, 0x00000000e04fae70, 0x00000000e0560000)
  to   space 512K,   0% used [0x00000000e0460000, 0x00000000e0460000, 0x00000000e04e0000)
 tenured generation   total 10944K, used 8146K [0x00000000eaaa0000, 0x00000000eb550000, 0x0000000100000000)
   the space 10944K,  74% used [0x00000000eaaa0000, 0x00000000eb2948f8, 0x00000000eb294a00, 0x00000000eb550000)
 Metaspace       used 22536K, capacity 24214K, committed 24368K, reserved 1071104K
  class space    used 2969K, capacity 3283K, committed 3376K, reserved 1048576K
Event: 3.804 GC heap after
Heap after GC invocations=47 (full 1):
 def new generation   total 4992K, used 190K [0x00000000e0000000, 0x00000000e0560000, 0x00000000eaaa0000)
  eden space 4480K,   0% used [0x00000000e0000000, 0x00000000e0000000, 0x00000000e0460000)
  from space 512K,  37% used [0x00000000e0460000, 0x00000000e048fa70, 0x00000000e04e0000)
  to   space 512K,   0% used [0x00000000e04e0000, 0x00000000e04e0000, 0x00000000e0560000)
 tenured generation   total 10944K, used 8146K [0x00000000eaaa0000, 0x00000000eb550000, 0x0000000100000000)
   the space 10944K,  74% used [0x00000000eaaa0000, 0x00000000eb2948f8, 0x00000000eb294a00, 0x00000000eb550000)
 Metaspace       used 22536K, capacity 24214K, committed 24368K, reserved 1071104K
  class space    used 2969K, capacity 3283K, committed 3376K, reserved 1048576K
}
Event: 3.847 GC heap before
{Heap before GC invocations=47 (full 1):
 def new generation   total 4992K, used 4670K [0x00000000e0000000, 0x00000000e0560000, 0x00000000eaaa0000)
  eden space 4480K, 100% used [0x00000000e0000000, 0x00000000e0460000, 0x00000000e0460000)
  from space 512K,  37% used [0x00000000e0460000, 0x00000000e048fa70, 0x00000000e04e0000)
  to   space 512K,   0% used [0x00000000e04e0000, 0x00000000e04e0000, 0x00000000e0560000)
 tenured generation   total 10944K, used 8146K [0x00000000eaaa0000, 0x00000000eb550000, 0x0000000100000000)
   the space 10944K,  74% used [0x00000000eaaa0000, 0x00000000eb2948f8, 0x00000000eb294a00, 0x00000000eb550000)
 Metaspace       used 22802K, capacity 24502K, committed 24624K, reserved 1071104K
  class space    used 2992K, capacity 3315K, committed 3376K, reserved 1048576K
Event: 3.848 GC heap after
Heap after GC invocations=48 (full 1):
 def new generation   total 4992K, used 395K [0x00000000e0000000, 0x00000000e0560000, 0x00000000eaaa0000)
  eden space 4480K,   0% used [0x00000000e0000000, 0x00000000e0000000, 0x00000000e0460000)
  from space 512K,  77% used [0x00000000e04e0000, 0x00000000e0542d58, 0x00000000e0560000)
  to   space 512K,   0% used [0x00000000e0460000, 0x00000000e0460000, 0x00000000e04e0000)
 tenured generation   total 10944K, used 8146K [0x00000000eaaa0000, 0x00000000eb550000, 0x0000000100000000)
   the space 10944K,  74% used [0x00000000eaaa0000, 0x00000000eb2948f8, 0x00000000eb294a00, 0x00000000eb550000)
 Metaspace       used 22802K, capacity 24502K, committed 24624K, reserved 1071104K
  class space    used 2992K, capacity 3315K, committed 3376K, reserved 1048576K
}
Event: 3.924 GC heap before
{Heap before GC invocations=48 (full 1):
 def new generation   total 4992K, used 4875K [0x00000000e0000000, 0x00000000e0560000, 0x00000000eaaa0000)
  eden space 4480K, 100% used [0x00000000e0000000, 0x00000000e0460000, 0x00000000e0460000)
  from space 512K,  77% used [0x00000000e04e0000, 0x00000000e0542d58, 0x00000000e0560000)
  to   space 512K,   0% used [0x00000000e0460000, 0x00000000e0460000, 0x00000000e04e0000)
 tenured generation   total 10944K, used 8146K [0x00000000eaaa0000, 0x00000000eb550000, 0x0000000100000000)
   the space 10944K,  74% used [0x00000000eaaa0000, 0x00000000eb2948f8, 0x00000000eb294a00, 0x00000000eb550000)
 Metaspace       used 22982K, capacity 24678K, committed 24880K, reserved 1071104K
  class space    used 3021K, capacity 3353K, committed 3376K, reserved 1048576K
Event: 3.926 GC heap after
Heap after GC invocations=49 (full 1):
 def new generation   total 4992K, used 512K [0x00000000e0000000, 0x00000000e0560000, 0x00000000eaaa0000)
  eden space 4480K,   0% used [0x00000000e0000000, 0x00000000e0000000, 0x00000000e0460000)
  from space 512K, 100% used [0x00000000e0460000, 0x00000000e04e0000, 0x00000000e04e0000)
  to   space 512K,   0% used [0x00000000e04e0000, 0x00000000e04e0000, 0x00000000e0560000)
 tenured generation   total 10944K, used 8515K [0x00000000eaaa0000, 0x00000000eb550000, 0x0000000100000000)
   the space 10944K,  77% used [0x00000000eaaa0000, 0x00000000eb2f0f58, 0x00000000eb2f1000, 0x00000000eb550000)
 Metaspace       used 22982K, capacity 24678K, committed 24880K, reserved 1071104K
  class space    used 3021K, capacity 3353K, committed 3376K, reserved 1048576K
}
Event: 4.020 GC heap before
{Heap before GC invocations=49 (full 1):
 def new generation   total 4992K, used 4992K [0x00000000e0000000, 0x00000000e0560000, 0x00000000eaaa0000)
  eden space 4480K, 100% used [0x00000000e0000000, 0x00000000e0460000, 0x00000000e0460000)
  from space 512K, 100% used [0x00000000e0460000, 0x00000000e04e0000, 0x00000000e04e0000)
  to   space 512K,   0% used [0x00000000e04e0000, 0x00000000e04e0000, 0x00000000e0560000)
 tenured generation   total 10944K, used 8515K [0x00000000eaaa0000, 0x00000000eb550000, 0x0000000100000000)
   the space 10944K,  77% used [0x00000000eaaa0000, 0x00000000eb2f0f58, 0x00000000eb2f1000, 0x00000000eb550000)
 Metaspace       used 23142K, capacity 24866K, committed 24880K, reserved 1071104K
  class space    used 3043K, capacity 3367K, committed 3376K, reserved 1048576K
Event: 4.022 GC heap after
Heap after GC invocations=50 (full 1):
 def new generation   total 4992K, used 334K [0x00000000e0000000, 0x00000000e0560000, 0x00000000eaaa0000)
  eden space 4480K,   0% used [0x00000000e0000000, 0x00000000e0000000, 0x00000000e0460000)
  from space 512K,  65% used [0x00000000e04e0000, 0x00000000e0533be0, 0x00000000e0560000)
  to   space 512K,   0% used [0x00000000e0460000, 0x00000000e0460000, 0x00000000e04e0000)
 tenured generation   total 10944K, used 8995K [0x00000000eaaa0000, 0x00000000eb550000, 0x0000000100000000)
   the space 10944K,  82% used [0x00000000eaaa0000, 0x00000000eb368f98, 0x00000000eb369000, 0x00000000eb550000)
 Metaspace       used 23142K, capacity 24866K, committed 24880K, reserved 1071104K
  class space    used 3043K, capacity 3367K, committed 3376K, reserved 1048576K
}
Event: 4.100 GC heap before
{Heap before GC invocations=50 (full 1):
 def new generation   total 4992K, used 4814K [0x00000000e0000000, 0x00000000e0560000, 0x00000000eaaa0000)
  eden space 4480K, 100% used [0x00000000e0000000, 0x00000000e0460000, 0x00000000e0460000)
  from space 512K,  65% used [0x00000000e04e0000, 0x00000000e0533be0, 0x00000000e0560000)
  to   space 512K,   0% used [0x00000000e0460000, 0x00000000e0460000, 0x00000000e04e0000)
 tenured generation   total 10944K, used 8995K [0x00000000eaaa0000, 0x00000000eb550000, 0x0000000100000000)
   the space 10944K,  82% used [0x00000000eaaa0000, 0x00000000eb368f98, 0x00000000eb369000, 0x00000000eb550000)
 Metaspace       used 23260K, capacity 24988K, committed 25264K, reserved 1071104K
  class space    used 3059K, capacity 3402K, committed 3504K, reserved 1048576K
Event: 4.102 GC heap after
Heap after GC invocations=51 (full 1):
 def new generation   total 4992K, used 368K [0x00000000e0000000, 0x00000000e0560000, 0x00000000eaaa0000)
  eden space 4480K,   0% used [0x00000000e0000000, 0x00000000e0000000, 0x00000000e0460000)
  from space 512K,  71% used [0x00000000e0460000, 0x00000000e04bc018, 0x00000000e04e0000)
  to   space 512K,   0% used [0x00000000e04e0000, 0x00000000e04e0000, 0x00000000e0560000)
 tenured generation   total 10944K, used 9158K [0x00000000eaaa0000, 0x00000000eb550000, 0x0000000100000000)
   the space 10944K,  83% used [0x00000000eaaa0000, 0x00000000eb391818, 0x00000000eb391a00, 0x00000000eb550000)
 Metaspace       used 23260K, capacity 24988K, committed 25264K, reserved 1071104K
  class space    used 3059K, capacity 3402K, committed 3504K, reserved 1048576K
}
Event: 4.207 GC heap before
{Heap before GC invocations=51 (full 1):
 def new generation   total 4992K, used 4848K [0x00000000e0000000, 0x00000000e0560000, 0x00000000eaaa0000)
  eden space 4480K, 100% used [0x00000000e0000000, 0x00000000e0460000, 0x00000000e0460000)
  from space 512K,  71% used [0x00000000e0460000, 0x00000000e04bc018, 0x00000000e04e0000)
  to   space 512K,   0% used [0x00000000e04e0000, 0x00000000e04e0000, 0x00000000e0560000)
 tenured generation   total 10944K, used 9158K [0x00000000eaaa0000, 0x00000000eb550000, 0x0000000100000000)
   the space 10944K,  83% used [0x00000000eaaa0000, 0x00000000eb391818, 0x00000000eb391a00, 0x00000000eb550000)
 Metaspace       used 23528K, capacity 25292K, committed 25520K, reserved 1071104K
  class space    used 3096K, capacity 3436K, committed 3504K, reserved 1048576K
Event: 4.210 GC heap after
Heap after GC invocations=52 (full 1):
 def new generation   total 4992K, used 454K [0x00000000e0000000, 0x00000000e0560000, 0x00000000eaaa0000)
  eden space 4480K,   0% used [0x00000000e0000000, 0x00000000e0000000, 0x00000000e0460000)
  from space 512K,  88% used [0x00000000e04e0000, 0x00000000e0551930, 0x00000000e0560000)
  to   space 512K,   0% used [0x00000000e0460000, 0x00000000e0460000, 0x00000000e04e0000)
 tenured generation   total 10944K, used 9303K [0x00000000eaaa0000, 0x00000000eb550000, 0x0000000100000000)
   the space 10944K,  85% used [0x00000000eaaa0000, 0x00000000eb3b5e10, 0x00000000eb3b6000, 0x00000000eb550000)
 Metaspace       used 23528K, capacity 25292K, committed 25520K, reserved 1071104K
  class space    used 3096K, capacity 3436K, committed 3504K, reserved 1048576K
}
Event: 4.306 GC heap before
{Heap before GC invocations=52 (full 1):
 def new generation   total 4992K, used 4934K [0x00000000e0000000, 0x00000000e0560000, 0x00000000eaaa0000)
  eden space 4480K, 100% used [0x00000000e0000000, 0x00000000e0460000, 0x00000000e0460000)
  from space 512K,  88% used [0x00000000e04e0000, 0x00000000e0551930, 0x00000000e0560000)
  to   space 512K,   0% used [0x00000000e0460000, 0x00000000e0460000, 0x00000000e04e0000)
 tenured generation   total 10944K, used 9303K [0x00000000eaaa0000, 0x00000000eb550000, 0x0000000100000000)
   the space 10944K,  85% used [0x00000000eaaa0000, 0x00000000eb3b5e10, 0x00000000eb3b6000, 0x00000000eb550000)
 Metaspace       used 23781K, capacity 25630K, committed 25776K, reserved 1071104K
  class space    used 3123K, capacity 3483K, committed 3504K, reserved 1048576K
Event: 4.308 GC heap after
Heap after GC invocations=53 (full 1):
 def new generation   total 4992K, used 379K [0x00000000e0000000, 0x00000000e0560000, 0x00000000eaaa0000)
  eden space 4480K,   0% used [0x00000000e0000000, 0x00000000e0000000, 0x00000000e0460000)
  from space 512K,  74% used [0x00000000e0460000, 0x00000000e04bed70, 0x00000000e04e0000)
  to   space 512K,   0% used [0x00000000e04e0000, 0x00000000e04e0000, 0x00000000e0560000)
 tenured generation   total 10944K, used 9509K [0x00000000eaaa0000, 0x00000000eb550000, 0x0000000100000000)
   the space 10944K,  86% used [0x00000000eaaa0000, 0x00000000eb3e95e8, 0x00000000eb3e9600, 0x00000000eb550000)
 Metaspace       used 23781K, capacity 25630K, committed 25776K, reserved 1071104K
  class space    used 3123K, capacity 3483K, committed 3504K, reserved 1048576K
}
Event: 4.380 GC heap before
{Heap before GC invocations=53 (full 1):
 def new generation   total 4992K, used 4859K [0x00000000e0000000, 0x00000000e0560000, 0x00000000eaaa0000)
  eden space 4480K, 100% used [0x00000000e0000000, 0x00000000e0460000, 0x00000000e0460000)
  from space 512K,  74% used [0x00000000e0460000, 0x00000000e04bed70, 0x00000000e04e0000)
  to   space 512K,   0% used [0x00000000e04e0000, 0x00000000e04e0000, 0x00000000e0560000)
 tenured generation   total 10944K, used 9509K [0x00000000eaaa0000, 0x00000000eb550000, 0x0000000100000000)
   the space 10944K,  86% used [0x00000000eaaa0000, 0x00000000eb3e95e8, 0x00000000eb3e9600, 0x00000000eb550000)
 Metaspace       used 23907K, capacity 25780K, committed 26032K, reserved 1071104K
  class space    used 3136K, capacity 3486K, committed 3504K, reserved 1048576K
Event: 4.383 GC heap after
Heap after GC invocations=54 (full 1):
 def new generation   total 4992K, used 331K [0x00000000e0000000, 0x00000000e0560000, 0x00000000eaaa0000)
  eden space 4480K,   0% used [0x00000000e0000000, 0x00000000e0000000, 0x00000000e0460000)
  from space 512K,  64% used [0x00000000e04e0000, 0x00000000e0532f40, 0x00000000e0560000)
  to   space 512K,   0% used [0x00000000e0460000, 0x00000000e0460000, 0x00000000e04e0000)
 tenured generation   total 10944K, used 9678K [0x00000000eaaa0000, 0x00000000eb550000, 0x0000000100000000)
   the space 10944K,  88% used [0x00000000eaaa0000, 0x00000000eb4139f0, 0x00000000eb413a00, 0x00000000eb550000)
 Metaspace       used 23907K, capacity 25780K, committed 26032K, reserved 1071104K
  class space    used 3136K, capacity 3486K, committed 3504K, reserved 1048576K
}
Event: 4.452 GC heap before
{Heap before GC invocations=54 (full 1):
 def new generation   total 4992K, used 4811K [0x00000000e0000000, 0x00000000e0560000, 0x00000000eaaa0000)
  eden space 4480K, 100% used [0x00000000e0000000, 0x00000000e0460000, 0x00000000e0460000)
  from space 512K,  64% used [0x00000000e04e0000, 0x00000000e0532f40, 0x00000000e0560000)
  to   space 512K,   0% used [0x00000000e0460000, 0x00000000e0460000, 0x00000000e04e0000)
 tenured generation   total 10944K, used 9678K [0x00000000eaaa0000, 0x00000000eb550000, 0x0000000100000000)
   the space 10944K,  88% used [0x00000000eaaa0000, 0x00000000eb4139f0, 0x00000000eb413a00, 0x00000000eb550000)
 Metaspace       used 23993K, capacity 25862K, committed 26032K, reserved 1071104K
  class space    used 3150K, capacity 3493K, committed 3504K, reserved 1048576K
Event: 4.454 GC heap after
Heap after GC invocations=55 (full 1):
 def new generation   total 4992K, used 295K [0x00000000e0000000, 0x00000000e0560000, 0x00000000eaaa0000)
  eden space 4480K,   0% used [0x00000000e0000000, 0x00000000e0000000, 0x00000000e0460000)
  from space 512K,  57% used [0x00000000e0460000, 0x00000000e04a9f18, 0x00000000e04e0000)
  to   space 512K,   0% used [0x00000000e04e0000, 0x00000000e04e0000, 0x00000000e0560000)
 tenured generation   total 10944K, used 9791K [0x00000000eaaa0000, 0x00000000eb550000, 0x0000000100000000)
   the space 10944K,  89% used [0x00000000eaaa0000, 0x00000000eb42fc68, 0x00000000eb42fe00, 0x00000000eb550000)
 Metaspace       used 23993K, capacity 25862K, committed 26032K, reserved 1071104K
  class space    used 3150K, capacity 3493K, committed 3504K, reserved 1048576K
}
Event: 4.528 GC heap before
{Heap before GC invocations=55 (full 1):
 def new generation   total 4992K, used 4775K [0x00000000e0000000, 0x00000000e0560000, 0x00000000eaaa0000)
  eden space 4480K, 100% used [0x00000000e0000000, 0x00000000e0460000, 0x00000000e0460000)
  from space 512K,  57% used [0x00000000e0460000, 0x00000000e04a9f18, 0x00000000e04e0000)
  to   space 512K,   0% used [0x00000000e04e0000, 0x00000000e04e0000, 0x00000000e0560000)
 tenured generation   total 10944K, used 9791K [0x00000000eaaa0000, 0x00000000eb550000, 0x0000000100000000)
   the space 10944K,  89% used [0x00000000eaaa0000, 0x00000000eb42fc68, 0x00000000eb42fe00, 0x00000000eb550000)
 Metaspace       used 24076K, capacity 25920K, committed 26160K, reserved 1071104K
  class space    used 3164K, capacity 3530K, committed 3632K, reserved 1048576K
Event: 4.530 GC heap after
Heap after GC invocations=56 (full 1):
 def new generation   total 4992K, used 264K [0x00000000e0000000, 0x00000000e0560000, 0x00000000eaaa0000)
  eden space 4480K,   0% used [0x00000000e0000000, 0x00000000e0000000, 0x00000000e0460000)
  from space 512K,  51% used [0x00000000e04e0000, 0x00000000e0522230, 0x00000000e0560000)
  to   space 512K,   0% used [0x00000000e0460000, 0x00000000e0460000, 0x00000000e04e0000)
 tenured generation   total 10944K, used 9919K [0x00000000eaaa0000, 0x00000000eb550000, 0x0000000100000000)
   the space 10944K,  90% used [0x00000000eaaa0000, 0x00000000eb44fdf8, 0x00000000eb44fe00, 0x00000000eb550000)
 Metaspace       used 24076K, capacity 25920K, committed 26160K, reserved 1071104K
  class space    used 3164K, capacity 3530K, committed 3632K, reserved 1048576K
}
Event: 4.603 GC heap before
{Heap before GC invocations=56 (full 1):
 def new generation   total 4992K, used 4744K [0x00000000e0000000, 0x00000000e0560000, 0x00000000eaaa0000)
  eden space 4480K, 100% used [0x00000000e0000000, 0x00000000e0460000, 0x00000000e0460000)
  from space 512K,  51% used [0x00000000e04e0000, 0x00000000e0522230, 0x00000000e0560000)
  to   space 512K,   0% used [0x00000000e0460000, 0x00000000e0460000, 0x00000000e04e0000)
 tenured generation   total 10944K, used 9919K [0x00000000eaaa0000, 0x00000000eb550000, 0x0000000100000000)
   the space 10944K,  90% used [0x00000000eaaa0000, 0x00000000eb44fdf8, 0x00000000eb44fe00, 0x00000000eb550000)
 Metaspace       used 24206K, capacity 26124K, committed 26416K, reserved 1073152K
  class space    used 3183K, capacity 3568K, committed 3632K, reserved 1048576K
Event: 4.605 GC heap after
Heap after GC invocations=57 (full 1):
 def new generation   total 4992K, used 334K [0x00000000e0000000, 0x00000000e0560000, 0x00000000eaaa0000)
  eden space 4480K,   0% used [0x00000000e0000000, 0x00000000e0000000, 0x00000000e0460000)
  from space 512K,  65% used [0x00000000e0460000, 0x00000000e04b3a40, 0x00000000e04e0000)
  to   space 512K,   0% used [0x00000000e04e0000, 0x00000000e04e0000, 0x00000000e0560000)
 tenured generation   total 10944K, used 10047K [0x00000000eaaa0000, 0x00000000eb550000, 0x0000000100000000)
   the space 10944K,  91% used [0x00000000eaaa0000, 0x00000000eb46fca8, 0x00000000eb46fe00, 0x00000000eb550000)
 Metaspace       used 24206K, capacity 26124K, committed 26416K, reserved 1073152K
  class space    used 3183K, capacity 3568K, committed 3632K, reserved 1048576K
}
Event: 4.671 GC heap before
{Heap before GC invocations=57 (full 1):
 def new generation   total 4992K, used 4814K [0x00000000e0000000, 0x00000000e0560000, 0x00000000eaaa0000)
  eden space 4480K, 100% used [0x00000000e0000000, 0x00000000e0460000, 0x00000000e0460000)
  from space 512K,  65% used [0x00000000e0460000, 0x00000000e04b3a40, 0x00000000e04e0000)
  to   space 512K,   0% used [0x00000000e04e0000, 0x00000000e04e0000, 0x00000000e0560000)
 tenured generation   total 10944K, used 10047K [0x00000000eaaa0000, 0x00000000eb550000, 0x0000000100000000)
   the space 10944K,  91% used [0x00000000eaaa0000, 0x00000000eb46fca8, 0x00000000eb46fe00, 0x00000000eb550000)
 Metaspace       used 24378K, capacity 26312K, committed 26416K, reserved 1073152K
  class space    used 3215K, capacity 3604K, committed 3632K, reserved 1048576K
Event: 4.674 GC heap after
Heap after GC invocations=58 (full 1):
 def new generation   total 4992K, used 334K [0x00000000e0000000, 0x00000000e0560000, 0x00000000eaaa0000)
  eden space 4480K,   0% used [0x00000000e0000000, 0x00000000e0000000, 0x00000000e0460000)
  from space 512K,  65% used [0x00000000e04e0000, 0x00000000e0533bb8, 0x00000000e0560000)
  to   space 512K,   0% used [0x00000000e0460000, 0x00000000e0460000, 0x00000000e04e0000)
 tenured generation   total 10944K, used 10202K [0x00000000eaaa0000, 0x00000000eb550000, 0x0000000100000000)
   the space 10944K,  93% used [0x00000000eaaa0000, 0x00000000eb496828, 0x00000000eb496a00, 0x00000000eb550000)
 Metaspace       used 24378K, capacity 26312K, committed 26416K, reserved 1073152K
  class space    used 3215K, capacity 3604K, committed 3632K, reserved 1048576K
}
Event: 4.764 GC heap before
{Heap before GC invocations=58 (full 1):
 def new generation   total 4992K, used 4814K [0x00000000e0000000, 0x00000000e0560000, 0x00000000eaaa0000)
  eden space 4480K, 100% used [0x00000000e0000000, 0x00000000e0460000, 0x00000000e0460000)
  from space 512K,  65% used [0x00000000e04e0000, 0x00000000e0533bb8, 0x00000000e0560000)
  to   space 512K,   0% used [0x00000000e0460000, 0x00000000e0460000, 0x00000000e04e0000)
 tenured generation   total 10944K, used 10202K [0x00000000eaaa0000, 0x00000000eb550000, 0x0000000100000000)
   the space 10944K,  93% used [0x00000000eaaa0000, 0x00000000eb496828, 0x00000000eb496a00, 0x00000000eb550000)
 Metaspace       used 24660K, capacity 26654K, committed 26800K, reserved 1073152K
  class space    used 3261K, capacity 3649K, committed 3760K, reserved 1048576K
Event: 4.766 GC heap after
Heap after GC invocations=59 (full 1):
 def new generation   total 4992K, used 463K [0x00000000e0000000, 0x00000000e0560000, 0x00000000eaaa0000)
  eden space 4480K,   0% used [0x00000000e0000000, 0x00000000e0000000, 0x00000000e0460000)
  from space 512K,  90% used [0x00000000e0460000, 0x00000000e04d3cc0, 0x00000000e04e0000)
  to   space 512K,   0% used [0x00000000e04e0000, 0x00000000e04e0000, 0x00000000e0560000)
 tenured generation   total 10944K, used 10331K [0x00000000eaaa0000, 0x00000000eb550000, 0x0000000100000000)
   the space 10944K,  94% used [0x00000000eaaa0000, 0x00000000eb4b6c00, 0x00000000eb4b6c00, 0x00000000eb550000)
 Metaspace       used 24660K, capacity 26654K, committed 26800K, reserved 1073152K
  class space    used 3261K, capacity 3649K, committed 3760K, reserved 1048576K
}
Event: 4.877 GC heap before
{Heap before GC invocations=59 (full 1):
 def new generation   total 4992K, used 4943K [0x00000000e0000000, 0x00000000e0560000, 0x00000000eaaa0000)
  eden space 4480K, 100% used [0x00000000e0000000, 0x00000000e0460000, 0x00000000e0460000)
  from space 512K,  90% used [0x00000000e0460000, 0x00000000e04d3cc0, 0x00000000e04e0000)
  to   space 512K,   0% used [0x00000000e04e0000, 0x00000000e04e0000, 0x00000000e0560000)
 tenured generation   total 10944K, used 10331K [0x00000000eaaa0000, 0x00000000eb550000, 0x0000000100000000)
   the space 10944K,  94% used [0x00000000eaaa0000, 0x00000000eb4b6c00, 0x00000000eb4b6c00, 0x00000000eb550000)
 Metaspace       used 24947K, capacity 26916K, committed 27056K, reserved 1073152K
  class space    used 3295K, capacity 3688K, committed 3760K, reserved 1048576K
Event: 4.880 GC heap after
Heap after GC invocations=60 (full 1):
 def new generation   total 4992K, used 437K [0x00000000e0000000, 0x00000000e0560000, 0x00000000eaaa0000)
  eden space 4480K,   0% used [0x00000000e0000000, 0x00000000e0000000, 0x00000000e0460000)
  from space 512K,  85% used [0x00000000e04e0000, 0x00000000e054d490, 0x00000000e0560000)
  to   space 512K,   0% used [0x00000000e0460000, 0x00000000e0460000, 0x00000000e04e0000)
 tenured generation   total 10944K, used 10489K [0x00000000eaaa0000, 0x00000000eb550000, 0x0000000100000000)
   the space 10944K,  95% used [0x00000000eaaa0000, 0x00000000eb4de7b8, 0x00000000eb4de800, 0x00000000eb550000)
 Metaspace       used 24947K, capacity 26916K, committed 27056K, reserved 1073152K
  class space    used 3295K, capacity 3688K, committed 3760K, reserved 1048576K
}
Event: 4.984 GC heap before
{Heap before GC invocations=60 (full 1):
 def new generation   total 4992K, used 4917K [0x00000000e0000000, 0x00000000e0560000, 0x00000000eaaa0000)
  eden space 4480K, 100% used [0x00000000e0000000, 0x00000000e0460000, 0x00000000e0460000)
  from space 512K,  85% used [0x00000000e04e0000, 0x00000000e054d490, 0x00000000e0560000)
  to   space 512K,   0% used [0x00000000e0460000, 0x00000000e0460000, 0x00000000e04e0000)
 tenured generation   total 10944K, used 10489K [0x00000000eaaa0000, 0x00000000eb550000, 0x0000000100000000)
   the space 10944K,  95% used [0x00000000eaaa0000, 0x00000000eb4de7b8, 0x00000000eb4de800, 0x00000000eb550000)
 Metaspace       used 25359K, capacity 27390K, committed 27568K, reserved 1073152K
  class space    used 3345K, capacity 3729K, committed 3760K, reserved 1048576K
Event: 4.986 GC heap after
Heap after GC invocations=61 (full 1):
 def new generation   total 4992K, used 511K [0x00000000e0000000, 0x00000000e0560000, 0x00000000eaaa0000)
  eden space 4480K,   0% used [0x00000000e0000000, 0x00000000e0000000, 0x00000000e0460000)
  from space 512K,  99% used [0x00000000e0460000, 0x00000000e04dfff0, 0x00000000e04e0000)
  to   space 512K,   0% used [0x00000000e04e0000, 0x00000000e04e0000, 0x00000000e0560000)
 tenured generation   total 10944K, used 10691K [0x00000000eaaa0000, 0x00000000eb550000, 0x0000000100000000)
   the space 10944K,  97% used [0x00000000eaaa0000, 0x00000000eb510c38, 0x00000000eb510e00, 0x00000000eb550000)
 Metaspace       used 25359K, capacity 27390K, committed 27568K, reserved 1073152K
  class space    used 3345K, capacity 3729K, committed 3760K, reserved 1048576K
}
Event: 5.076 GC heap before
{Heap before GC invocations=61 (full 1):
 def new generation   total 4992K, used 4991K [0x00000000e0000000, 0x00000000e0560000, 0x00000000eaaa0000)
  eden space 4480K, 100% used [0x00000000e0000000, 0x00000000e0460000, 0x00000000e0460000)
  from space 512K,  99% used [0x00000000e0460000, 0x00000000e04dfff0, 0x00000000e04e0000)
  to   space 512K,   0% used [0x00000000e04e0000, 0x00000000e04e0000, 0x00000000e0560000)
 tenured generation   total 10944K, used 10691K [0x00000000eaaa0000, 0x00000000eb550000, 0x0000000100000000)
   the space 10944K,  97% used [0x00000000eaaa0000, 0x00000000eb510c38, 0x00000000eb510e00, 0x00000000eb550000)
 Metaspace       used 25592K, capacity 27652K, committed 27952K, reserved 1073152K
  class space    used 3384K, capacity 3794K, committed 3888K, reserved 1048576K
Event: 5.078 GC heap after
Heap after GC invocations=62 (full 1):
 def new generation   total 4992K, used 385K [0x00000000e0000000, 0x00000000e0560000, 0x00000000eaaa0000)
  eden space 4480K,   0% used [0x00000000e0000000, 0x00000000e0000000, 0x00000000e0460000)
  from space 512K,  75% used [0x00000000e04e0000, 0x00000000e0540420, 0x00000000e0560000)
  to   space 512K,   0% used [0x00000000e0460000, 0x00000000e0460000, 0x00000000e04e0000)
 tenured generation   total 10944K, used 10840K [0x00000000eaaa0000, 0x00000000eb550000, 0x0000000100000000)
   the space 10944K,  99% used [0x00000000eaaa0000, 0x00000000eb536040, 0x00000000eb536200, 0x00000000eb550000)
 Metaspace       used 25592K, capacity 27652K, committed 27952K, reserved 1073152K
  class space    used 3384K, capacity 3794K, committed 3888K, reserved 1048576K
}
Event: 5.168 GC heap before
{Heap before GC invocations=62 (full 1):
 def new generation   total 4992K, used 4865K [0x00000000e0000000, 0x00000000e0560000, 0x00000000eaaa0000)
  eden space 4480K, 100% used [0x00000000e0000000, 0x00000000e0460000, 0x00000000e0460000)
  from space 512K,  75% used [0x00000000e04e0000, 0x00000000e0540420, 0x00000000e0560000)
  to   space 512K,   0% used [0x00000000e0460000, 0x00000000e0460000, 0x00000000e04e0000)
 tenured generation   total 10944K, used 10840K [0x00000000eaaa0000, 0x00000000eb550000, 0x0000000100000000)
   the space 10944K,  99% used [0x00000000eaaa0000, 0x00000000eb536040, 0x00000000eb536200, 0x00000000eb550000)
 Metaspace       used 25864K, capacity 27924K, committed 28208K, reserved 1073152K
  class space    used 3424K, capacity 3838K, committed 3888K, reserved 1048576K
Event: 5.248 GC heap after
Heap after GC invocations=63 (full 2):
 def new generation   total 6912K, used 0K [0x00000000e0000000, 0x00000000e0780000, 0x00000000eaaa0000)
  eden space 6144K,   0% used [0x00000000e0000000, 0x00000000e0000000, 0x00000000e0600000)
  from space 768K,   0% used [0x00000000e0600000, 0x00000000e0600000, 0x00000000e06c0000)
  to   space 768K,   0% used [0x00000000e06c0000, 0x00000000e06c0000, 0x00000000e0780000)
 tenured generation   total 15256K, used 9152K [0x00000000eaaa0000, 0x00000000eb986000, 0x0000000100000000)
   the space 15256K,  59% used [0x00000000eaaa0000, 0x00000000eb390078, 0x00000000eb390200, 0x00000000eb986000)
 Metaspace       used 25864K, capacity 27924K, committed 28208K, reserved 1073152K
  class space    used 3424K, capacity 3838K, committed 3888K, reserved 1048576K
}
Event: 5.390 GC heap before
{Heap before GC invocations=63 (full 2):
 def new generation   total 6912K, used 6144K [0x00000000e0000000, 0x00000000e0780000, 0x00000000eaaa0000)
  eden space 6144K, 100% used [0x00000000e0000000, 0x00000000e0600000, 0x00000000e0600000)
  from space 768K,   0% used [0x00000000e0600000, 0x00000000e0600000, 0x00000000e06c0000)
  to   space 768K,   0% used [0x00000000e06c0000, 0x00000000e06c0000, 0x00000000e0780000)
 tenured generation   total 15256K, used 9152K [0x00000000eaaa0000, 0x00000000eb986000, 0x0000000100000000)
   the space 15256K,  59% used [0x00000000eaaa0000, 0x00000000eb390078, 0x00000000eb390200, 0x00000000eb986000)
 Metaspace       used 26210K, capacity 28430K, committed 28592K, reserved 1073152K
  class space    used 3485K, capacity 3913K, committed 4016K, reserved 1048576K
Event: 5.393 GC heap after
Heap after GC invocations=64 (full 2):
 def new generation   total 6912K, used 465K [0x00000000e0000000, 0x00000000e0780000, 0x00000000eaaa0000)
  eden space 6144K,   0% used [0x00000000e0000000, 0x00000000e0000000, 0x00000000e0600000)
  from space 768K,  60% used [0x00000000e06c0000, 0x00000000e07344d0, 0x00000000e0780000)
  to   space 768K,   0% used [0x00000000e0600000, 0x00000000e0600000, 0x00000000e06c0000)
 tenured generation   total 15256K, used 9152K [0x00000000eaaa0000, 0x00000000eb986000, 0x0000000100000000)
   the space 15256K,  59% used [0x00000000eaaa0000, 0x00000000eb390078, 0x00000000eb390200, 0x00000000eb986000)
 Metaspace       used 26210K, capacity 28430K, committed 28592K, reserved 1073152K
  class space    used 3485K, capacity 3913K, committed 4016K, reserved 1048576K
}
Event: 5.536 GC heap before
{Heap before GC invocations=64 (full 2):
 def new generation   total 6912K, used 6609K [0x00000000e0000000, 0x00000000e0780000, 0x00000000eaaa0000)
  eden space 6144K, 100% used [0x00000000e0000000, 0x00000000e0600000, 0x00000000e0600000)
  from space 768K,  60% used [0x00000000e06c0000, 0x00000000e07344d0, 0x00000000e0780000)
  to   space 768K,   0% used [0x00000000e0600000, 0x00000000e0600000, 0x00000000e06c0000)
 tenured generation   total 15256K, used 9152K [0x00000000eaaa0000, 0x00000000eb986000, 0x0000000100000000)
   the space 15256K,  59% used [0x00000000eaaa0000, 0x00000000eb390078, 0x00000000eb390200, 0x00000000eb986000)
 Metaspace       used 26441K, capacity 28688K, committed 28848K, reserved 1075200K
  class space    used 3525K, capacity 3952K, committed 4016K, reserved 1048576K
Event: 5.539 GC heap after
Heap after GC invocations=65 (full 2):
 def new generation   total 6912K, used 454K [0x00000000e0000000, 0x00000000e0780000, 0x00000000eaaa0000)
  eden space 6144K,   0% used [0x00000000e0000000, 0x00000000e0000000, 0x00000000e0600000)
  from space 768K,  59% used [0x00000000e0600000, 0x00000000e0671bf8, 0x00000000e06c0000)
  to   space 768K,   0% used [0x00000000e06c0000, 0x00000000e06c0000, 0x00000000e0780000)
 tenured generation   total 15256K, used 9360K [0x00000000eaaa0000, 0x00000000eb986000, 0x0000000100000000)
   the space 15256K,  61% used [0x00000000eaaa0000, 0x00000000eb3c43b8, 0x00000000eb3c4400, 0x00000000eb986000)
 Metaspace       used 26441K, capacity 28688K, committed 28848K, reserved 1075200K
  class space    used 3525K, capacity 3952K, committed 4016K, reserved 1048576K
}
Event: 5.669 GC heap before
{Heap before GC invocations=65 (full 2):
 def new generation   total 6912K, used 6598K [0x00000000e0000000, 0x00000000e0780000, 0x00000000eaaa0000)
  eden space 6144K, 100% used [0x00000000e0000000, 0x00000000e0600000, 0x00000000e0600000)
  from space 768K,  59% used [0x00000000e0600000, 0x00000000e0671bf8, 0x00000000e06c0000)
  to   space 768K,   0% used [0x00000000e06c0000, 0x00000000e06c0000, 0x00000000e0780000)
 tenured generation   total 15256K, used 9360K [0x00000000eaaa0000, 0x00000000eb986000, 0x0000000100000000)
   the space 15256K,  61% used [0x00000000eaaa0000, 0x00000000eb3c43b8, 0x00000000eb3c4400, 0x00000000eb986000)
 Metaspace       used 26706K, capacity 28920K, committed 29104K, reserved 1075200K
  class space    used 3566K, capacity 3986K, committed 4016K, reserved 1048576K
Event: 5.672 GC heap after
Heap after GC invocations=66 (full 2):
 def new generation   total 6912K, used 466K [0x00000000e0000000, 0x00000000e0780000, 0x00000000eaaa0000)
  eden space 6144K,   0% used [0x00000000e0000000, 0x00000000e0000000, 0x00000000e0600000)
  from space 768K,  60% used [0x00000000e06c0000, 0x00000000e0734a28, 0x00000000e0780000)
  to   space 768K,   0% used [0x00000000e0600000, 0x00000000e0600000, 0x00000000e06c0000)
 tenured generation   total 15256K, used 9565K [0x00000000eaaa0000, 0x00000000eb986000, 0x0000000100000000)
   the space 15256K,  62% used [0x00000000eaaa0000, 0x00000000eb3f75c0, 0x00000000eb3f7600, 0x00000000eb986000)
 Metaspace       used 26706K, capacity 28920K, committed 29104K, reserved 1075200K
  class space    used 3566K, capacity 3986K, committed 4016K, reserved 1048576K
}
Event: 5.792 GC heap before
{Heap before GC invocations=66 (full 2):
 def new generation   total 6912K, used 6610K [0x00000000e0000000, 0x00000000e0780000, 0x00000000eaaa0000)
  eden space 6144K, 100% used [0x00000000e0000000, 0x00000000e0600000, 0x00000000e0600000)
  from space 768K,  60% used [0x00000000e06c0000, 0x00000000e0734a28, 0x00000000e0780000)
  to   space 768K,   0% used [0x00000000e0600000, 0x00000000e0600000, 0x00000000e06c0000)
 tenured generation   total 15256K, used 9565K [0x00000000eaaa0000, 0x00000000eb986000, 0x0000000100000000)
   the space 15256K,  62% used [0x00000000eaaa0000, 0x00000000eb3f75c0, 0x00000000eb3f7600, 0x00000000eb986000)
 Metaspace       used 27065K, capacity 29322K, committed 29488K, reserved 1075200K
  class space    used 3620K, capacity 4053K, committed 4144K, reserved 1048576K
Event: 5.795 GC heap after
Heap after GC invocations=67 (full 2):
 def new generation   total 6912K, used 604K [0x00000000e0000000, 0x00000000e0780000, 0x00000000eaaa0000)
  eden space 6144K,   0% used [0x00000000e0000000, 0x00000000e0000000, 0x00000000e0600000)
  from space 768K,  78% used [0x00000000e0600000, 0x00000000e06970a8, 0x00000000e06c0000)
  to   space 768K,   0% used [0x00000000e06c0000, 0x00000000e06c0000, 0x00000000e0780000)
 tenured generation   total 15256K, used 9732K [0x00000000eaaa0000, 0x00000000eb986000, 0x0000000100000000)
   the space 15256K,  63% used [0x00000000eaaa0000, 0x00000000eb4213c0, 0x00000000eb421400, 0x00000000eb986000)
 Metaspace       used 27065K, capacity 29322K, committed 29488K, reserved 1075200K
  class space    used 3620K, capacity 4053K, committed 4144K, reserved 1048576K
}
Event: 5.907 GC heap before
{Heap before GC invocations=67 (full 2):
 def new generation   total 6912K, used 6748K [0x00000000e0000000, 0x00000000e0780000, 0x00000000eaaa0000)
  eden space 6144K, 100% used [0x00000000e0000000, 0x00000000e0600000, 0x00000000e0600000)
  from space 768K,  78% used [0x00000000e0600000, 0x00000000e06970a8, 0x00000000e06c0000)
  to   space 768K,   0% used [0x00000000e06c0000, 0x00000000e06c0000, 0x00000000e0780000)
 tenured generation   total 15256K, used 9732K [0x00000000eaaa0000, 0x00000000eb986000, 0x0000000100000000)
   the space 15256K,  63% used [0x00000000eaaa0000, 0x00000000eb4213c0, 0x00000000eb421400, 0x00000000eb986000)
 Metaspace       used 27580K, capacity 29808K, committed 30000K, reserved 1075200K
  class space    used 3684K, capacity 4086K, committed 4144K, reserved 1048576K
Event: 5.910 GC heap after
Heap after GC invocations=68 (full 2):
 def new generation   total 6912K, used 577K [0x00000000e0000000, 0x00000000e0780000, 0x00000000eaaa0000)
  eden space 6144K,   0% used [0x00000000e0000000, 0x00000000e0000000, 0x00000000e0600000)
  from space 768K,  75% used [0x00000000e06c0000, 0x00000000e0750670, 0x00000000e0780000)
  to   space 768K,   0% used [0x00000000e0600000, 0x00000000e0600000, 0x00000000e06c0000)
 tenured generation   total 15256K, used 10002K [0x00000000eaaa0000, 0x00000000eb986000, 0x0000000100000000)
   the space 15256K,  65% used [0x00000000eaaa0000, 0x00000000eb464bc0, 0x00000000eb464c00, 0x00000000eb986000)
 Metaspace       used 27580K, capacity 29808K, committed 30000K, reserved 1075200K
  class space    used 3684K, capacity 4086K, committed 4144K, reserved 1048576K
}
Event: 6.090 GC heap before
{Heap before GC invocations=68 (full 2):
 def new generation   total 6912K, used 6721K [0x00000000e0000000, 0x00000000e0780000, 0x00000000eaaa0000)
  eden space 6144K, 100% used [0x00000000e0000000, 0x00000000e0600000, 0x00000000e0600000)
  from space 768K,  75% used [0x00000000e06c0000, 0x00000000e0750670, 0x00000000e0780000)
  to   space 768K,   0% used [0x00000000e0600000, 0x00000000e0600000, 0x00000000e06c0000)
 tenured generation   total 15256K, used 10002K [0x00000000eaaa0000, 0x00000000eb986000, 0x0000000100000000)
   the space 15256K,  65% used [0x00000000eaaa0000, 0x00000000eb464bc0, 0x00000000eb464c00, 0x00000000eb986000)
 Metaspace       used 28048K, capacity 30308K, committed 30640K, reserved 1075200K
  class space    used 3747K, capacity 4156K, committed 4272K, reserved 1048576K
Event: 6.092 GC heap after
Heap after GC invocations=69 (full 2):
 def new generation   total 6912K, used 508K [0x00000000e0000000, 0x00000000e0780000, 0x00000000eaaa0000)
  eden space 6144K,   0% used [0x00000000e0000000, 0x00000000e0000000, 0x00000000e0600000)
  from space 768K,  66% used [0x00000000e0600000, 0x00000000e067f108, 0x00000000e06c0000)
  to   space 768K,   0% used [0x00000000e06c0000, 0x00000000e06c0000, 0x00000000e0780000)
 tenured generation   total 15256K, used 10108K [0x00000000eaaa0000, 0x00000000eb986000, 0x0000000100000000)
   the space 15256K,  66% used [0x00000000eaaa0000, 0x00000000eb47f1d0, 0x00000000eb47f200, 0x00000000eb986000)
 Metaspace       used 28048K, capacity 30308K, committed 30640K, reserved 1075200K
  class space    used 3747K, capacity 4156K, committed 4272K, reserved 1048576K
}
Event: 6.247 GC heap before
{Heap before GC invocations=69 (full 2):
 def new generation   total 6912K, used 6652K [0x00000000e0000000, 0x00000000e0780000, 0x00000000eaaa0000)
  eden space 6144K, 100% used [0x00000000e0000000, 0x00000000e0600000, 0x00000000e0600000)
  from space 768K,  66% used [0x00000000e0600000, 0x00000000e067f108, 0x00000000e06c0000)
  to   space 768K,   0% used [0x00000000e06c0000, 0x00000000e06c0000, 0x00000000e0780000)
 tenured generation   total 15256K, used 10108K [0x00000000eaaa0000, 0x00000000eb986000, 0x0000000100000000)
   the space 15256K,  66% used [0x00000000eaaa0000, 0x00000000eb47f1d0, 0x00000000eb47f200, 0x00000000eb986000)
 Metaspace       used 28406K, capacity 30724K, committed 30896K, reserved 1075200K
  class space    used 3810K, capacity 4210K, committed 4272K, reserved 1048576K
Event: 6.251 GC heap after
Heap after GC invocations=70 (full 2):
 def new generation   total 6912K, used 669K [0x00000000e0000000, 0x00000000e0780000, 0x00000000eaaa0000)
  eden space 6144K,   0% used [0x00000000e0000000, 0x00000000e0000000, 0x00000000e0600000)
  from space 768K,  87% used [0x00000000e06c0000, 0x00000000e0767610, 0x00000000e0780000)
  to   space 768K,   0% used [0x00000000e0600000, 0x00000000e0600000, 0x00000000e06c0000)
 tenured generation   total 15256K, used 10303K [0x00000000eaaa0000, 0x00000000eb986000, 0x0000000100000000)
   the space 15256K,  67% used [0x00000000eaaa0000, 0x00000000eb4aff40, 0x00000000eb4b0000, 0x00000000eb986000)
 Metaspace       used 28406K, capacity 30724K, committed 30896K, reserved 1075200K
  class space    used 3810K, capacity 4210K, committed 4272K, reserved 1048576K
}
Event: 6.341 GC heap before
{Heap before GC invocations=70 (full 2):
 def new generation   total 6912K, used 6813K [0x00000000e0000000, 0x00000000e0780000, 0x00000000eaaa0000)
  eden space 6144K, 100% used [0x00000000e0000000, 0x00000000e0600000, 0x00000000e0600000)
  from space 768K,  87% used [0x00000000e06c0000, 0x00000000e0767610, 0x00000000e0780000)
  to   space 768K,   0% used [0x00000000e0600000, 0x00000000e0600000, 0x00000000e06c0000)
 tenured generation   total 15256K, used 10303K [0x00000000eaaa0000, 0x00000000eb986000, 0x0000000100000000)
   the space 15256K,  67% used [0x00000000eaaa0000, 0x00000000eb4aff40, 0x00000000eb4b0000, 0x00000000eb986000)
 Metaspace       used 28642K, capacity 30970K, committed 31280K, reserved 1077248K
  class space    used 3846K, capacity 4283K, committed 4400K, reserved 1048576K
Event: 6.344 GC heap after
Heap after GC invocations=71 (full 2):
 def new generation   total 6912K, used 453K [0x00000000e0000000, 0x00000000e0780000, 0x00000000eaaa0000)
  eden space 6144K,   0% used [0x00000000e0000000, 0x00000000e0000000, 0x00000000e0600000)
  from space 768K,  59% used [0x00000000e0600000, 0x00000000e0671540, 0x00000000e06c0000)
  to   space 768K,   0% used [0x00000000e06c0000, 0x00000000e06c0000, 0x00000000e0780000)
 tenured generation   total 15256K, used 10818K [0x00000000eaaa0000, 0x00000000eb986000, 0x0000000100000000)
   the space 15256K,  70% used [0x00000000eaaa0000, 0x00000000eb530a18, 0x00000000eb530c00, 0x00000000eb986000)
 Metaspace       used 28642K, capacity 30970K, committed 31280K, reserved 1077248K
  class space    used 3846K, capacity 4283K, committed 4400K, reserved 1048576K
}
Event: 6.423 GC heap before
{Heap before GC invocations=71 (full 2):
 def new generation   total 6912K, used 6597K [0x00000000e0000000, 0x00000000e0780000, 0x00000000eaaa0000)
  eden space 6144K, 100% used [0x00000000e0000000, 0x00000000e0600000, 0x00000000e0600000)
  from space 768K,  59% used [0x00000000e0600000, 0x00000000e0671540, 0x00000000e06c0000)
  to   space 768K,   0% used [0x00000000e06c0000, 0x00000000e06c0000, 0x00000000e0780000)
 tenured generation   total 15256K, used 10818K [0x00000000eaaa0000, 0x00000000eb986000, 0x0000000100000000)
   the space 15256K,  70% used [0x00000000eaaa0000, 0x00000000eb530a18, 0x00000000eb530c00, 0x00000000eb986000)
 Metaspace       used 28783K, capacity 31148K, committed 31280K, reserved 1077248K
  class space    used 3870K, capacity 4320K, committed 4400K, reserved 1048576K
Event: 6.426 GC heap after
Heap after GC invocations=72 (full 2):
 def new generation   total 6912K, used 226K [0x00000000e0000000, 0x00000000e0780000, 0x00000000eaaa0000)
  eden space 6144K,   0% used [0x00000000e0000000, 0x00000000e0000000, 0x00000000e0600000)
  from space 768K,  29% used [0x00000000e06c0000, 0x00000000e06f8968, 0x00000000e0780000)
  to   space 768K,   0% used [0x00000000e0600000, 0x00000000e0600000, 0x00000000e06c0000)
 tenured generation   total 15256K, used 11089K [0x00000000eaaa0000, 0x00000000eb986000, 0x0000000100000000)
   the space 15256K,  72% used [0x00000000eaaa0000, 0x00000000eb574500, 0x00000000eb574600, 0x00000000eb986000)
 Metaspace       used 28783K, capacity 31148K, committed 31280K, reserved 1077248K
  class space    used 3870K, capacity 4320K, committed 4400K, reserved 1048576K
}
Event: 6.504 GC heap before
{Heap before GC invocations=72 (full 2):
 def new generation   total 6912K, used 6370K [0x00000000e0000000, 0x00000000e0780000, 0x00000000eaaa0000)
  eden space 6144K, 100% used [0x00000000e0000000, 0x00000000e0600000, 0x00000000e0600000)
  from space 768K,  29% used [0x00000000e06c0000, 0x00000000e06f8968, 0x00000000e0780000)
  to   space 768K,   0% used [0x00000000e0600000, 0x00000000e0600000, 0x00000000e06c0000)
 tenured generation   total 15256K, used 11089K [0x00000000eaaa0000, 0x00000000eb986000, 0x0000000100000000)
   the space 15256K,  72% used [0x00000000eaaa0000, 0x00000000eb574500, 0x00000000eb574600, 0x00000000eb986000)
 Metaspace       used 28869K, capacity 31288K, committed 31536K, reserved 1077248K
  class space    used 3887K, capacity 4324K, committed 4400K, reserved 1048576K
Event: 6.507 GC heap after
Heap after GC invocations=73 (full 2):
 def new generation   total 6912K, used 392K [0x00000000e0000000, 0x00000000e0780000, 0x00000000eaaa0000)
  eden space 6144K,   0% used [0x00000000e0000000, 0x00000000e0000000, 0x00000000e0600000)
  from space 768K,  51% used [0x00000000e0600000, 0x00000000e06621b0, 0x00000000e06c0000)
  to   space 768K,   0% used [0x00000000e06c0000, 0x00000000e06c0000, 0x00000000e0780000)
 tenured generation   total 15256K, used 11089K [0x00000000eaaa0000, 0x00000000eb986000, 0x0000000100000000)
   the space 15256K,  72% used [0x00000000eaaa0000, 0x00000000eb574500, 0x00000000eb574600, 0x00000000eb986000)
 Metaspace       used 28869K, capacity 31288K, committed 31536K, reserved 1077248K
  class space    used 3887K, capacity 4324K, committed 4400K, reserved 1048576K
}
Event: 6.582 GC heap before
{Heap before GC invocations=73 (full 2):
 def new generation   total 6912K, used 6536K [0x00000000e0000000, 0x00000000e0780000, 0x00000000eaaa0000)
  eden space 6144K, 100% used [0x00000000e0000000, 0x00000000e0600000, 0x00000000e0600000)
  from space 768K,  51% used [0x00000000e0600000, 0x00000000e06621b0, 0x00000000e06c0000)
  to   space 768K,   0% used [0x00000000e06c0000, 0x00000000e06c0000, 0x00000000e0780000)
 tenured generation   total 15256K, used 11089K [0x00000000eaaa0000, 0x00000000eb986000, 0x0000000100000000)
   the space 15256K,  72% used [0x00000000eaaa0000, 0x00000000eb574500, 0x00000000eb574600, 0x00000000eb986000)
 Metaspace       used 29080K, capacity 31486K, committed 31536K, reserved 1077248K
  class space    used 3927K, capacity 4389K, committed 4400K, reserved 1048576K
Event: 6.585 GC heap after
Heap after GC invocations=74 (full 2):
 def new generation   total 6912K, used 543K [0x00000000e0000000, 0x00000000e0780000, 0x00000000eaaa0000)
  eden space 6144K,   0% used [0x00000000e0000000, 0x00000000e0000000, 0x00000000e0600000)
  from space 768K,  70% used [0x00000000e06c0000, 0x00000000e0747ed0, 0x00000000e0780000)
  to   space 768K,   0% used [0x00000000e0600000, 0x00000000e0600000, 0x00000000e06c0000)
 tenured generation   total 15256K, used 11224K [0x00000000eaaa0000, 0x00000000eb986000, 0x0000000100000000)
   the space 15256K,  73% used [0x00000000eaaa0000, 0x00000000eb5962a8, 0x00000000eb596400, 0x00000000eb986000)
 Metaspace       used 29080K, capacity 31486K, committed 31536K, reserved 1077248K
  class space    used 3927K, capacity 4389K, committed 4400K, reserved 1048576K
}
Event: 6.689 GC heap before
{Heap before GC invocations=74 (full 2):
 def new generation   total 6912K, used 6687K [0x00000000e0000000, 0x00000000e0780000, 0x00000000eaaa0000)
  eden space 6144K, 100% used [0x00000000e0000000, 0x00000000e0600000, 0x00000000e0600000)
  from space 768K,  70% used [0x00000000e06c0000, 0x00000000e0747ed0, 0x00000000e0780000)
  to   space 768K,   0% used [0x00000000e0600000, 0x00000000e0600000, 0x00000000e06c0000)
 tenured generation   total 15256K, used 11224K [0x00000000eaaa0000, 0x00000000eb986000, 0x0000000100000000)
   the space 15256K,  73% used [0x00000000eaaa0000, 0x00000000eb5962a8, 0x00000000eb596400, 0x00000000eb986000)
 Metaspace       used 29613K, capacity 32012K, committed 32176K, reserved 1077248K
  class space    used 3984K, capacity 4430K, committed 4528K, reserved 1048576K
Event: 6.696 GC heap after
Heap after GC invocations=75 (full 2):
 def new generation   total 6912K, used 767K [0x00000000e0000000, 0x00000000e0780000, 0x00000000eaaa0000)
  eden space 6144K,   0% used [0x00000000e0000000, 0x00000000e0000000, 0x00000000e0600000)
  from space 768K,  99% used [0x00000000e0600000, 0x00000000e06bff98, 0x00000000e06c0000)
  to   space 768K,   0% used [0x00000000e06c0000, 0x00000000e06c0000, 0x00000000e0780000)
 tenured generation   total 15256K, used 11485K [0x00000000eaaa0000, 0x00000000eb986000, 0x0000000100000000)
   the space 15256K,  75% used [0x00000000eaaa0000, 0x00000000eb5d7490, 0x00000000eb5d7600, 0x00000000eb986000)
 Metaspace       used 29613K, capacity 32012K, committed 32176K, reserved 1077248K
  class space    used 3984K, capacity 4430K, committed 4528K, reserved 1048576K
}
Event: 6.788 GC heap before
{Heap before GC invocations=75 (full 2):
 def new generation   total 6912K, used 6911K [0x00000000e0000000, 0x00000000e0780000, 0x00000000eaaa0000)
  eden space 6144K, 100% used [0x00000000e0000000, 0x00000000e0600000, 0x00000000e0600000)
  from space 768K,  99% used [0x00000000e0600000, 0x00000000e06bff98, 0x00000000e06c0000)
  to   space 768K,   0% used [0x00000000e06c0000, 0x00000000e06c0000, 0x00000000e0780000)
 tenured generation   total 15256K, used 11485K [0x00000000eaaa0000, 0x00000000eb986000, 0x0000000100000000)
   the space 15256K,  75% used [0x00000000eaaa0000, 0x00000000eb5d7490, 0x00000000eb5d7600, 0x00000000eb986000)
 Metaspace       used 29874K, capacity 32248K, committed 32432K, reserved 1077248K
  class space    used 4015K, capacity 4464K, committed 4528K, reserved 1048576K
Event: 6.791 GC heap after
Heap after GC invocations=76 (full 2):
 def new generation   total 6912K, used 336K [0x00000000e0000000, 0x00000000e0780000, 0x00000000eaaa0000)
  eden space 6144K,   0% used [0x00000000e0000000, 0x00000000e0000000, 0x00000000e0600000)
  from space 768K,  43% used [0x00000000e06c0000, 0x00000000e0714370, 0x00000000e0780000)
  to   space 768K,   0% used [0x00000000e0600000, 0x00000000e0600000, 0x00000000e06c0000)
 tenured generation   total 15256K, used 11921K [0x00000000eaaa0000, 0x00000000eb986000, 0x0000000100000000)
   the space 15256K,  78% used [0x00000000eaaa0000, 0x00000000eb644450, 0x00000000eb644600, 0x00000000eb986000)
 Metaspace       used 29874K, capacity 32248K, committed 32432K, reserved 1077248K
  class space    used 4015K, capacity 4464K, committed 4528K, reserved 1048576K
}
Event: 6.914 GC heap before
{Heap before GC invocations=76 (full 2):
 def new generation   total 6912K, used 6480K [0x00000000e0000000, 0x00000000e0780000, 0x00000000eaaa0000)
  eden space 6144K, 100% used [0x00000000e0000000, 0x00000000e0600000, 0x00000000e0600000)
  from space 768K,  43% used [0x00000000e06c0000, 0x00000000e0714370, 0x00000000e0780000)
  to   space 768K,   0% used [0x00000000e0600000, 0x00000000e0600000, 0x00000000e06c0000)
 tenured generation   total 15256K, used 11921K [0x00000000eaaa0000, 0x00000000eb986000, 0x0000000100000000)
   the space 15256K,  78% used [0x00000000eaaa0000, 0x00000000eb644450, 0x00000000eb644600, 0x00000000eb986000)
 Metaspace       used 30083K, capacity 32648K, committed 32688K, reserved 1077248K
  class space    used 4058K, capacity 4514K, committed 4528K, reserved 1048576K
Event: 6.917 GC heap after
Heap after GC invocations=77 (full 2):
 def new generation   total 6912K, used 735K [0x00000000e0000000, 0x00000000e0780000, 0x00000000eaaa0000)
  eden space 6144K,   0% used [0x00000000e0000000, 0x00000000e0000000, 0x00000000e0600000)
  from space 768K,  95% used [0x00000000e0600000, 0x00000000e06b7c70, 0x00000000e06c0000)
  to   space 768K,   0% used [0x00000000e06c0000, 0x00000000e06c0000, 0x00000000e0780000)
 tenured generation   total 15256K, used 11921K [0x00000000eaaa0000, 0x00000000eb986000, 0x0000000100000000)
   the space 15256K,  78% used [0x00000000eaaa0000, 0x00000000eb644450, 0x00000000eb644600, 0x00000000eb986000)
 Metaspace       used 30083K, capacity 32648K, committed 32688K, reserved 1077248K
  class space    used 4058K, capacity 4514K, committed 4528K, reserved 1048576K
}
Event: 7.025 GC heap before
{Heap before GC invocations=77 (full 2):
 def new generation   total 6912K, used 6879K [0x00000000e0000000, 0x00000000e0780000, 0x00000000eaaa0000)
  eden space 6144K, 100% used [0x00000000e0000000, 0x00000000e0600000, 0x00000000e0600000)
  from space 768K,  95% used [0x00000000e0600000, 0x00000000e06b7c70, 0x00000000e06c0000)
  to   space 768K,   0% used [0x00000000e06c0000, 0x00000000e06c0000, 0x00000000e0780000)
 tenured generation   total 15256K, used 11921K [0x00000000eaaa0000, 0x00000000eb986000, 0x0000000100000000)
   the space 15256K,  78% used [0x00000000eaaa0000, 0x00000000eb644450, 0x00000000eb644600, 0x00000000eb986000)
 Metaspace       used 30324K, capacity 33106K, committed 33328K, reserved 1077248K
  class space    used 4116K, capacity 4605K, committed 4656K, reserved 1048576K
Event: 7.029 GC heap after
Heap after GC invocations=78 (full 2):
 def new generation   total 6912K, used 433K [0x00000000e0000000, 0x00000000e0780000, 0x00000000eaaa0000)
  eden space 6144K,   0% used [0x00000000e0000000, 0x00000000e0000000, 0x00000000e0600000)
  from space 768K,  56% used [0x00000000e06c0000, 0x00000000e072c7a8, 0x00000000e0780000)
  to   space 768K,   0% used [0x00000000e0600000, 0x00000000e0600000, 0x00000000e06c0000)
 tenured generation   total 15256K, used 12556K [0x00000000eaaa0000, 0x00000000eb986000, 0x0000000100000000)
   the space 15256K,  82% used [0x00000000eaaa0000, 0x00000000eb6e3028, 0x00000000eb6e3200, 0x00000000eb986000)
 Metaspace       used 30324K, capacity 33106K, committed 33328K, reserved 1077248K
  class space    used 4116K, capacity 4605K, committed 4656K, reserved 1048576K
}
Event: 7.141 GC heap before
{Heap before GC invocations=78 (full 2):
 def new generation   total 6912K, used 6577K [0x00000000e0000000, 0x00000000e0780000, 0x00000000eaaa0000)
  eden space 6144K, 100% used [0x00000000e0000000, 0x00000000e0600000, 0x00000000e0600000)
  from space 768K,  56% used [0x00000000e06c0000, 0x00000000e072c7a8, 0x00000000e0780000)
  to   space 768K,   0% used [0x00000000e0600000, 0x00000000e0600000, 0x00000000e06c0000)
 tenured generation   total 15256K, used 12556K [0x00000000eaaa0000, 0x00000000eb986000, 0x0000000100000000)
   the space 15256K,  82% used [0x00000000eaaa0000, 0x00000000eb6e3028, 0x00000000eb6e3200, 0x00000000eb986000)
 Metaspace       used 30533K, capacity 33376K, committed 33584K, reserved 1079296K
  class space    used 4145K, capacity 4616K, committed 4656K, reserved 1048576K
Event: 7.144 GC heap after
Heap after GC invocations=79 (full 2):
 def new generation   total 6912K, used 355K [0x00000000e0000000, 0x00000000e0780000, 0x00000000eaaa0000)
  eden space 6144K,   0% used [0x00000000e0000000, 0x00000000e0000000, 0x00000000e0600000)
  from space 768K,  46% used [0x00000000e0600000, 0x00000000e0658cd8, 0x00000000e06c0000)
  to   space 768K,   0% used [0x00000000e06c0000, 0x00000000e06c0000, 0x00000000e0780000)
 tenured generation   total 15256K, used 12888K [0x00000000eaaa0000, 0x00000000eb986000, 0x0000000100000000)
   the space 15256K,  84% used [0x00000000eaaa0000, 0x00000000eb736280, 0x00000000eb736400, 0x00000000eb986000)
 Metaspace       used 30533K, capacity 33376K, committed 33584K, reserved 1079296K
  class space    used 4145K, capacity 4616K, committed 4656K, reserved 1048576K
}
Event: 7.244 GC heap before
{Heap before GC invocations=79 (full 2):
 def new generation   total 6912K, used 6499K [0x00000000e0000000, 0x00000000e0780000, 0x00000000eaaa0000)
  eden space 6144K, 100% used [0x00000000e0000000, 0x00000000e0600000, 0x00000000e0600000)
  from space 768K,  46% used [0x00000000e0600000, 0x00000000e0658cd8, 0x00000000e06c0000)
  to   space 768K,   0% used [0x00000000e06c0000, 0x00000000e06c0000, 0x00000000e0780000)
 tenured generation   total 15256K, used 12888K [0x00000000eaaa0000, 0x00000000eb986000, 0x0000000100000000)
   the space 15256K,  84% used [0x00000000eaaa0000, 0x00000000eb736280, 0x00000000eb736400, 0x00000000eb986000)
 Metaspace       used 31062K, capacity 33856K, committed 33968K, reserved 1079296K
  class space    used 4202K, capacity 4712K, committed 4784K, reserved 1048576K
Event: 7.246 GC heap after
Heap after GC invocations=80 (full 2):
 def new generation   total 6912K, used 767K [0x00000000e0000000, 0x00000000e0780000, 0x00000000eaaa0000)
  eden space 6144K,   0% used [0x00000000e0000000, 0x00000000e0000000, 0x00000000e0600000)
  from space 768K,  99% used [0x00000000e06c0000, 0x00000000e077ff78, 0x00000000e0780000)
  to   space 768K,   0% used [0x00000000e0600000, 0x00000000e0600000, 0x00000000e06c0000)
 tenured generation   total 15256K, used 12954K [0x00000000eaaa0000, 0x00000000eb986000, 0x0000000100000000)
   the space 15256K,  84% used [0x00000000eaaa0000, 0x00000000eb746820, 0x00000000eb746a00, 0x00000000eb986000)
 Metaspace       used 31062K, capacity 33856K, committed 33968K, reserved 1079296K
  class space    used 4202K, capacity 4712K, committed 4784K, reserved 1048576K
}
Event: 7.373 GC heap before
{Heap before GC invocations=80 (full 2):
 def new generation   total 6912K, used 6911K [0x00000000e0000000, 0x00000000e0780000, 0x00000000eaaa0000)
  eden space 6144K, 100% used [0x00000000e0000000, 0x00000000e0600000, 0x00000000e0600000)
  from space 768K,  99% used [0x00000000e06c0000, 0x00000000e077ff78, 0x00000000e0780000)
  to   space 768K,   0% used [0x00000000e0600000, 0x00000000e0600000, 0x00000000e06c0000)
 tenured generation   total 15256K, used 12954K [0x00000000eaaa0000, 0x00000000eb986000, 0x0000000100000000)
   the space 15256K,  84% used [0x00000000eaaa0000, 0x00000000eb746820, 0x00000000eb746a00, 0x00000000eb986000)
 Metaspace       used 31636K, capacity 34470K, committed 34736K, reserved 1079296K
  class space    used 4258K, capacity 4745K, committed 4784K, reserved 1048576K
Event: 7.377 GC heap after
Heap after GC invocations=81 (full 2):
 def new generation   total 6912K, used 755K [0x00000000e0000000, 0x00000000e0780000, 0x00000000eaaa0000)
  eden space 6144K,   0% used [0x00000000e0000000, 0x00000000e0000000, 0x00000000e0600000)
  from space 768K,  98% used [0x00000000e0600000, 0x00000000e06bcf50, 0x00000000e06c0000)
  to   space 768K,   0% used [0x00000000e06c0000, 0x00000000e06c0000, 0x00000000e0780000)
 tenured generation   total 15256K, used 13403K [0x00000000eaaa0000, 0x00000000eb986000, 0x0000000100000000)
   the space 15256K,  87% used [0x00000000eaaa0000, 0x00000000eb7b6c58, 0x00000000eb7b6e00, 0x00000000eb986000)
 Metaspace       used 31636K, capacity 34470K, committed 34736K, reserved 1079296K
  class space    used 4258K, capacity 4745K, committed 4784K, reserved 1048576K
}
Event: 7.484 GC heap before
{Heap before GC invocations=81 (full 2):
 def new generation   total 6912K, used 6899K [0x00000000e0000000, 0x00000000e0780000, 0x00000000eaaa0000)
  eden space 6144K, 100% used [0x00000000e0000000, 0x00000000e0600000, 0x00000000e0600000)
  from space 768K,  98% used [0x00000000e0600000, 0x00000000e06bcf50, 0x00000000e06c0000)
  to   space 768K,   0% used [0x00000000e06c0000, 0x00000000e06c0000, 0x00000000e0780000)
 tenured generation   total 15256K, used 13403K [0x00000000eaaa0000, 0x00000000eb986000, 0x0000000100000000)
   the space 15256K,  87% used [0x00000000eaaa0000, 0x00000000eb7b6c58, 0x00000000eb7b6e00, 0x00000000eb986000)
 Metaspace       used 32301K, capacity 35138K, committed 35376K, reserved 1079296K
  class space    used 4323K, capacity 4815K, committed 4912K, reserved 1048576K
Event: 7.487 GC heap after
Heap after GC invocations=82 (full 2):
 def new generation   total 6912K, used 719K [0x00000000e0000000, 0x00000000e0780000, 0x00000000eaaa0000)
  eden space 6144K,   0% used [0x00000000e0000000, 0x00000000e0000000, 0x00000000e0600000)
  from space 768K,  93% used [0x00000000e06c0000, 0x00000000e0773ef0, 0x00000000e0780000)
  to   space 768K,   0% used [0x00000000e0600000, 0x00000000e0600000, 0x00000000e06c0000)
 tenured generation   total 15256K, used 13723K [0x00000000eaaa0000, 0x00000000eb986000, 0x0000000100000000)
   the space 15256K,  89% used [0x00000000eaaa0000, 0x00000000eb806e10, 0x00000000eb807000, 0x00000000eb986000)
 Metaspace       used 32301K, capacity 35138K, committed 35376K, reserved 1079296K
  class space    used 4323K, capacity 4815K, committed 4912K, reserved 1048576K
}
Event: 7.516 GC heap before
{Heap before GC invocations=82 (full 2):
 def new generation   total 6912K, used 6862K [0x00000000e0000000, 0x00000000e0780000, 0x00000000eaaa0000)
  eden space 6144K,  99% used [0x00000000e0000000, 0x00000000e05ffa20, 0x00000000e0600000)
  from space 768K,  93% used [0x00000000e06c0000, 0x00000000e0773ef0, 0x00000000e0780000)
  to   space 768K,   0% used [0x00000000e0600000, 0x00000000e0600000, 0x00000000e06c0000)
 tenured generation   total 15256K, used 13723K [0x00000000eaaa0000, 0x00000000eb986000, 0x0000000100000000)
   the space 15256K,  89% used [0x00000000eaaa0000, 0x00000000eb806e10, 0x00000000eb807000, 0x00000000eb986000)
 Metaspace       used 32357K, capacity 35234K, committed 35376K, reserved 1079296K
  class space    used 4328K, capacity 4847K, committed 4912K, reserved 1048576K
Event: 7.518 GC heap after
Heap after GC invocations=83 (full 2):
 def new generation   total 6912K, used 193K [0x00000000e0000000, 0x00000000e0780000, 0x00000000eaaa0000)
  eden space 6144K,   0% used [0x00000000e0000000, 0x00000000e0000000, 0x00000000e0600000)
  from space 768K,  25% used [0x00000000e0600000, 0x00000000e0630540, 0x00000000e06c0000)
  to   space 768K,   0% used [0x00000000e06c0000, 0x00000000e06c0000, 0x00000000e0780000)
 tenured generation   total 15256K, used 14026K [0x00000000eaaa0000, 0x00000000eb986000, 0x0000000100000000)
   the space 15256K,  91% used [0x00000000eaaa0000, 0x00000000eb852bd8, 0x00000000eb852c00, 0x00000000eb986000)
 Metaspace       used 32357K, capacity 35234K, committed 35376K, reserved 1079296K
  class space    used 4328K, capacity 4847K, committed 4912K, reserved 1048576K
}
Event: 7.525 GC heap before
{Heap before GC invocations=83 (full 2):
 def new generation   total 6912K, used 6326K [0x00000000e0000000, 0x00000000e0780000, 0x00000000eaaa0000)
  eden space 6144K,  99% used [0x00000000e0000000, 0x00000000e05fd6b0, 0x00000000e0600000)
  from space 768K,  25% used [0x00000000e0600000, 0x00000000e0630540, 0x00000000e06c0000)
  to   space 768K,   0% used [0x00000000e06c0000, 0x00000000e06c0000, 0x00000000e0780000)
 tenured generation   total 15256K, used 14026K [0x00000000eaaa0000, 0x00000000eb986000, 0x0000000100000000)
   the space 15256K,  91% used [0x00000000eaaa0000, 0x00000000eb852bd8, 0x00000000eb852c00, 0x00000000eb986000)
 Metaspace       used 32357K, capacity 35234K, committed 35376K, reserved 1079296K
  class space    used 4328K, capacity 4847K, committed 4912K, reserved 1048576K
Event: 7.526 GC heap after
Heap after GC invocations=84 (full 2):
 def new generation   total 6912K, used 207K [0x00000000e0000000, 0x00000000e0780000, 0x00000000eaaa0000)
  eden space 6144K,   0% used [0x00000000e0000000, 0x00000000e0000000, 0x00000000e0600000)
  from space 768K,  26% used [0x00000000e06c0000, 0x00000000e06f3c40, 0x00000000e0780000)
  to   space 768K,   0% used [0x00000000e0600000, 0x00000000e0600000, 0x00000000e06c0000)
 tenured generation   total 15256K, used 14026K [0x00000000eaaa0000, 0x00000000eb986000, 0x0000000100000000)
   the space 15256K,  91% used [0x00000000eaaa0000, 0x00000000eb852bd8, 0x00000000eb852c00, 0x00000000eb986000)
 Metaspace       used 32357K, capacity 35234K, committed 35376K, reserved 1079296K
  class space    used 4328K, capacity 4847K, committed 4912K, reserved 1048576K
}
Event: 7.527 GC heap before
{Heap before GC invocations=84 (full 2):
 def new generation   total 6912K, used 6336K [0x00000000e0000000, 0x00000000e0780000, 0x00000000eaaa0000)
  eden space 6144K,  99% used [0x00000000e0000000, 0x00000000e05fc610, 0x00000000e0600000)
  from space 768K,  26% used [0x00000000e06c0000, 0x00000000e06f3c40, 0x00000000e0780000)
  to   space 768K,   0% used [0x00000000e0600000, 0x00000000e0600000, 0x00000000e06c0000)
 tenured generation   total 15256K, used 14026K [0x00000000eaaa0000, 0x00000000eb986000, 0x0000000100000000)
   the space 15256K,  91% used [0x00000000eaaa0000, 0x00000000eb852bd8, 0x00000000eb852c00, 0x00000000eb986000)
 Metaspace       used 32357K, capacity 35234K, committed 35376K, reserved 1079296K
  class space    used 4328K, capacity 4847K, committed 4912K, reserved 1048576K
Event: 7.529 GC heap after
Heap after GC invocations=85 (full 2):
 def new generation   total 6912K, used 217K [0x00000000e0000000, 0x00000000e0780000, 0x00000000eaaa0000)
  eden space 6144K,   0% used [0x00000000e0000000, 0x00000000e0000000, 0x00000000e0600000)
  from space 768K,  28% used [0x00000000e0600000, 0x00000000e0636598, 0x00000000e06c0000)
  to   space 768K,   0% used [0x00000000e06c0000, 0x00000000e06c0000, 0x00000000e0780000)
 tenured generation   total 15256K, used 14026K [0x00000000eaaa0000, 0x00000000eb986000, 0x0000000100000000)
   the space 15256K,  91% used [0x00000000eaaa0000, 0x00000000eb852bd8, 0x00000000eb852c00, 0x00000000eb986000)
 Metaspace       used 32357K, capacity 35234K, committed 35376K, reserved 1079296K
  class space    used 4328K, capacity 4847K, committed 4912K, reserved 1048576K
}
Event: 7.530 GC heap before
{Heap before GC invocations=85 (full 2):
 def new generation   total 6912K, used 6357K [0x00000000e0000000, 0x00000000e0780000, 0x00000000eaaa0000)
  eden space 6144K,  99% used [0x00000000e0000000, 0x00000000e05feed0, 0x00000000e0600000)
  from space 768K,  28% used [0x00000000e0600000, 0x00000000e0636598, 0x00000000e06c0000)
  to   space 768K,   0% used [0x00000000e06c0000, 0x00000000e06c0000, 0x00000000e0780000)
 tenured generation   total 15256K, used 14026K [0x00000000eaaa0000, 0x00000000eb986000, 0x0000000100000000)
   the space 15256K,  91% used [0x00000000eaaa0000, 0x00000000eb852bd8, 0x00000000eb852c00, 0x00000000eb986000)
 Metaspace       used 32357K, capacity 35234K, committed 35376K, reserved 1079296K
  class space    used 4328K, capacity 4847K, committed 4912K, reserved 1048576K
Event: 7.530 GC heap after
Heap after GC invocations=86 (full 2):
 def new generation   total 6912K, used 225K [0x00000000e0000000, 0x00000000e0780000, 0x00000000eaaa0000)
  eden space 6144K,   0% used [0x00000000e0000000, 0x00000000e0000000, 0x00000000e0600000)
  from space 768K,  29% used [0x00000000e06c0000, 0x00000000e06f86d0, 0x00000000e0780000)
  to   space 768K,   0% used [0x00000000e0600000, 0x00000000e0600000, 0x00000000e06c0000)
 tenured generation   total 15256K, used 14026K [0x00000000eaaa0000, 0x00000000eb986000, 0x0000000100000000)
   the space 15256K,  91% used [0x00000000eaaa0000, 0x00000000eb852bd8, 0x00000000eb852c00, 0x00000000eb986000)
 Metaspace       used 32357K, capacity 35234K, committed 35376K, reserved 1079296K
  class space    used 4328K, capacity 4847K, committed 4912K, reserved 1048576K
}
Event: 7.537 GC heap before
{Heap before GC invocations=86 (full 2):
 def new generation   total 6912K, used 6365K [0x00000000e0000000, 0x00000000e0780000, 0x00000000eaaa0000)
  eden space 6144K,  99% used [0x00000000e0000000, 0x00000000e05ff0e8, 0x00000000e0600000)
  from space 768K,  29% used [0x00000000e06c0000, 0x00000000e06f86d0, 0x00000000e0780000)
  to   space 768K,   0% used [0x00000000e0600000, 0x00000000e0600000, 0x00000000e06c0000)
 tenured generation   total 15256K, used 14026K [0x00000000eaaa0000, 0x00000000eb986000, 0x0000000100000000)
   the space 15256K,  91% used [0x00000000eaaa0000, 0x00000000eb852bd8, 0x00000000eb852c00, 0x00000000eb986000)
 Metaspace       used 32357K, capacity 35234K, committed 35376K, reserved 1079296K
  class space    used 4328K, capacity 4847K, committed 4912K, reserved 1048576K
Event: 7.538 GC heap after
Heap after GC invocations=87 (full 2):
 def new generation   total 6912K, used 232K [0x00000000e0000000, 0x00000000e0780000, 0x00000000eaaa0000)
  eden space 6144K,   0% used [0x00000000e0000000, 0x00000000e0000000, 0x00000000e0600000)
  from space 768K,  30% used [0x00000000e0600000, 0x00000000e063a380, 0x00000000e06c0000)
  to   space 768K,   0% used [0x00000000e06c0000, 0x00000000e06c0000, 0x00000000e0780000)
 tenured generation   total 15256K, used 14026K [0x00000000eaaa0000, 0x00000000eb986000, 0x0000000100000000)
   the space 15256K,  91% used [0x00000000eaaa0000, 0x00000000eb852bd8, 0x00000000eb852c00, 0x00000000eb986000)
 Metaspace       used 32357K, capacity 35234K, committed 35376K, reserved 1079296K
  class space    used 4328K, capacity 4847K, committed 4912K, reserved 1048576K
}
Event: 7.539 GC heap before
{Heap before GC invocations=87 (full 2):
 def new generation   total 6912K, used 6334K [0x00000000e0000000, 0x00000000e0780000, 0x00000000eaaa0000)
  eden space 6144K,  99% used [0x00000000e0000000, 0x00000000e05f5728, 0x00000000e0600000)
  from space 768K,  30% used [0x00000000e0600000, 0x00000000e063a380, 0x00000000e06c0000)
  to   space 768K,   0% used [0x00000000e06c0000, 0x00000000e06c0000, 0x00000000e0780000)
 tenured generation   total 15256K, used 14026K [0x00000000eaaa0000, 0x00000000eb986000, 0x0000000100000000)
   the space 15256K,  91% used [0x00000000eaaa0000, 0x00000000eb852bd8, 0x00000000eb852c00, 0x00000000eb986000)
 Metaspace       used 32357K, capacity 35234K, committed 35376K, reserved 1079296K
  class space    used 4328K, capacity 4847K, committed 4912K, reserved 1048576K
Event: 7.540 GC heap after
Heap after GC invocations=88 (full 2):
 def new generation   total 6912K, used 239K [0x00000000e0000000, 0x00000000e0780000, 0x00000000eaaa0000)
  eden space 6144K,   0% used [0x00000000e0000000, 0x00000000e0000000, 0x00000000e0600000)
  from space 768K,  31% used [0x00000000e06c0000, 0x00000000e06fbca0, 0x00000000e0780000)
  to   space 768K,   0% used [0x00000000e0600000, 0x00000000e0600000, 0x00000000e06c0000)
 tenured generation   total 15256K, used 14026K [0x00000000eaaa0000, 0x00000000eb986000, 0x0000000100000000)
   the space 15256K,  91% used [0x00000000eaaa0000, 0x00000000eb852bd8, 0x00000000eb852c00, 0x00000000eb986000)
 Metaspace       used 32357K, capacity 35234K, committed 35376K, reserved 1079296K
  class space    used 4328K, capacity 4847K, committed 4912K, reserved 1048576K
}
Event: 7.551 GC heap before
{Heap before GC invocations=88 (full 2):
 def new generation   total 6912K, used 6383K [0x00000000e0000000, 0x00000000e0780000, 0x00000000eaaa0000)
  eden space 6144K, 100% used [0x00000000e0000000, 0x00000000e0600000, 0x00000000e0600000)
  from space 768K,  31% used [0x00000000e06c0000, 0x00000000e06fbca0, 0x00000000e0780000)
  to   space 768K,   0% used [0x00000000e0600000, 0x00000000e0600000, 0x00000000e06c0000)
 tenured generation   total 15256K, used 14026K [0x00000000eaaa0000, 0x00000000eb986000, 0x0000000100000000)
   the space 15256K,  91% used [0x00000000eaaa0000, 0x00000000eb852bd8, 0x00000000eb852c00, 0x00000000eb986000)
 Metaspace       used 32357K, capacity 35234K, committed 35376K, reserved 1079296K
  class space    used 4328K, capacity 4847K, committed 4912K, reserved 1048576K
Event: 7.552 GC heap after
Heap after GC invocations=89 (full 2):
 def new generation   total 6912K, used 107K [0x00000000e0000000, 0x00000000e0780000, 0x00000000eaaa0000)
  eden space 6144K,   0% used [0x00000000e0000000, 0x00000000e0000000, 0x00000000e0600000)
  from space 768K,  13% used [0x00000000e0600000, 0x00000000e061ac88, 0x00000000e06c0000)
  to   space 768K,   0% used [0x00000000e06c0000, 0x00000000e06c0000, 0x00000000e0780000)
 tenured generation   total 15256K, used 14026K [0x00000000eaaa0000, 0x00000000eb986000, 0x0000000100000000)
   the space 15256K,  91% used [0x00000000eaaa0000, 0x00000000eb852bd8, 0x00000000eb852c00, 0x00000000eb986000)
 Metaspace       used 32357K, capacity 35234K, committed 35376K, reserved 1079296K
  class space    used 4328K, capacity 4847K, committed 4912K, reserved 1048576K
}
Event: 7.644 GC heap before
{Heap before GC invocations=89 (full 2):
 def new generation   total 6912K, used 6251K [0x00000000e0000000, 0x00000000e0780000, 0x00000000eaaa0000)
  eden space 6144K, 100% used [0x00000000e0000000, 0x00000000e0600000, 0x00000000e0600000)
  from space 768K,  13% used [0x00000000e0600000, 0x00000000e061ac88, 0x00000000e06c0000)
  to   space 768K,   0% used [0x00000000e06c0000, 0x00000000e06c0000, 0x00000000e0780000)
 tenured generation   total 15256K, used 14026K [0x00000000eaaa0000, 0x00000000eb986000, 0x0000000100000000)
   the space 15256K,  91% used [0x00000000eaaa0000, 0x00000000eb852bd8, 0x00000000eb852c00, 0x00000000eb986000)
 Metaspace       used 32619K, capacity 35490K, committed 35632K, reserved 1079296K
  class space    used 4355K, capacity 4847K, committed 4912K, reserved 1048576K
Event: 7.647 GC heap after
Heap after GC invocations=90 (full 2):
 def new generation   total 6912K, used 480K [0x00000000e0000000, 0x00000000e0780000, 0x00000000eaaa0000)
  eden space 6144K,   0% used [0x00000000e0000000, 0x00000000e0000000, 0x00000000e0600000)
  from space 768K,  62% used [0x00000000e06c0000, 0x00000000e0738308, 0x00000000e0780000)
  to   space 768K,   0% used [0x00000000e0600000, 0x00000000e0600000, 0x00000000e06c0000)
 tenured generation   total 15256K, used 14026K [0x00000000eaaa0000, 0x00000000eb986000, 0x0000000100000000)
   the space 15256K,  91% used [0x00000000eaaa0000, 0x00000000eb852bd8, 0x00000000eb852c00, 0x00000000eb986000)
 Metaspace       used 32619K, capacity 35490K, committed 35632K, reserved 1079296K
  class space    used 4355K, capacity 4847K, committed 4912K, reserved 1048576K
}
Event: 7.763 GC heap before
{Heap before GC invocations=90 (full 2):
 def new generation   total 6912K, used 6624K [0x00000000e0000000, 0x00000000e0780000, 0x00000000eaaa0000)
  eden space 6144K, 100% used [0x00000000e0000000, 0x00000000e0600000, 0x00000000e0600000)
  from space 768K,  62% used [0x00000000e06c0000, 0x00000000e0738308, 0x00000000e0780000)
  to   space 768K,   0% used [0x00000000e0600000, 0x00000000e0600000, 0x00000000e06c0000)
 tenured generation   total 15256K, used 14026K [0x00000000eaaa0000, 0x00000000eb986000, 0x0000000100000000)
   the space 15256K,  91% used [0x00000000eaaa0000, 0x00000000eb852bd8, 0x00000000eb852c00, 0x00000000eb986000)
 Metaspace       used 32905K, capacity 35836K, committed 35888K, reserved 1081344K
  class space    used 4402K, capacity 4904K, committed 4912K, reserved 1048576K
Event: 7.767 GC heap after
Heap after GC invocations=91 (full 2):
 def new generation   total 6912K, used 588K [0x00000000e0000000, 0x00000000e0780000, 0x00000000eaaa0000)
  eden space 6144K,   0% used [0x00000000e0000000, 0x00000000e0000000, 0x00000000e0600000)
  from space 768K,  76% used [0x00000000e0600000, 0x00000000e06932b0, 0x00000000e06c0000)
  to   space 768K,   0% used [0x00000000e06c0000, 0x00000000e06c0000, 0x00000000e0780000)
 tenured generation   total 15256K, used 14215K [0x00000000eaaa0000, 0x00000000eb986000, 0x0000000100000000)
   the space 15256K,  93% used [0x00000000eaaa0000, 0x00000000eb881d80, 0x00000000eb881e00, 0x00000000eb986000)
 Metaspace       used 32905K, capacity 35836K, committed 35888K, reserved 1081344K
  class space    used 4402K, capacity 4904K, committed 4912K, reserved 1048576K
}
Event: 7.914 GC heap before
{Heap before GC invocations=91 (full 2):
 def new generation   total 6912K, used 6732K [0x00000000e0000000, 0x00000000e0780000, 0x00000000eaaa0000)
  eden space 6144K, 100% used [0x00000000e0000000, 0x00000000e0600000, 0x00000000e0600000)
  from space 768K,  76% used [0x00000000e0600000, 0x00000000e06932b0, 0x00000000e06c0000)
  to   space 768K,   0% used [0x00000000e06c0000, 0x00000000e06c0000, 0x00000000e0780000)
 tenured generation   total 15256K, used 14215K [0x00000000eaaa0000, 0x00000000eb986000, 0x0000000100000000)
   the space 15256K,  93% used [0x00000000eaaa0000, 0x00000000eb881d80, 0x00000000eb881e00, 0x00000000eb986000)
 Metaspace       used 33610K, capacity 36582K, committed 36784K, reserved 1081344K
  class space    used 4471K, capacity 5003K, committed 5040K, reserved 1048576K
Event: 7.917 GC heap after
Heap after GC invocations=92 (full 2):
 def new generation   total 6912K, used 675K [0x00000000e0000000, 0x00000000e0780000, 0x00000000eaaa0000)
  eden space 6144K,   0% used [0x00000000e0000000, 0x00000000e0000000, 0x00000000e0600000)
  from space 768K,  87% used [0x00000000e06c0000, 0x00000000e0768f18, 0x00000000e0780000)
  to   space 768K,   0% used [0x00000000e0600000, 0x00000000e0600000, 0x00000000e06c0000)
 tenured generation   total 15256K, used 14573K [0x00000000eaaa0000, 0x00000000eb986000, 0x0000000100000000)
   the space 15256K,  95% used [0x00000000eaaa0000, 0x00000000eb8db418, 0x00000000eb8db600, 0x00000000eb986000)
 Metaspace       used 33610K, capacity 36582K, committed 36784K, reserved 1081344K
  class space    used 4471K, capacity 5003K, committed 5040K, reserved 1048576K
}
Event: 8.072 GC heap before
{Heap before GC invocations=92 (full 2):
 def new generation   total 6912K, used 6819K [0x00000000e0000000, 0x00000000e0780000, 0x00000000eaaa0000)
  eden space 6144K, 100% used [0x00000000e0000000, 0x00000000e0600000, 0x00000000e0600000)
  from space 768K,  87% used [0x00000000e06c0000, 0x00000000e0768f18, 0x00000000e0780000)
  to   space 768K,   0% used [0x00000000e0600000, 0x00000000e0600000, 0x00000000e06c0000)
 tenured generation   total 15256K, used 14573K [0x00000000eaaa0000, 0x00000000eb986000, 0x0000000100000000)
   the space 15256K,  95% used [0x00000000eaaa0000, 0x00000000eb8db418, 0x00000000eb8db600, 0x00000000eb986000)
 Metaspace       used 34766K, capacity 37734K, committed 37936K, reserved 1081344K
  class space    used 4608K, capacity 5131K, committed 5168K, reserved 1048576K
Event: 8.141 GC heap after
Heap after GC invocations=93 (full 3):
 def new generation   total 11776K, used 0K [0x00000000e0000000, 0x00000000e0cc0000, 0x00000000eaaa0000)
  eden space 10496K,   0% used [0x00000000e0000000, 0x00000000e0000000, 0x00000000e0a40000)
  from space 1280K,   0% used [0x00000000e0a40000, 0x00000000e0a40000, 0x00000000e0b80000)
  to   space 1280K,   0% used [0x00000000e0b80000, 0x00000000e0b80000, 0x00000000e0cc0000)
 tenured generation   total 25944K, used 15566K [0x00000000eaaa0000, 0x00000000ec3f6000, 0x0000000100000000)
   the space 25944K,  59% used [0x00000000eaaa0000, 0x00000000eb9d3970, 0x00000000eb9d3a00, 0x00000000ec3f6000)
 Metaspace       used 34766K, capacity 37734K, committed 37936K, reserved 1081344K
  class space    used 4608K, capacity 5131K, committed 5168K, reserved 1048576K
}
Event: 8.405 GC heap before
{Heap before GC invocations=93 (full 3):
 def new generation   total 11776K, used 10496K [0x00000000e0000000, 0x00000000e0cc0000, 0x00000000eaaa0000)
  eden space 10496K, 100% used [0x00000000e0000000, 0x00000000e0a40000, 0x00000000e0a40000)
  from space 1280K,   0% used [0x00000000e0a40000, 0x00000000e0a40000, 0x00000000e0b80000)
  to   space 1280K,   0% used [0x00000000e0b80000, 0x00000000e0b80000, 0x00000000e0cc0000)
 tenured generation   total 25944K, used 15566K [0x00000000eaaa0000, 0x00000000ec3f6000, 0x0000000100000000)
   the space 25944K,  59% used [0x00000000eaaa0000, 0x00000000eb9d3970, 0x00000000eb9d3a00, 0x00000000ec3f6000)
 Metaspace       used 36509K, capacity 39434K, committed 39600K, reserved 1083392K
  class space    used 4803K, capacity 5293K, committed 5296K, reserved 1048576K
Event: 8.409 GC heap after
Heap after GC invocations=94 (full 3):
 def new generation   total 11776K, used 1278K [0x00000000e0000000, 0x00000000e0cc0000, 0x00000000eaaa0000)
  eden space 10496K,   0% used [0x00000000e0000000, 0x00000000e0000000, 0x00000000e0a40000)
  from space 1280K,  99% used [0x00000000e0b80000, 0x00000000e0cbf858, 0x00000000e0cc0000)
  to   space 1280K,   0% used [0x00000000e0a40000, 0x00000000e0a40000, 0x00000000e0b80000)
 tenured generation   total 25944K, used 15598K [0x00000000eaaa0000, 0x00000000ec3f6000, 0x0000000100000000)
   the space 25944K,  60% used [0x00000000eaaa0000, 0x00000000eb9db9d8, 0x00000000eb9dba00, 0x00000000ec3f6000)
 Metaspace       used 36509K, capacity 39434K, committed 39600K, reserved 1083392K
  class space    used 4803K, capacity 5293K, committed 5296K, reserved 1048576K
}
Event: 8.588 GC heap before
{Heap before GC invocations=94 (full 3):
 def new generation   total 11776K, used 11774K [0x00000000e0000000, 0x00000000e0cc0000, 0x00000000eaaa0000)
  eden space 10496K, 100% used [0x00000000e0000000, 0x00000000e0a40000, 0x00000000e0a40000)
  from space 1280K,  99% used [0x00000000e0b80000, 0x00000000e0cbf858, 0x00000000e0cc0000)
  to   space 1280K,   0% used [0x00000000e0a40000, 0x00000000e0a40000, 0x00000000e0b80000)
 tenured generation   total 25944K, used 15598K [0x00000000eaaa0000, 0x00000000ec3f6000, 0x0000000100000000)
   the space 25944K,  60% used [0x00000000eaaa0000, 0x00000000eb9db9d8, 0x00000000eb9dba00, 0x00000000ec3f6000)
 Metaspace       used 36663K, capacity 39638K, committed 39728K, reserved 1083392K
  class space    used 4829K, capacity 5347K, committed 5424K, reserved 1048576K
Event: 8.593 GC heap after
Heap after GC invocations=95 (full 3):
 def new generation   total 11776K, used 534K [0x00000000e0000000, 0x00000000e0cc0000, 0x00000000eaaa0000)
  eden space 10496K,   0% used [0x00000000e0000000, 0x00000000e0000000, 0x00000000e0a40000)
  from space 1280K,  41% used [0x00000000e0a40000, 0x00000000e0ac5ab0, 0x00000000e0b80000)
  to   space 1280K,   0% used [0x00000000e0b80000, 0x00000000e0b80000, 0x00000000e0cc0000)
 tenured generation   total 25944K, used 15855K [0x00000000eaaa0000, 0x00000000ec3f6000, 0x0000000100000000)
   the space 25944K,  61% used [0x00000000eaaa0000, 0x00000000eba1bdc0, 0x00000000eba1be00, 0x00000000ec3f6000)
 Metaspace       used 36663K, capacity 39638K, committed 39728K, reserved 1083392K
  class space    used 4829K, capacity 5347K, committed 5424K, reserved 1048576K
}
Event: 8.713 GC heap before
{Heap before GC invocations=95 (full 3):
 def new generation   total 11776K, used 11030K [0x00000000e0000000, 0x00000000e0cc0000, 0x00000000eaaa0000)
  eden space 10496K, 100% used [0x00000000e0000000, 0x00000000e0a40000, 0x00000000e0a40000)
  from space 1280K,  41% used [0x00000000e0a40000, 0x00000000e0ac5ab0, 0x00000000e0b80000)
  to   space 1280K,   0% used [0x00000000e0b80000, 0x00000000e0b80000, 0x00000000e0cc0000)
 tenured generation   total 25944K, used 15855K [0x00000000eaaa0000, 0x00000000ec3f6000, 0x0000000100000000)
   the space 25944K,  61% used [0x00000000eaaa0000, 0x00000000eba1bdc0, 0x00000000eba1be00, 0x00000000ec3f6000)
 Metaspace       used 36811K, capacity 39822K, committed 39984K, reserved 1083392K
  class space    used 4860K, capacity 5383K, committed 5424K, reserved 1048576K
Event: 8.717 GC heap after
Heap after GC invocations=96 (full 3):
 def new generation   total 11776K, used 997K [0x00000000e0000000, 0x00000000e0cc0000, 0x00000000eaaa0000)
  eden space 10496K,   0% used [0x00000000e0000000, 0x00000000e0000000, 0x00000000e0a40000)
  from space 1280K,  77% used [0x00000000e0b80000, 0x00000000e0c79520, 0x00000000e0cc0000)
  to   space 1280K,   0% used [0x00000000e0a40000, 0x00000000e0a40000, 0x00000000e0b80000)
 tenured generation   total 25944K, used 15855K [0x00000000eaaa0000, 0x00000000ec3f6000, 0x0000000100000000)
   the space 25944K,  61% used [0x00000000eaaa0000, 0x00000000eba1bdc0, 0x00000000eba1be00, 0x00000000ec3f6000)
 Metaspace       used 36811K, capacity 39822K, committed 39984K, reserved 1083392K
  class space    used 4860K, capacity 5383K, committed 5424K, reserved 1048576K
}
Event: 8.887 GC heap before
{Heap before GC invocations=96 (full 3):
 def new generation   total 11776K, used 11493K [0x00000000e0000000, 0x00000000e0cc0000, 0x00000000eaaa0000)
  eden space 10496K, 100% used [0x00000000e0000000, 0x00000000e0a40000, 0x00000000e0a40000)
  from space 1280K,  77% used [0x00000000e0b80000, 0x00000000e0c79520, 0x00000000e0cc0000)
  to   space 1280K,   0% used [0x00000000e0a40000, 0x00000000e0a40000, 0x00000000e0b80000)
 tenured generation   total 25944K, used 15855K [0x00000000eaaa0000, 0x00000000ec3f6000, 0x0000000100000000)
   the space 25944K,  61% used [0x00000000eaaa0000, 0x00000000eba1bdc0, 0x00000000eba1be00, 0x00000000ec3f6000)
 Metaspace       used 37552K, capacity 40568K, committed 40880K, reserved 1085440K
  class space    used 4973K, capacity 5482K, committed 5552K, reserved 1048576K
Event: 8.892 GC heap after
Heap after GC invocations=97 (full 3):
 def new generation   total 11776K, used 1024K [0x00000000e0000000, 0x00000000e0cc0000, 0x00000000eaaa0000)
  eden space 10496K,   0% used [0x00000000e0000000, 0x00000000e0000000, 0x00000000e0a40000)
  from space 1280K,  80% used [0x00000000e0a40000, 0x00000000e0b40128, 0x00000000e0b80000)
  to   space 1280K,   0% used [0x00000000e0b80000, 0x00000000e0b80000, 0x00000000e0cc0000)
 tenured generation   total 25944K, used 16351K [0x00000000eaaa0000, 0x00000000ec3f6000, 0x0000000100000000)
   the space 25944K,  63% used [0x00000000eaaa0000, 0x00000000eba97fc8, 0x00000000eba98000, 0x00000000ec3f6000)
 Metaspace       used 37552K, capacity 40568K, committed 40880K, reserved 1085440K
  class space    used 4973K, capacity 5482K, committed 5552K, reserved 1048576K
}
Event: 9.052 GC heap before
{Heap before GC invocations=97 (full 3):
 def new generation   total 11776K, used 11520K [0x00000000e0000000, 0x00000000e0cc0000, 0x00000000eaaa0000)
  eden space 10496K, 100% used [0x00000000e0000000, 0x00000000e0a40000, 0x00000000e0a40000)
  from space 1280K,  80% used [0x00000000e0a40000, 0x00000000e0b40128, 0x00000000e0b80000)
  to   space 1280K,   0% used [0x00000000e0b80000, 0x00000000e0b80000, 0x00000000e0cc0000)
 tenured generation   total 25944K, used 16351K [0x00000000eaaa0000, 0x00000000ec3f6000, 0x0000000100000000)
   the space 25944K,  63% used [0x00000000eaaa0000, 0x00000000eba97fc8, 0x00000000eba98000, 0x00000000ec3f6000)
 Metaspace       used 38188K, capacity 41238K, committed 41392K, reserved 1085440K
  class space    used 5037K, capacity 5551K, committed 5552K, reserved 1048576K
Event: 9.057 GC heap after
Heap after GC invocations=98 (full 3):
 def new generation   total 11776K, used 874K [0x00000000e0000000, 0x00000000e0cc0000, 0x00000000eaaa0000)
  eden space 10496K,   0% used [0x00000000e0000000, 0x00000000e0000000, 0x00000000e0a40000)
  from space 1280K,  68% used [0x00000000e0b80000, 0x00000000e0c5a858, 0x00000000e0cc0000)
  to   space 1280K,   0% used [0x00000000e0a40000, 0x00000000e0a40000, 0x00000000e0b80000)
 tenured generation   total 25944K, used 16744K [0x00000000eaaa0000, 0x00000000ec3f6000, 0x0000000100000000)
   the space 25944K,  64% used [0x00000000eaaa0000, 0x00000000ebafa1b8, 0x00000000ebafa200, 0x00000000ec3f6000)
 Metaspace       used 38188K, capacity 41238K, committed 41392K, reserved 1085440K
  class space    used 5037K, capacity 5551K, committed 5552K, reserved 1048576K
}
Event: 9.199 GC heap before
{Heap before GC invocations=98 (full 3):
 def new generation   total 11776K, used 11370K [0x00000000e0000000, 0x00000000e0cc0000, 0x00000000eaaa0000)
  eden space 10496K, 100% used [0x00000000e0000000, 0x00000000e0a40000, 0x00000000e0a40000)
  from space 1280K,  68% used [0x00000000e0b80000, 0x00000000e0c5a858, 0x00000000e0cc0000)
  to   space 1280K,   0% used [0x00000000e0a40000, 0x00000000e0a40000, 0x00000000e0b80000)
 tenured generation   total 25944K, used 16744K [0x00000000eaaa0000, 0x00000000ec3f6000, 0x0000000100000000)
   the space 25944K,  64% used [0x00000000eaaa0000, 0x00000000ebafa1b8, 0x00000000ebafa200, 0x00000000ec3f6000)
 Metaspace       used 38853K, capacity 41924K, committed 42032K, reserved 1085440K
  class space    used 5125K, capacity 5650K, committed 5680K, reserved 1048576K
Event: 9.208 GC heap after
Heap after GC invocations=99 (full 3):
 def new generation   total 11776K, used 623K [0x00000000e0000000, 0x00000000e0cc0000, 0x00000000eaaa0000)
  eden space 10496K,   0% used [0x00000000e0000000, 0x00000000e0000000, 0x00000000e0a40000)
  from space 1280K,  48% used [0x00000000e0a40000, 0x00000000e0adbdc0, 0x00000000e0b80000)
  to   space 1280K,   0% used [0x00000000e0b80000, 0x00000000e0b80000, 0x00000000e0cc0000)
 tenured generation   total 25944K, used 17254K [0x00000000eaaa0000, 0x00000000ec3f6000, 0x0000000100000000)
   the space 25944K,  66% used [0x00000000eaaa0000, 0x00000000ebb79b28, 0x00000000ebb79c00, 0x00000000ec3f6000)
 Metaspace       used 38853K, capacity 41924K, committed 42032K, reserved 1085440K
  class space    used 5125K, capacity 5650K, committed 5680K, reserved 1048576K
}
Event: 9.344 GC heap before
{Heap before GC invocations=99 (full 3):
 def new generation   total 11776K, used 11119K [0x00000000e0000000, 0x00000000e0cc0000, 0x00000000eaaa0000)
  eden space 10496K, 100% used [0x00000000e0000000, 0x00000000e0a40000, 0x00000000e0a40000)
  from space 1280K,  48% used [0x00000000e0a40000, 0x00000000e0adbdc0, 0x00000000e0b80000)
  to   space 1280K,   0% used [0x00000000e0b80000, 0x00000000e0b80000, 0x00000000e0cc0000)
 tenured generation   total 25944K, used 17254K [0x00000000eaaa0000, 0x00000000ec3f6000, 0x0000000100000000)
   the space 25944K,  66% used [0x00000000eaaa0000, 0x00000000ebb79b28, 0x00000000ebb79c00, 0x00000000ec3f6000)
 Metaspace       used 39442K, capacity 42532K, committed 42672K, reserved 1085440K
  class space    used 5223K, capacity 5746K, committed 5808K, reserved 1048576K
Event: 9.346 GC heap after
Heap after GC invocations=100 (full 3):
 def new generation   total 11776K, used 761K [0x00000000e0000000, 0x00000000e0cc0000, 0x00000000eaaa0000)
  eden space 10496K,   0% used [0x00000000e0000000, 0x00000000e0000000, 0x00000000e0a40000)
  from space 1280K,  59% used [0x00000000e0b80000, 0x00000000e0c3e568, 0x00000000e0cc0000)
  to   space 1280K,   0% used [0x00000000e0a40000, 0x00000000e0a40000, 0x00000000e0b80000)
 tenured generation   total 25944K, used 17254K [0x00000000eaaa0000, 0x00000000ec3f6000, 0x0000000100000000)
   the space 25944K,  66% used [0x00000000eaaa0000, 0x00000000ebb79b28, 0x00000000ebb79c00, 0x00000000ec3f6000)
 Metaspace       used 39442K, capacity 42532K, committed 42672K, reserved 1085440K
  class space    used 5223K, capacity 5746K, committed 5808K, reserved 1048576K
}
Event: 9.468 GC heap before
{Heap before GC invocations=100 (full 3):
 def new generation   total 11776K, used 11257K [0x00000000e0000000, 0x00000000e0cc0000, 0x00000000eaaa0000)
  eden space 10496K, 100% used [0x00000000e0000000, 0x00000000e0a40000, 0x00000000e0a40000)
  from space 1280K,  59% used [0x00000000e0b80000, 0x00000000e0c3e568, 0x00000000e0cc0000)
  to   space 1280K,   0% used [0x00000000e0a40000, 0x00000000e0a40000, 0x00000000e0b80000)
 tenured generation   total 25944K, used 17254K [0x00000000eaaa0000, 0x00000000ec3f6000, 0x0000000100000000)
   the space 25944K,  66% used [0x00000000eaaa0000, 0x00000000ebb79b28, 0x00000000ebb79c00, 0x00000000ec3f6000)
 Metaspace       used 39969K, capacity 43014K, committed 43312K, reserved 1087488K
  class space    used 5328K, capacity 5843K, committed 5936K, reserved 1048576K
Event: 9.471 GC heap after
Heap after GC invocations=101 (full 3):
 def new generation   total 11776K, used 746K [0x00000000e0000000, 0x00000000e0cc0000, 0x00000000eaaa0000)
  eden space 10496K,   0% used [0x00000000e0000000, 0x00000000e0000000, 0x00000000e0a40000)
  from space 1280K,  58% used [0x00000000e0a40000, 0x00000000e0afa8d8, 0x00000000e0b80000)
  to   space 1280K,   0% used [0x00000000e0b80000, 0x00000000e0b80000, 0x00000000e0cc0000)
 tenured generation   total 25944K, used 17371K [0x00000000eaaa0000, 0x00000000ec3f6000, 0x0000000100000000)
   the space 25944K,  66% used [0x00000000eaaa0000, 0x00000000ebb96f80, 0x00000000ebb97000, 0x00000000ec3f6000)
 Metaspace       used 39969K, capacity 43014K, committed 43312K, reserved 1087488K
  class space    used 5328K, capacity 5843K, committed 5936K, reserved 1048576K
}
Event: 9.616 GC heap before
{Heap before GC invocations=101 (full 3):
 def new generation   total 11776K, used 11242K [0x00000000e0000000, 0x00000000e0cc0000, 0x00000000eaaa0000)
  eden space 10496K, 100% used [0x00000000e0000000, 0x00000000e0a40000, 0x00000000e0a40000)
  from space 1280K,  58% used [0x00000000e0a40000, 0x00000000e0afa8d8, 0x00000000e0b80000)
  to   space 1280K,   0% used [0x00000000e0b80000, 0x00000000e0b80000, 0x00000000e0cc0000)
 tenured generation   total 25944K, used 17371K [0x00000000eaaa0000, 0x00000000ec3f6000, 0x0000000100000000)
   the space 25944K,  66% used [0x00000000eaaa0000, 0x00000000ebb96f80, 0x00000000ebb97000, 0x00000000ec3f6000)
 Metaspace       used 40560K, capacity 43624K, committed 43952K, reserved 1087488K
  class space    used 5428K, capacity 5950K, committed 6064K, reserved 1048576K
Event: 9.619 GC heap after
Heap after GC invocations=102 (full 3):
 def new generation   total 11776K, used 696K [0x00000000e0000000, 0x00000000e0cc0000, 0x00000000eaaa0000)
  eden space 10496K,   0% used [0x00000000e0000000, 0x00000000e0000000, 0x00000000e0a40000)
  from space 1280K,  54% used [0x00000000e0b80000, 0x00000000e0c2e008, 0x00000000e0cc0000)
  to   space 1280K,   0% used [0x00000000e0a40000, 0x00000000e0a40000, 0x00000000e0b80000)
 tenured generation   total 25944K, used 17487K [0x00000000eaaa0000, 0x00000000ec3f6000, 0x0000000100000000)
   the space 25944K,  67% used [0x00000000eaaa0000, 0x00000000ebbb3fa8, 0x00000000ebbb4000, 0x00000000ec3f6000)
 Metaspace       used 40560K, capacity 43624K, committed 43952K, reserved 1087488K
  class space    used 5428K, capacity 5950K, committed 6064K, reserved 1048576K
}
Event: 9.762 GC heap before
{Heap before GC invocations=102 (full 3):
 def new generation   total 11776K, used 11192K [0x00000000e0000000, 0x00000000e0cc0000, 0x00000000eaaa0000)
  eden space 10496K, 100% used [0x00000000e0000000, 0x00000000e0a40000, 0x00000000e0a40000)
  from space 1280K,  54% used [0x00000000e0b80000, 0x00000000e0c2e008, 0x00000000e0cc0000)
  to   space 1280K,   0% used [0x00000000e0a40000, 0x00000000e0a40000, 0x00000000e0b80000)
 tenured generation   total 25944K, used 17487K [0x00000000eaaa0000, 0x00000000ec3f6000, 0x0000000100000000)
   the space 25944K,  67% used [0x00000000eaaa0000, 0x00000000ebbb3fa8, 0x00000000ebbb4000, 0x00000000ec3f6000)
 Metaspace       used 41219K, capacity 44282K, committed 44592K, reserved 1087488K
  class space    used 5572K, capacity 6081K, committed 6192K, reserved 1048576K
Event: 9.766 GC heap after
Heap after GC invocations=103 (full 3):
 def new generation   total 11776K, used 872K [0x00000000e0000000, 0x00000000e0cc0000, 0x00000000eaaa0000)
  eden space 10496K,   0% used [0x00000000e0000000, 0x00000000e0000000, 0x00000000e0a40000)
  from space 1280K,  68% used [0x00000000e0a40000, 0x00000000e0b1a3b0, 0x00000000e0b80000)
  to   space 1280K,   0% used [0x00000000e0b80000, 0x00000000e0b80000, 0x00000000e0cc0000)
 tenured generation   total 25944K, used 17559K [0x00000000eaaa0000, 0x00000000ec3f6000, 0x0000000100000000)
   the space 25944K,  67% used [0x00000000eaaa0000, 0x00000000ebbc5ea8, 0x00000000ebbc6000, 0x00000000ec3f6000)
 Metaspace       used 41219K, capacity 44282K, committed 44592K, reserved 1087488K
  class space    used 5572K, capacity 6081K, committed 6192K, reserved 1048576K
}
Event: 9.925 GC heap before
{Heap before GC invocations=103 (full 3):
 def new generation   total 11776K, used 11368K [0x00000000e0000000, 0x00000000e0cc0000, 0x00000000eaaa0000)
  eden space 10496K, 100% used [0x00000000e0000000, 0x00000000e0a40000, 0x00000000e0a40000)
  from space 1280K,  68% used [0x00000000e0a40000, 0x00000000e0b1a3b0, 0x00000000e0b80000)
  to   space 1280K,   0% used [0x00000000e0b80000, 0x00000000e0b80000, 0x00000000e0cc0000)
 tenured generation   total 25944K, used 17559K [0x00000000eaaa0000, 0x00000000ec3f6000, 0x0000000100000000)
   the space 25944K,  67% used [0x00000000eaaa0000, 0x00000000ebbc5ea8, 0x00000000ebbc6000, 0x00000000ec3f6000)
 Metaspace       used 42123K, capacity 45270K, committed 45488K, reserved 1089536K
  class space    used 5744K, capacity 6283K, committed 6320K, reserved 1048576K
Event: 9.928 GC heap after
Heap after GC invocations=104 (full 3):
 def new generation   total 11776K, used 777K [0x00000000e0000000, 0x00000000e0cc0000, 0x00000000eaaa0000)
  eden space 10496K,   0% used [0x00000000e0000000, 0x00000000e0000000, 0x00000000e0a40000)
  from space 1280K,  60% used [0x00000000e0b80000, 0x00000000e0c42500, 0x00000000e0cc0000)
  to   space 1280K,   0% used [0x00000000e0a40000, 0x00000000e0a40000, 0x00000000e0b80000)
 tenured generation   total 25944K, used 17881K [0x00000000eaaa0000, 0x00000000ec3f6000, 0x0000000100000000)
   the space 25944K,  68% used [0x00000000eaaa0000, 0x00000000ebc16760, 0x00000000ebc16800, 0x00000000ec3f6000)
 Metaspace       used 42123K, capacity 45270K, committed 45488K, reserved 1089536K
  class space    used 5744K, capacity 6283K, committed 6320K, reserved 1048576K
}
Event: 10.081 GC heap before
{Heap before GC invocations=104 (full 3):
 def new generation   total 11776K, used 11273K [0x00000000e0000000, 0x00000000e0cc0000, 0x00000000eaaa0000)
  eden space 10496K, 100% used [0x00000000e0000000, 0x00000000e0a40000, 0x00000000e0a40000)
  from space 1280K,  60% used [0x00000000e0b80000, 0x00000000e0c42500, 0x00000000e0cc0000)
  to   space 1280K,   0% used [0x00000000e0a40000, 0x00000000e0a40000, 0x00000000e0b80000)
 tenured generation   total 25944K, used 17881K [0x00000000eaaa0000, 0x00000000ec3f6000, 0x0000000100000000)
   the space 25944K,  68% used [0x00000000eaaa0000, 0x00000000ebc16760, 0x00000000ebc16800, 0x00000000ec3f6000)
 Metaspace       used 42871K, capacity 46006K, committed 46128K, reserved 1089536K
  class space    used 5907K, capacity 6443K, committed 6448K, reserved 1048576K
Event: 10.084 GC heap after
Heap after GC invocations=105 (full 3):
 def new generation   total 11776K, used 877K [0x00000000e0000000, 0x00000000e0cc0000, 0x00000000eaaa0000)
  eden space 10496K,   0% used [0x00000000e0000000, 0x00000000e0000000, 0x00000000e0a40000)
  from space 1280K,  68% used [0x00000000e0a40000, 0x00000000e0b1b5a8, 0x00000000e0b80000)
  to   space 1280K,   0% used [0x00000000e0b80000, 0x00000000e0b80000, 0x00000000e0cc0000)
 tenured generation   total 25944K, used 18036K [0x00000000eaaa0000, 0x00000000ec3f6000, 0x0000000100000000)
   the space 25944K,  69% used [0x00000000eaaa0000, 0x00000000ebc3d0e8, 0x00000000ebc3d200, 0x00000000ec3f6000)
 Metaspace       used 42871K, capacity 46006K, committed 46128K, reserved 1089536K
  class space    used 5907K, capacity 6443K, committed 6448K, reserved 1048576K
}
Event: 10.307 GC heap before
{Heap before GC invocations=105 (full 3):
 def new generation   total 11776K, used 11373K [0x00000000e0000000, 0x00000000e0cc0000, 0x00000000eaaa0000)
  eden space 10496K, 100% used [0x00000000e0000000, 0x00000000e0a40000, 0x00000000e0a40000)
  from space 1280K,  68% used [0x00000000e0a40000, 0x00000000e0b1b5a8, 0x00000000e0b80000)
  to   space 1280K,   0% used [0x00000000e0b80000, 0x00000000e0b80000, 0x00000000e0cc0000)
 tenured generation   total 25944K, used 18036K [0x00000000eaaa0000, 0x00000000ec3f6000, 0x0000000100000000)
   the space 25944K,  69% used [0x00000000eaaa0000, 0x00000000ebc3d0e8, 0x00000000ebc3d200, 0x00000000ec3f6000)
 Metaspace       used 44129K, capacity 47260K, committed 47408K, reserved 1089536K
  class space    used 6052K, capacity 6604K, committed 6704K, reserved 1048576K
Event: 10.311 GC heap after
Heap after GC invocations=106 (full 3):
 def new generation   total 11776K, used 1035K [0x00000000e0000000, 0x00000000e0cc0000, 0x00000000eaaa0000)
  eden space 10496K,   0% used [0x00000000e0000000, 0x00000000e0000000, 0x00000000e0a40000)
  from space 1280K,  80% used [0x00000000e0b80000, 0x00000000e0c82f58, 0x00000000e0cc0000)
  to   space 1280K,   0% used [0x00000000e0a40000, 0x00000000e0a40000, 0x00000000e0b80000)
 tenured generation   total 25944K, used 18265K [0x00000000eaaa0000, 0x00000000ec3f6000, 0x0000000100000000)
   the space 25944K,  70% used [0x00000000eaaa0000, 0x00000000ebc76450, 0x00000000ebc76600, 0x00000000ec3f6000)
 Metaspace       used 44129K, capacity 47260K, committed 47408K, reserved 1089536K
  class space    used 6052K, capacity 6604K, committed 6704K, reserved 1048576K
}
Event: 10.467 GC heap before
{Heap before GC invocations=106 (full 3):
 def new generation   total 11776K, used 11531K [0x00000000e0000000, 0x00000000e0cc0000, 0x00000000eaaa0000)
  eden space 10496K, 100% used [0x00000000e0000000, 0x00000000e0a40000, 0x00000000e0a40000)
  from space 1280K,  80% used [0x00000000e0b80000, 0x00000000e0c82f58, 0x00000000e0cc0000)
  to   space 1280K,   0% used [0x00000000e0a40000, 0x00000000e0a40000, 0x00000000e0b80000)
 tenured generation   total 25944K, used 18265K [0x00000000eaaa0000, 0x00000000ec3f6000, 0x0000000100000000)
   the space 25944K,  70% used [0x00000000eaaa0000, 0x00000000ebc76450, 0x00000000ebc76600, 0x00000000ec3f6000)
 Metaspace       used 44849K, capacity 47976K, committed 48176K, reserved 1091584K
  class space    used 6146K, capacity 6670K, committed 6704K, reserved 1048576K
Event: 10.470 GC heap after
Heap after GC invocations=107 (full 3):
 def new generation   total 11776K, used 625K [0x00000000e0000000, 0x00000000e0cc0000, 0x00000000eaaa0000)
  eden space 10496K,   0% used [0x00000000e0000000, 0x00000000e0000000, 0x00000000e0a40000)
  from space 1280K,  48% used [0x00000000e0a40000, 0x00000000e0adc610, 0x00000000e0b80000)
  to   space 1280K,   0% used [0x00000000e0b80000, 0x00000000e0b80000, 0x00000000e0cc0000)
 tenured generation   total 25944K, used 18501K [0x00000000eaaa0000, 0x00000000ec3f6000, 0x0000000100000000)
   the space 25944K,  71% used [0x00000000eaaa0000, 0x00000000ebcb1718, 0x00000000ebcb1800, 0x00000000ec3f6000)
 Metaspace       used 44849K, capacity 47976K, committed 48176K, reserved 1091584K
  class space    used 6146K, capacity 6670K, committed 6704K, reserved 1048576K
}
Event: 10.647 GC heap before
{Heap before GC invocations=107 (full 3):
 def new generation   total 11776K, used 11121K [0x00000000e0000000, 0x00000000e0cc0000, 0x00000000eaaa0000)
  eden space 10496K, 100% used [0x00000000e0000000, 0x00000000e0a40000, 0x00000000e0a40000)
  from space 1280K,  48% used [0x00000000e0a40000, 0x00000000e0adc610, 0x00000000e0b80000)
  to   space 1280K,   0% used [0x00000000e0b80000, 0x00000000e0b80000, 0x00000000e0cc0000)
 tenured generation   total 25944K, used 18501K [0x00000000eaaa0000, 0x00000000ec3f6000, 0x0000000100000000)
   the space 25944K,  71% used [0x00000000eaaa0000, 0x00000000ebcb1718, 0x00000000ebcb1800, 0x00000000ec3f6000)
 Metaspace       used 45717K, capacity 48856K, committed 49072K, reserved 1091584K
  class space    used 6248K, capacity 6770K, committed 6832K, reserved 1048576K
Event: 10.650 GC heap after
Heap after GC invocations=108 (full 3):
 def new generation   total 11776K, used 874K [0x00000000e0000000, 0x00000000e0cc0000, 0x00000000eaaa0000)
  eden space 10496K,   0% used [0x00000000e0000000, 0x00000000e0000000, 0x00000000e0a40000)
  from space 1280K,  68% used [0x00000000e0b80000, 0x00000000e0c5a838, 0x00000000e0cc0000)
  to   space 1280K,   0% used [0x00000000e0a40000, 0x00000000e0a40000, 0x00000000e0b80000)
 tenured generation   total 25944K, used 18501K [0x00000000eaaa0000, 0x00000000ec3f6000, 0x0000000100000000)
   the space 25944K,  71% used [0x00000000eaaa0000, 0x00000000ebcb1718, 0x00000000ebcb1800, 0x00000000ec3f6000)
 Metaspace       used 45717K, capacity 48856K, committed 49072K, reserved 1091584K
  class space    used 6248K, capacity 6770K, committed 6832K, reserved 1048576K
}
Event: 10.793 GC heap before
{Heap before GC invocations=108 (full 3):
 def new generation   total 11776K, used 11370K [0x00000000e0000000, 0x00000000e0cc0000, 0x00000000eaaa0000)
  eden space 10496K, 100% used [0x00000000e0000000, 0x00000000e0a40000, 0x00000000e0a40000)
  from space 1280K,  68% used [0x00000000e0b80000, 0x00000000e0c5a838, 0x00000000e0cc0000)
  to   space 1280K,   0% used [0x00000000e0a40000, 0x00000000e0a40000, 0x00000000e0b80000)
 tenured generation   total 25944K, used 18501K [0x00000000eaaa0000, 0x00000000ec3f6000, 0x0000000100000000)
   the space 25944K,  71% used [0x00000000eaaa0000, 0x00000000ebcb1718, 0x00000000ebcb1800, 0x00000000ec3f6000)
 Metaspace       used 46400K, capacity 49534K, committed 49968K, reserved 1091584K
  class space    used 6344K, capacity 6867K, committed 6960K, reserved 1048576K
Event: 10.797 GC heap after
Heap after GC invocations=109 (full 3):
 def new generation   total 11776K, used 632K [0x00000000e0000000, 0x00000000e0cc0000, 0x00000000eaaa0000)
  eden space 10496K,   0% used [0x00000000e0000000, 0x00000000e0000000, 0x00000000e0a40000)
  from space 1280K,  49% used [0x00000000e0a40000, 0x00000000e0ade218, 0x00000000e0b80000)
  to   space 1280K,   0% used [0x00000000e0b80000, 0x00000000e0b80000, 0x00000000e0cc0000)
 tenured generation   total 25944K, used 18718K [0x00000000eaaa0000, 0x00000000ec3f6000, 0x0000000100000000)
   the space 25944K,  72% used [0x00000000eaaa0000, 0x00000000ebce7b38, 0x00000000ebce7c00, 0x00000000ec3f6000)
 Metaspace       used 46400K, capacity 49534K, committed 49968K, reserved 1091584K
  class space    used 6344K, capacity 6867K, committed 6960K, reserved 1048576K
}
Event: 10.950 GC heap before
{Heap before GC invocations=109 (full 3):
 def new generation   total 11776K, used 11128K [0x00000000e0000000, 0x00000000e0cc0000, 0x00000000eaaa0000)
  eden space 10496K, 100% used [0x00000000e0000000, 0x00000000e0a40000, 0x00000000e0a40000)
  from space 1280K,  49% used [0x00000000e0a40000, 0x00000000e0ade218, 0x00000000e0b80000)
  to   space 1280K,   0% used [0x00000000e0b80000, 0x00000000e0b80000, 0x00000000e0cc0000)
 tenured generation   total 25944K, used 18718K [0x00000000eaaa0000, 0x00000000ec3f6000, 0x0000000100000000)
   the space 25944K,  72% used [0x00000000eaaa0000, 0x00000000ebce7b38, 0x00000000ebce7c00, 0x00000000ec3f6000)
 Metaspace       used 46998K, capacity 50164K, committed 50608K, reserved 1093632K
  class space    used 6426K, capacity 6968K, committed 7088K, reserved 1048576K
Event: 10.954 GC heap after
Heap after GC invocations=110 (full 3):
 def new generation   total 11776K, used 774K [0x00000000e0000000, 0x00000000e0cc0000, 0x00000000eaaa0000)
  eden space 10496K,   0% used [0x00000000e0000000, 0x00000000e0000000, 0x00000000e0a40000)
  from space 1280K,  60% used [0x00000000e0b80000, 0x00000000e0c41a98, 0x00000000e0cc0000)
  to   space 1280K,   0% used [0x00000000e0a40000, 0x00000000e0a40000, 0x00000000e0b80000)
 tenured generation   total 25944K, used 18718K [0x00000000eaaa0000, 0x00000000ec3f6000, 0x0000000100000000)
   the space 25944K,  72% used [0x00000000eaaa0000, 0x00000000ebce7b38, 0x00000000ebce7c00, 0x00000000ec3f6000)
 Metaspace       used 46998K, capacity 50164K, committed 50608K, reserved 1093632K
  class space    used 6426K, capacity 6968K, committed 7088K, reserved 1048576K
}
Event: 11.096 GC heap before
{Heap before GC invocations=110 (full 3):
 def new generation   total 11776K, used 11270K [0x00000000e0000000, 0x00000000e0cc0000, 0x00000000eaaa0000)
  eden space 10496K, 100% used [0x00000000e0000000, 0x00000000e0a40000, 0x00000000e0a40000)
  from space 1280K,  60% used [0x00000000e0b80000, 0x00000000e0c41a98, 0x00000000e0cc0000)
  to   space 1280K,   0% used [0x00000000e0a40000, 0x00000000e0a40000, 0x00000000e0b80000)
 tenured generation   total 25944K, used 18718K [0x00000000eaaa0000, 0x00000000ec3f6000, 0x0000000100000000)
   the space 25944K,  72% used [0x00000000eaaa0000, 0x00000000ebce7b38, 0x00000000ebce7c00, 0x00000000ec3f6000)
 Metaspace       used 47948K, capacity 51136K, committed 51504K, reserved 1093632K
  class space    used 6556K, capacity 7098K, committed 7216K, reserved 1048576K
Event: 11.101 GC heap after
Heap after GC invocations=111 (full 3):
 def new generation   total 11776K, used 657K [0x00000000e0000000, 0x00000000e0cc0000, 0x00000000eaaa0000)
  eden space 10496K,   0% used [0x00000000e0000000, 0x00000000e0000000, 0x00000000e0a40000)
  from space 1280K,  51% used [0x00000000e0a40000, 0x00000000e0ae4708, 0x00000000e0b80000)
  to   space 1280K,   0% used [0x00000000e0b80000, 0x00000000e0b80000, 0x00000000e0cc0000)
 tenured generation   total 25944K, used 19053K [0x00000000eaaa0000, 0x00000000ec3f6000, 0x0000000100000000)
   the space 25944K,  73% used [0x00000000eaaa0000, 0x00000000ebd3b478, 0x00000000ebd3b600, 0x00000000ec3f6000)
 Metaspace       used 47948K, capacity 51136K, committed 51504K, reserved 1093632K
  class space    used 6556K, capacity 7098K, committed 7216K, reserved 1048576K
}
Event: 11.191 GC heap before
{Heap before GC invocations=111 (full 3):
 def new generation   total 11776K, used 11153K [0x00000000e0000000, 0x00000000e0cc0000, 0x00000000eaaa0000)
  eden space 10496K, 100% used [0x00000000e0000000, 0x00000000e0a40000, 0x00000000e0a40000)
  from space 1280K,  51% used [0x00000000e0a40000, 0x00000000e0ae4708, 0x00000000e0b80000)
  to   space 1280K,   0% used [0x00000000e0b80000, 0x00000000e0b80000, 0x00000000e0cc0000)
 tenured generation   total 25944K, used 19053K [0x00000000eaaa0000, 0x00000000ec3f6000, 0x0000000100000000)
   the space 25944K,  73% used [0x00000000eaaa0000, 0x00000000ebd3b478, 0x00000000ebd3b600, 0x00000000ec3f6000)
 Metaspace       used 48578K, capacity 51718K, committed 52144K, reserved 1093632K
  class space    used 6714K, capacity 7227K, committed 7344K, reserved 1048576K
Event: 11.194 GC heap after
Heap after GC invocations=112 (full 3):
 def new generation   total 11776K, used 637K [0x00000000e0000000, 0x00000000e0cc0000, 0x00000000eaaa0000)
  eden space 10496K,   0% used [0x00000000e0000000, 0x00000000e0000000, 0x00000000e0a40000)
  from space 1280K,  49% used [0x00000000e0b80000, 0x00000000e0c1f778, 0x00000000e0cc0000)
  to   space 1280K,   0% used [0x00000000e0a40000, 0x00000000e0a40000, 0x00000000e0b80000)
 tenured generation   total 25944K, used 19168K [0x00000000eaaa0000, 0x00000000ec3f6000, 0x0000000100000000)
   the space 25944K,  73% used [0x00000000eaaa0000, 0x00000000ebd58220, 0x00000000ebd58400, 0x00000000ec3f6000)
 Metaspace       used 48578K, capacity 51718K, committed 52144K, reserved 1093632K
  class space    used 6714K, capacity 7227K, committed 7344K, reserved 1048576K
}
Event: 11.305 GC heap before
{Heap before GC invocations=112 (full 3):
 def new generation   total 11776K, used 11133K [0x00000000e0000000, 0x00000000e0cc0000, 0x00000000eaaa0000)
  eden space 10496K, 100% used [0x00000000e0000000, 0x00000000e0a40000, 0x00000000e0a40000)
  from space 1280K,  49% used [0x00000000e0b80000, 0x00000000e0c1f778, 0x00000000e0cc0000)
  to   space 1280K,   0% used [0x00000000e0a40000, 0x00000000e0a40000, 0x00000000e0b80000)
 tenured generation   total 25944K, used 19168K [0x00000000eaaa0000, 0x00000000ec3f6000, 0x0000000100000000)
   the space 25944K,  73% used [0x00000000eaaa0000, 0x00000000ebd58220, 0x00000000ebd58400, 0x00000000ec3f6000)
 Metaspace       used 49208K, capacity 52422K, committed 52784K, reserved 1095680K
  class space    used 6816K, capacity 7355K, committed 7472K, reserved 1048576K
Event: 11.308 GC heap after
Heap after GC invocations=113 (full 3):
 def new generation   total 11776K, used 820K [0x00000000e0000000, 0x00000000e0cc0000, 0x00000000eaaa0000)
  eden space 10496K,   0% used [0x00000000e0000000, 0x00000000e0000000, 0x00000000e0a40000)
  from space 1280K,  64% used [0x00000000e0a40000, 0x00000000e0b0d2f0, 0x00000000e0b80000)
  to   space 1280K,   0% used [0x00000000e0b80000, 0x00000000e0b80000, 0x00000000e0cc0000)
 tenured generation   total 25944K, used 19168K [0x00000000eaaa0000, 0x00000000ec3f6000, 0x0000000100000000)
   the space 25944K,  73% used [0x00000000eaaa0000, 0x00000000ebd58220, 0x00000000ebd58400, 0x00000000ec3f6000)
 Metaspace       used 49208K, capacity 52422K, committed 52784K, reserved 1095680K
  class space    used 6816K, capacity 7355K, committed 7472K, reserved 1048576K
}
Event: 11.517 GC heap before
{Heap before GC invocations=113 (full 3):
 def new generation   total 11776K, used 11316K [0x00000000e0000000, 0x00000000e0cc0000, 0x00000000eaaa0000)
  eden space 10496K, 100% used [0x00000000e0000000, 0x00000000e0a40000, 0x00000000e0a40000)
  from space 1280K,  64% used [0x00000000e0a40000, 0x00000000e0b0d2f0, 0x00000000e0b80000)
  to   space 1280K,   0% used [0x00000000e0b80000, 0x00000000e0b80000, 0x00000000e0cc0000)
 tenured generation   total 25944K, used 19168K [0x00000000eaaa0000, 0x00000000ec3f6000, 0x0000000100000000)
   the space 25944K,  73% used [0x00000000eaaa0000, 0x00000000ebd58220, 0x00000000ebd58400, 0x00000000ec3f6000)
 Metaspace       used 49811K, capacity 53000K, committed 53296K, reserved 1095680K
  class space    used 6922K, capacity 7458K, committed 7472K, reserved 1048576K
Event: 11.520 GC heap after
Heap after GC invocations=114 (full 3):
 def new generation   total 11776K, used 633K [0x00000000e0000000, 0x00000000e0cc0000, 0x00000000eaaa0000)
  eden space 10496K,   0% used [0x00000000e0000000, 0x00000000e0000000, 0x00000000e0a40000)
  from space 1280K,  49% used [0x00000000e0b80000, 0x00000000e0c1e6f8, 0x00000000e0cc0000)
  to   space 1280K,   0% used [0x00000000e0a40000, 0x00000000e0a40000, 0x00000000e0b80000)
 tenured generation   total 25944K, used 19306K [0x00000000eaaa0000, 0x00000000ec3f6000, 0x0000000100000000)
   the space 25944K,  74% used [0x00000000eaaa0000, 0x00000000ebd7ab30, 0x00000000ebd7ac00, 0x00000000ec3f6000)
 Metaspace       used 49811K, capacity 53000K, committed 53296K, reserved 1095680K
  class space    used 6922K, capacity 7458K, committed 7472K, reserved 1048576K
}
Event: 11.624 GC heap before
{Heap before GC invocations=114 (full 3):
 def new generation   total 11776K, used 11129K [0x00000000e0000000, 0x00000000e0cc0000, 0x00000000eaaa0000)
  eden space 10496K, 100% used [0x00000000e0000000, 0x00000000e0a40000, 0x00000000e0a40000)
  from space 1280K,  49% used [0x00000000e0b80000, 0x00000000e0c1e6f8, 0x00000000e0cc0000)
  to   space 1280K,   0% used [0x00000000e0a40000, 0x00000000e0a40000, 0x00000000e0b80000)
 tenured generation   total 25944K, used 19306K [0x00000000eaaa0000, 0x00000000ec3f6000, 0x0000000100000000)
   the space 25944K,  74% used [0x00000000eaaa0000, 0x00000000ebd7ab30, 0x00000000ebd7ac00, 0x00000000ec3f6000)
 Metaspace       used 50511K, capacity 53722K, committed 53936K, reserved 1095680K
  class space    used 7033K, capacity 7593K, committed 7600K, reserved 1048576K
Event: 11.627 GC heap after
Heap after GC invocations=115 (full 3):
 def new generation   total 11776K, used 943K [0x00000000e0000000, 0x00000000e0cc0000, 0x00000000eaaa0000)
  eden space 10496K,   0% used [0x00000000e0000000, 0x00000000e0000000, 0x00000000e0a40000)
  from space 1280K,  73% used [0x00000000e0a40000, 0x00000000e0b2bd30, 0x00000000e0b80000)
  to   space 1280K,   0% used [0x00000000e0b80000, 0x00000000e0b80000, 0x00000000e0cc0000)
 tenured generation   total 25944K, used 19306K [0x00000000eaaa0000, 0x00000000ec3f6000, 0x0000000100000000)
   the space 25944K,  74% used [0x00000000eaaa0000, 0x00000000ebd7ab30, 0x00000000ebd7ac00, 0x00000000ec3f6000)
 Metaspace       used 50511K, capacity 53722K, committed 53936K, reserved 1095680K
  class space    used 7033K, capacity 7593K, committed 7600K, reserved 1048576K
}
Event: 11.799 GC heap before
{Heap before GC invocations=115 (full 3):
 def new generation   total 11776K, used 11439K [0x00000000e0000000, 0x00000000e0cc0000, 0x00000000eaaa0000)
  eden space 10496K, 100% used [0x00000000e0000000, 0x00000000e0a40000, 0x00000000e0a40000)
  from space 1280K,  73% used [0x00000000e0a40000, 0x00000000e0b2bd30, 0x00000000e0b80000)
  to   space 1280K,   0% used [0x00000000e0b80000, 0x00000000e0b80000, 0x00000000e0cc0000)
 tenured generation   total 25944K, used 19306K [0x00000000eaaa0000, 0x00000000ec3f6000, 0x0000000100000000)
   the space 25944K,  74% used [0x00000000eaaa0000, 0x00000000ebd7ab30, 0x00000000ebd7ac00, 0x00000000ec3f6000)
 Metaspace       used 51179K, capacity 54418K, committed 54832K, reserved 1095680K
  class space    used 7133K, capacity 7693K, committed 7728K, reserved 1048576K
Event: 11.803 GC heap after
Heap after GC invocations=116 (full 3):
 def new generation   total 11776K, used 789K [0x00000000e0000000, 0x00000000e0cc0000, 0x00000000eaaa0000)
  eden space 10496K,   0% used [0x00000000e0000000, 0x00000000e0000000, 0x00000000e0a40000)
  from space 1280K,  61% used [0x00000000e0b80000, 0x00000000e0c45670, 0x00000000e0cc0000)
  to   space 1280K,   0% used [0x00000000e0a40000, 0x00000000e0a40000, 0x00000000e0b80000)
 tenured generation   total 25944K, used 19581K [0x00000000eaaa0000, 0x00000000ec3f6000, 0x0000000100000000)
   the space 25944K,  75% used [0x00000000eaaa0000, 0x00000000ebdbf710, 0x00000000ebdbf800, 0x00000000ec3f6000)
 Metaspace       used 51179K, capacity 54418K, committed 54832K, reserved 1095680K
  class space    used 7133K, capacity 7693K, committed 7728K, reserved 1048576K
}
Event: 11.956 GC heap before
{Heap before GC invocations=116 (full 3):
 def new generation   total 11776K, used 11285K [0x00000000e0000000, 0x00000000e0cc0000, 0x00000000eaaa0000)
  eden space 10496K, 100% used [0x00000000e0000000, 0x00000000e0a40000, 0x00000000e0a40000)
  from space 1280K,  61% used [0x00000000e0b80000, 0x00000000e0c45670, 0x00000000e0cc0000)
  to   space 1280K,   0% used [0x00000000e0a40000, 0x00000000e0a40000, 0x00000000e0b80000)
 tenured generation   total 25944K, used 19581K [0x00000000eaaa0000, 0x00000000ec3f6000, 0x0000000100000000)
   the space 25944K,  75% used [0x00000000eaaa0000, 0x00000000ebdbf710, 0x00000000ebdbf800, 0x00000000ec3f6000)
 Metaspace       used 51642K, capacity 54860K, committed 55216K, reserved 1097728K
  class space    used 7204K, capacity 7732K, committed 7856K, reserved 1048576K
Event: 11.963 GC heap after
Heap after GC invocations=117 (full 3):
 def new generation   total 11776K, used 719K [0x00000000e0000000, 0x00000000e0cc0000, 0x00000000eaaa0000)
  eden space 10496K,   0% used [0x00000000e0000000, 0x00000000e0000000, 0x00000000e0a40000)
  from space 1280K,  56% used [0x00000000e0a40000, 0x00000000e0af3d88, 0x00000000e0b80000)
  to   space 1280K,   0% used [0x00000000e0b80000, 0x00000000e0b80000, 0x00000000e0cc0000)
 tenured generation   total 25944K, used 19833K [0x00000000eaaa0000, 0x00000000ec3f6000, 0x0000000100000000)
   the space 25944K,  76% used [0x00000000eaaa0000, 0x00000000ebdfe478, 0x00000000ebdfe600, 0x00000000ec3f6000)
 Metaspace       used 51642K, capacity 54860K, committed 55216K, reserved 1097728K
  class space    used 7204K, capacity 7732K, committed 7856K, reserved 1048576K
}
Event: 12.172 GC heap before
{Heap before GC invocations=117 (full 3):
 def new generation   total 11776K, used 11215K [0x00000000e0000000, 0x00000000e0cc0000, 0x00000000eaaa0000)
  eden space 10496K, 100% used [0x00000000e0000000, 0x00000000e0a40000, 0x00000000e0a40000)
  from space 1280K,  56% used [0x00000000e0a40000, 0x00000000e0af3d88, 0x00000000e0b80000)
  to   space 1280K,   0% used [0x00000000e0b80000, 0x00000000e0b80000, 0x00000000e0cc0000)
 tenured generation   total 25944K, used 19833K [0x00000000eaaa0000, 0x00000000ec3f6000, 0x0000000100000000)
   the space 25944K,  76% used [0x00000000eaaa0000, 0x00000000ebdfe478, 0x00000000ebdfe600, 0x00000000ec3f6000)
 Metaspace       used 53462K, capacity 56672K, committed 57136K, reserved 1097728K
  class space    used 7375K, capacity 7934K, committed 7984K, reserved 1048576K
Event: 12.177 GC heap after
Heap after GC invocations=118 (full 3):
 def new generation   total 11776K, used 1280K [0x00000000e0000000, 0x00000000e0cc0000, 0x00000000eaaa0000)
  eden space 10496K,   0% used [0x00000000e0000000, 0x00000000e0000000, 0x00000000e0a40000)
  from space 1280K, 100% used [0x00000000e0b80000, 0x00000000e0cc0000, 0x00000000e0cc0000)
  to   space 1280K,   0% used [0x00000000e0a40000, 0x00000000e0a40000, 0x00000000e0b80000)
 tenured generation   total 25944K, used 20617K [0x00000000eaaa0000, 0x00000000ec3f6000, 0x0000000100000000)
   the space 25944K,  79% used [0x00000000eaaa0000, 0x00000000ebec25b8, 0x00000000ebec2600, 0x00000000ec3f6000)
 Metaspace       used 53462K, capacity 56672K, committed 57136K, reserved 1097728K
  class space    used 7375K, capacity 7934K, committed 7984K, reserved 1048576K
}
Event: 12.348 GC heap before
{Heap before GC invocations=118 (full 3):
 def new generation   total 11776K, used 11776K [0x00000000e0000000, 0x00000000e0cc0000, 0x00000000eaaa0000)
  eden space 10496K, 100% used [0x00000000e0000000, 0x00000000e0a40000, 0x00000000e0a40000)
  from space 1280K, 100% used [0x00000000e0b80000, 0x00000000e0cc0000, 0x00000000e0cc0000)
  to   space 1280K,   0% used [0x00000000e0a40000, 0x00000000e0a40000, 0x00000000e0b80000)
 tenured generation   total 25944K, used 20617K [0x00000000eaaa0000, 0x00000000ec3f6000, 0x0000000100000000)
   the space 25944K,  79% used [0x00000000eaaa0000, 0x00000000ebec25b8, 0x00000000ebec2600, 0x00000000ec3f6000)
 Metaspace       used 54680K, capacity 57920K, committed 58288K, reserved 1099776K
  class space    used 7558K, capacity 8094K, committed 8112K, reserved 1048576K
Event: 12.352 GC heap after
Heap after GC invocations=119 (full 3):
 def new generation   total 11776K, used 1280K [0x00000000e0000000, 0x00000000e0cc0000, 0x00000000eaaa0000)
  eden space 10496K,   0% used [0x00000000e0000000, 0x00000000e0000000, 0x00000000e0a40000)
  from space 1280K, 100% used [0x00000000e0a40000, 0x00000000e0b80000, 0x00000000e0b80000)
  to   space 1280K,   0% used [0x00000000e0b80000, 0x00000000e0b80000, 0x00000000e0cc0000)
 tenured generation   total 25944K, used 21042K [0x00000000eaaa0000, 0x00000000ec3f6000, 0x0000000100000000)
   the space 25944K,  81% used [0x00000000eaaa0000, 0x00000000ebf2c958, 0x00000000ebf2ca00, 0x00000000ec3f6000)
 Metaspace       used 54680K, capacity 57920K, committed 58288K, reserved 1099776K
  class space    used 7558K, capacity 8094K, committed 8112K, reserved 1048576K
}
Event: 12.508 GC heap before
{Heap before GC invocations=119 (full 3):
 def new generation   total 11776K, used 11776K [0x00000000e0000000, 0x00000000e0cc0000, 0x00000000eaaa0000)
  eden space 10496K, 100% used [0x00000000e0000000, 0x00000000e0a40000, 0x00000000e0a40000)
  from space 1280K, 100% used [0x00000000e0a40000, 0x00000000e0b80000, 0x00000000e0b80000)
  to   space 1280K,   0% used [0x00000000e0b80000, 0x00000000e0b80000, 0x00000000e0cc0000)
 tenured generation   total 25944K, used 21042K [0x00000000eaaa0000, 0x00000000ec3f6000, 0x0000000100000000)
   the space 25944K,  81% used [0x00000000eaaa0000, 0x00000000ebf2c958, 0x00000000ebf2ca00, 0x00000000ec3f6000)
 Metaspace       used 55105K, capacity 58372K, committed 58672K, reserved 1099776K
  class space    used 7620K, capacity 8186K, committed 8240K, reserved 1048576K
Event: 12.511 GC heap after
Heap after GC invocations=120 (full 3):
 def new generation   total 11776K, used 552K [0x00000000e0000000, 0x00000000e0cc0000, 0x00000000eaaa0000)
  eden space 10496K,   0% used [0x00000000e0000000, 0x00000000e0000000, 0x00000000e0a40000)
  from space 1280K,  43% used [0x00000000e0b80000, 0x00000000e0c0a368, 0x00000000e0cc0000)
  to   space 1280K,   0% used [0x00000000e0a40000, 0x00000000e0a40000, 0x00000000e0b80000)
 tenured generation   total 25944K, used 21172K [0x00000000eaaa0000, 0x00000000ec3f6000, 0x0000000100000000)
   the space 25944K,  81% used [0x00000000eaaa0000, 0x00000000ebf4d0a8, 0x00000000ebf4d200, 0x00000000ec3f6000)
 Metaspace       used 55105K, capacity 58372K, committed 58672K, reserved 1099776K
  class space    used 7620K, capacity 8186K, committed 8240K, reserved 1048576K
}
Event: 12.644 GC heap before
{Heap before GC invocations=120 (full 3):
 def new generation   total 11776K, used 11048K [0x00000000e0000000, 0x00000000e0cc0000, 0x00000000eaaa0000)
  eden space 10496K, 100% used [0x00000000e0000000, 0x00000000e0a40000, 0x00000000e0a40000)
  from space 1280K,  43% used [0x00000000e0b80000, 0x00000000e0c0a368, 0x00000000e0cc0000)
  to   space 1280K,   0% used [0x00000000e0a40000, 0x00000000e0a40000, 0x00000000e0b80000)
 tenured generation   total 25944K, used 21172K [0x00000000eaaa0000, 0x00000000ec3f6000, 0x0000000100000000)
   the space 25944K,  81% used [0x00000000eaaa0000, 0x00000000ebf4d0a8, 0x00000000ebf4d200, 0x00000000ec3f6000)
 Metaspace       used 55425K, capacity 58672K, committed 58928K, reserved 1099776K
  class space    used 7665K, capacity 8220K, committed 8240K, reserved 1048576K
Event: 12.648 GC heap after
Heap after GC invocations=121 (full 3):
 def new generation   total 11776K, used 681K [0x00000000e0000000, 0x00000000e0cc0000, 0x00000000eaaa0000)
  eden space 10496K,   0% used [0x00000000e0000000, 0x00000000e0000000, 0x00000000e0a40000)
  from space 1280K,  53% used [0x00000000e0a40000, 0x00000000e0aea6b0, 0x00000000e0b80000)
  to   space 1280K,   0% used [0x00000000e0b80000, 0x00000000e0b80000, 0x00000000e0cc0000)
 tenured generation   total 25944K, used 21172K [0x00000000eaaa0000, 0x00000000ec3f6000, 0x0000000100000000)
   the space 25944K,  81% used [0x00000000eaaa0000, 0x00000000ebf4d0a8, 0x00000000ebf4d200, 0x00000000ec3f6000)
 Metaspace       used 55425K, capacity 58672K, committed 58928K, reserved 1099776K
  class space    used 7665K, capacity 8220K, committed 8240K, reserved 1048576K
}
Event: 12.781 GC heap before
{Heap before GC invocations=121 (full 3):
 def new generation   total 11776K, used 11177K [0x00000000e0000000, 0x00000000e0cc0000, 0x00000000eaaa0000)
  eden space 10496K, 100% used [0x00000000e0000000, 0x00000000e0a40000, 0x00000000e0a40000)
  from space 1280K,  53% used [0x00000000e0a40000, 0x00000000e0aea6b0, 0x00000000e0b80000)
  to   space 1280K,   0% used [0x00000000e0b80000, 0x00000000e0b80000, 0x00000000e0cc0000)
 tenured generation   total 25944K, used 21172K [0x00000000eaaa0000, 0x00000000ec3f6000, 0x0000000100000000)
   the space 25944K,  81% used [0x00000000eaaa0000, 0x00000000ebf4d0a8, 0x00000000ebf4d200, 0x00000000ec3f6000)
 Metaspace       used 55745K, capacity 59008K, committed 59312K, reserved 1099776K
  class space    used 7691K, capacity 8288K, committed 8368K, reserved 1048576K
Event: 12.786 GC heap after
Heap after GC invocations=122 (full 3):
 def new generation   total 11776K, used 999K [0x00000000e0000000, 0x00000000e0cc0000, 0x00000000eaaa0000)
  eden space 10496K,   0% used [0x00000000e0000000, 0x00000000e0000000, 0x00000000e0a40000)
  from space 1280K,  78% used [0x00000000e0b80000, 0x00000000e0c79e28, 0x00000000e0cc0000)
  to   space 1280K,   0% used [0x00000000e0a40000, 0x00000000e0a40000, 0x00000000e0b80000)
 tenured generation   total 25944K, used 21387K [0x00000000eaaa0000, 0x00000000ec3f6000, 0x0000000100000000)
   the space 25944K,  82% used [0x00000000eaaa0000, 0x00000000ebf82e10, 0x00000000ebf83000, 0x00000000ec3f6000)
 Metaspace       used 55745K, capacity 59008K, committed 59312K, reserved 1099776K
  class space    used 7691K, capacity 8288K, committed 8368K, reserved 1048576K
}
Event: 12.961 GC heap before
{Heap before GC invocations=122 (full 3):
 def new generation   total 11776K, used 11495K [0x00000000e0000000, 0x00000000e0cc0000, 0x00000000eaaa0000)
  eden space 10496K, 100% used [0x00000000e0000000, 0x00000000e0a40000, 0x00000000e0a40000)
  from space 1280K,  78% used [0x00000000e0b80000, 0x00000000e0c79e28, 0x00000000e0cc0000)
  to   space 1280K,   0% used [0x00000000e0a40000, 0x00000000e0a40000, 0x00000000e0b80000)
 tenured generation   total 25944K, used 21387K [0x00000000eaaa0000, 0x00000000ec3f6000, 0x0000000100000000)
   the space 25944K,  82% used [0x00000000eaaa0000, 0x00000000ebf82e10, 0x00000000ebf83000, 0x00000000ec3f6000)
 Metaspace       used 56652K, capacity 59980K, committed 60464K, reserved 1101824K
  class space    used 7791K, capacity 8394K, committed 8496K, reserved 1048576K
Event: 12.967 GC heap after
Heap after GC invocations=123 (full 3):
 def new generation   total 11776K, used 798K [0x00000000e0000000, 0x00000000e0cc0000, 0x00000000eaaa0000)
  eden space 10496K,   0% used [0x00000000e0000000, 0x00000000e0000000, 0x00000000e0a40000)
  from space 1280K,  62% used [0x00000000e0a40000, 0x00000000e0b07b48, 0x00000000e0b80000)
  to   space 1280K,   0% used [0x00000000e0b80000, 0x00000000e0b80000, 0x00000000e0cc0000)
 tenured generation   total 25944K, used 22234K [0x00000000eaaa0000, 0x00000000ec3f6000, 0x0000000100000000)
   the space 25944K,  85% used [0x00000000eaaa0000, 0x00000000ec056aa0, 0x00000000ec056c00, 0x00000000ec3f6000)
 Metaspace       used 56652K, capacity 59980K, committed 60464K, reserved 1101824K
  class space    used 7791K, capacity 8394K, committed 8496K, reserved 1048576K
}
Event: 13.176 GC heap before
{Heap before GC invocations=123 (full 3):
 def new generation   total 11776K, used 11294K [0x00000000e0000000, 0x00000000e0cc0000, 0x00000000eaaa0000)
  eden space 10496K, 100% used [0x00000000e0000000, 0x00000000e0a40000, 0x00000000e0a40000)
  from space 1280K,  62% used [0x00000000e0a40000, 0x00000000e0b07b48, 0x00000000e0b80000)
  to   space 1280K,   0% used [0x00000000e0b80000, 0x00000000e0b80000, 0x00000000e0cc0000)
 tenured generation   total 25944K, used 22234K [0x00000000eaaa0000, 0x00000000ec3f6000, 0x0000000100000000)
   the space 25944K,  85% used [0x00000000eaaa0000, 0x00000000ec056aa0, 0x00000000ec056c00, 0x00000000ec3f6000)
 Metaspace       used 57529K, capacity 61232K, committed 61360K, reserved 1101824K
  class space    used 7939K, capacity 8570K, committed 8624K, reserved 1048576K
Event: 13.181 GC heap after
Heap after GC invocations=124 (full 3):
 def new generation   total 11776K, used 992K [0x00000000e0000000, 0x00000000e0cc0000, 0x00000000eaaa0000)
  eden space 10496K,   0% used [0x00000000e0000000, 0x00000000e0000000, 0x00000000e0a40000)
  from space 1280K,  77% used [0x00000000e0b80000, 0x00000000e0c782c0, 0x00000000e0cc0000)
  to   space 1280K,   0% used [0x00000000e0a40000, 0x00000000e0a40000, 0x00000000e0b80000)
 tenured generation   total 25944K, used 22462K [0x00000000eaaa0000, 0x00000000ec3f6000, 0x0000000100000000)
   the space 25944K,  86% used [0x00000000eaaa0000, 0x00000000ec08f9c0, 0x00000000ec08fa00, 0x00000000ec3f6000)
 Metaspace       used 57529K, capacity 61232K, committed 61360K, reserved 1101824K
  class space    used 7939K, capacity 8570K, committed 8624K, reserved 1048576K
}
Event: 13.364 GC heap before
{Heap before GC invocations=124 (full 3):
 def new generation   total 11776K, used 11488K [0x00000000e0000000, 0x00000000e0cc0000, 0x00000000eaaa0000)
  eden space 10496K, 100% used [0x00000000e0000000, 0x00000000e0a40000, 0x00000000e0a40000)
  from space 1280K,  77% used [0x00000000e0b80000, 0x00000000e0c782c0, 0x00000000e0cc0000)
  to   space 1280K,   0% used [0x00000000e0a40000, 0x00000000e0a40000, 0x00000000e0b80000)
 tenured generation   total 25944K, used 22462K [0x00000000eaaa0000, 0x00000000ec3f6000, 0x0000000100000000)
   the space 25944K,  86% used [0x00000000eaaa0000, 0x00000000ec08f9c0, 0x00000000ec08fa00, 0x00000000ec3f6000)
 Metaspace       used 57969K, capacity 61788K, committed 62000K, reserved 1101824K
  class space    used 8017K, capacity 8678K, committed 8752K, reserved 1048576K
Event: 13.369 GC heap after
Heap after GC invocations=125 (full 3):
 def new generation   total 11776K, used 538K [0x00000000e0000000, 0x00000000e0cc0000, 0x00000000eaaa0000)
  eden space 10496K,   0% used [0x00000000e0000000, 0x00000000e0000000, 0x00000000e0a40000)
  from space 1280K,  42% used [0x00000000e0a40000, 0x00000000e0ac6848, 0x00000000e0b80000)
  to   space 1280K,   0% used [0x00000000e0b80000, 0x00000000e0b80000, 0x00000000e0cc0000)
 tenured generation   total 25944K, used 22843K [0x00000000eaaa0000, 0x00000000ec3f6000, 0x0000000100000000)
   the space 25944K,  88% used [0x00000000eaaa0000, 0x00000000ec0eef98, 0x00000000ec0ef000, 0x00000000ec3f6000)
 Metaspace       used 57969K, capacity 61788K, committed 62000K, reserved 1101824K
  class space    used 8017K, capacity 8678K, committed 8752K, reserved 1048576K
}
Event: 13.545 GC heap before
{Heap before GC invocations=125 (full 3):
 def new generation   total 11776K, used 11034K [0x00000000e0000000, 0x00000000e0cc0000, 0x00000000eaaa0000)
  eden space 10496K, 100% used [0x00000000e0000000, 0x00000000e0a40000, 0x00000000e0a40000)
  from space 1280K,  42% used [0x00000000e0a40000, 0x00000000e0ac6848, 0x00000000e0b80000)
  to   space 1280K,   0% used [0x00000000e0b80000, 0x00000000e0b80000, 0x00000000e0cc0000)
 tenured generation   total 25944K, used 22843K [0x00000000eaaa0000, 0x00000000ec3f6000, 0x0000000100000000)
   the space 25944K,  88% used [0x00000000eaaa0000, 0x00000000ec0eef98, 0x00000000ec0ef000, 0x00000000ec3f6000)
 Metaspace       used 58718K, capacity 62576K, committed 62896K, reserved 1103872K
  class space    used 8115K, capacity 8762K, committed 8880K, reserved 1048576K
Event: 13.549 GC heap after
Heap after GC invocations=126 (full 3):
 def new generation   total 11776K, used 1030K [0x00000000e0000000, 0x00000000e0cc0000, 0x00000000eaaa0000)
  eden space 10496K,   0% used [0x00000000e0000000, 0x00000000e0000000, 0x00000000e0a40000)
  from space 1280K,  80% used [0x00000000e0b80000, 0x00000000e0c81ab0, 0x00000000e0cc0000)
  to   space 1280K,   0% used [0x00000000e0a40000, 0x00000000e0a40000, 0x00000000e0b80000)
 tenured generation   total 25944K, used 22843K [0x00000000eaaa0000, 0x00000000ec3f6000, 0x0000000100000000)
   the space 25944K,  88% used [0x00000000eaaa0000, 0x00000000ec0eef98, 0x00000000ec0ef000, 0x00000000ec3f6000)
 Metaspace       used 58718K, capacity 62576K, committed 62896K, reserved 1103872K
  class space    used 8115K, capacity 8762K, committed 8880K, reserved 1048576K
}
Event: 13.680 GC heap before
{Heap before GC invocations=126 (full 3):
 def new generation   total 11776K, used 11526K [0x00000000e0000000, 0x00000000e0cc0000, 0x00000000eaaa0000)
  eden space 10496K, 100% used [0x00000000e0000000, 0x00000000e0a40000, 0x00000000e0a40000)
  from space 1280K,  80% used [0x00000000e0b80000, 0x00000000e0c81ab0, 0x00000000e0cc0000)
  to   space 1280K,   0% used [0x00000000e0a40000, 0x00000000e0a40000, 0x00000000e0b80000)
 tenured generation   total 25944K, used 22843K [0x00000000eaaa0000, 0x00000000ec3f6000, 0x0000000100000000)
   the space 25944K,  88% used [0x00000000eaaa0000, 0x00000000ec0eef98, 0x00000000ec0ef000, 0x00000000ec3f6000)
 Metaspace       used 58945K, capacity 62868K, committed 63152K, reserved 1103872K
  class space    used 8154K, capacity 8820K, committed 8880K, reserved 1048576K
Event: 13.685 GC heap after
Heap after GC invocations=127 (full 3):
 def new generation   total 11776K, used 476K [0x00000000e0000000, 0x00000000e0cc0000, 0x00000000eaaa0000)
  eden space 10496K,   0% used [0x00000000e0000000, 0x00000000e0000000, 0x00000000e0a40000)
  from space 1280K,  37% used [0x00000000e0a40000, 0x00000000e0ab72f0, 0x00000000e0b80000)
  to   space 1280K,   0% used [0x00000000e0b80000, 0x00000000e0b80000, 0x00000000e0cc0000)
 tenured generation   total 25944K, used 23366K [0x00000000eaaa0000, 0x00000000ec3f6000, 0x0000000100000000)
   the space 25944K,  90% used [0x00000000eaaa0000, 0x00000000ec1719f8, 0x00000000ec171a00, 0x00000000ec3f6000)
 Metaspace       used 58945K, capacity 62868K, committed 63152K, reserved 1103872K
  class space    used 8154K, capacity 8820K, committed 8880K, reserved 1048576K
}
Event: 13.806 GC heap before
{Heap before GC invocations=127 (full 3):
 def new generation   total 11776K, used 10972K [0x00000000e0000000, 0x00000000e0cc0000, 0x00000000eaaa0000)
  eden space 10496K, 100% used [0x00000000e0000000, 0x00000000e0a40000, 0x00000000e0a40000)
  from space 1280K,  37% used [0x00000000e0a40000, 0x00000000e0ab72f0, 0x00000000e0b80000)
  to   space 1280K,   0% used [0x00000000e0b80000, 0x00000000e0b80000, 0x00000000e0cc0000)
 tenured generation   total 25944K, used 23366K [0x00000000eaaa0000, 0x00000000ec3f6000, 0x0000000100000000)
   the space 25944K,  90% used [0x00000000eaaa0000, 0x00000000ec1719f8, 0x00000000ec171a00, 0x00000000ec3f6000)
 Metaspace       used 59043K, capacity 62992K, committed 63152K, reserved 1103872K
  class space    used 8169K, capacity 8830K, committed 8880K, reserved 1048576K
Event: 13.810 GC heap after
Heap after GC invocations=128 (full 3):
 def new generation   total 11776K, used 776K [0x00000000e0000000, 0x00000000e0cc0000, 0x00000000eaaa0000)
  eden space 10496K,   0% used [0x00000000e0000000, 0x00000000e0000000, 0x00000000e0a40000)
  from space 1280K,  60% used [0x00000000e0b80000, 0x00000000e0c42370, 0x00000000e0cc0000)
  to   space 1280K,   0% used [0x00000000e0a40000, 0x00000000e0a40000, 0x00000000e0b80000)
 tenured generation   total 25944K, used 23366K [0x00000000eaaa0000, 0x00000000ec3f6000, 0x0000000100000000)
   the space 25944K,  90% used [0x00000000eaaa0000, 0x00000000ec1719f8, 0x00000000ec171a00, 0x00000000ec3f6000)
 Metaspace       used 59043K, capacity 62992K, committed 63152K, reserved 1103872K
  class space    used 8169K, capacity 8830K, committed 8880K, reserved 1048576K
}
Event: 13.907 GC heap before
{Heap before GC invocations=128 (full 3):
 def new generation   total 11776K, used 7842K [0x00000000e0000000, 0x00000000e0cc0000, 0x00000000eaaa0000)
  eden space 10496K,  67% used [0x00000000e0000000, 0x00000000e06e6798, 0x00000000e0a40000)
  from space 1280K,  60% used [0x00000000e0b80000, 0x00000000e0c42370, 0x00000000e0cc0000)
  to   space 1280K,   0% used [0x00000000e0a40000, 0x00000000e0a40000, 0x00000000e0b80000)
 tenured generation   total 25944K, used 23366K [0x00000000eaaa0000, 0x00000000ec3f6000, 0x0000000100000000)
   the space 25944K,  90% used [0x00000000eaaa0000, 0x00000000ec1719f8, 0x00000000ec171a00, 0x00000000ec3f6000)
 Metaspace       used 59213K, capacity 63150K, committed 63228K, reserved 1103872K
  class space    used 8182K, capacity 8835K, committed 8880K, reserved 1048576K
Event: 13.995 GC heap after
Heap after GC invocations=129 (full 4):
 def new generation   total 16320K, used 0K [0x00000000e0000000, 0x00000000e11b0000, 0x00000000eaaa0000)
  eden space 14528K,   0% used [0x00000000e0000000, 0x00000000e0000000, 0x00000000e0e30000)
  from space 1792K,   0% used [0x00000000e0e30000, 0x00000000e0e30000, 0x00000000e0ff0000)
  to   space 1792K,   0% used [0x00000000e0ff0000, 0x00000000e0ff0000, 0x00000000e11b0000)
 tenured generation   total 36052K, used 21629K [0x00000000eaaa0000, 0x00000000ecdd5000, 0x0000000100000000)
   the space 36052K,  59% used [0x00000000eaaa0000, 0x00000000ebfbf650, 0x00000000ebfbf800, 0x00000000ecdd5000)
 Metaspace       used 59213K, capacity 63150K, committed 63228K, reserved 1103872K
  class space    used 8182K, capacity 8835K, committed 8880K, reserved 1048576K
}
Event: 14.296 GC heap before
{Heap before GC invocations=129 (full 4):
 def new generation   total 16320K, used 14528K [0x00000000e0000000, 0x00000000e11b0000, 0x00000000eaaa0000)
  eden space 14528K, 100% used [0x00000000e0000000, 0x00000000e0e30000, 0x00000000e0e30000)
  from space 1792K,   0% used [0x00000000e0e30000, 0x00000000e0e30000, 0x00000000e0ff0000)
  to   space 1792K,   0% used [0x00000000e0ff0000, 0x00000000e0ff0000, 0x00000000e11b0000)
 tenured generation   total 36052K, used 21629K [0x00000000eaaa0000, 0x00000000ecdd5000, 0x0000000100000000)
   the space 36052K,  59% used [0x00000000eaaa0000, 0x00000000ebfbf650, 0x00000000ebfbf800, 0x00000000ecdd5000)
 Metaspace       used 60377K, capacity 64434K, committed 64560K, reserved 1105920K
  class space    used 8346K, capacity 9001K, committed 9008K, reserved 1048576K
Event: 14.300 GC heap after
Heap after GC invocations=130 (full 4):
 def new generation   total 16320K, used 1327K [0x00000000e0000000, 0x00000000e11b0000, 0x00000000eaaa0000)
  eden space 14528K,   0% used [0x00000000e0000000, 0x00000000e0000000, 0x00000000e0e30000)
  from space 1792K,  74% used [0x00000000e0ff0000, 0x00000000e113bec0, 0x00000000e11b0000)
  to   space 1792K,   0% used [0x00000000e0e30000, 0x00000000e0e30000, 0x00000000e0ff0000)
 tenured generation   total 36052K, used 21629K [0x00000000eaaa0000, 0x00000000ecdd5000, 0x0000000100000000)
   the space 36052K,  59% used [0x00000000eaaa0000, 0x00000000ebfbf650, 0x00000000ebfbf800, 0x00000000ecdd5000)
 Metaspace       used 60377K, capacity 64434K, committed 64560K, reserved 1105920K
  class space    used 8346K, capacity 9001K, committed 9008K, reserved 1048576K
}
Event: 14.527 GC heap before
{Heap before GC invocations=130 (full 4):
 def new generation   total 16320K, used 15855K [0x00000000e0000000, 0x00000000e11b0000, 0x00000000eaaa0000)
  eden space 14528K, 100% used [0x00000000e0000000, 0x00000000e0e30000, 0x00000000e0e30000)
  from space 1792K,  74% used [0x00000000e0ff0000, 0x00000000e113bec0, 0x00000000e11b0000)
  to   space 1792K,   0% used [0x00000000e0e30000, 0x00000000e0e30000, 0x00000000e0ff0000)
 tenured generation   total 36052K, used 21629K [0x00000000eaaa0000, 0x00000000ecdd5000, 0x0000000100000000)
   the space 36052K,  59% used [0x00000000eaaa0000, 0x00000000ebfbf650, 0x00000000ebfbf800, 0x00000000ecdd5000)
 Metaspace       used 60847K, capacity 64928K, committed 65200K, reserved 1105920K
  class space    used 8411K, capacity 9074K, committed 9136K, reserved 1048576K
Event: 14.534 GC heap after
Heap after GC invocations=131 (full 4):
 def new generation   total 16320K, used 1062K [0x00000000e0000000, 0x00000000e11b0000, 0x00000000eaaa0000)
  eden space 14528K,   0% used [0x00000000e0000000, 0x00000000e0000000, 0x00000000e0e30000)
  from space 1792K,  59% used [0x00000000e0e30000, 0x00000000e0f39868, 0x00000000e0ff0000)
  to   space 1792K,   0% used [0x00000000e0ff0000, 0x00000000e0ff0000, 0x00000000e11b0000)
 tenured generation   total 36052K, used 21946K [0x00000000eaaa0000, 0x00000000ecdd5000, 0x0000000100000000)
   the space 36052K,  60% used [0x00000000eaaa0000, 0x00000000ec00e898, 0x00000000ec00ea00, 0x00000000ecdd5000)
 Metaspace       used 60847K, capacity 64928K, committed 65200K, reserved 1105920K
  class space    used 8411K, capacity 9074K, committed 9136K, reserved 1048576K
}
Event: 14.736 GC heap before
{Heap before GC invocations=131 (full 4):
 def new generation   total 16320K, used 15590K [0x00000000e0000000, 0x00000000e11b0000, 0x00000000eaaa0000)
  eden space 14528K, 100% used [0x00000000e0000000, 0x00000000e0e30000, 0x00000000e0e30000)
  from space 1792K,  59% used [0x00000000e0e30000, 0x00000000e0f39868, 0x00000000e0ff0000)
  to   space 1792K,   0% used [0x00000000e0ff0000, 0x00000000e0ff0000, 0x00000000e11b0000)
 tenured generation   total 36052K, used 21946K [0x00000000eaaa0000, 0x00000000ecdd5000, 0x0000000100000000)
   the space 36052K,  60% used [0x00000000eaaa0000, 0x00000000ec00e898, 0x00000000ec00ea00, 0x00000000ecdd5000)
 Metaspace       used 61648K, capacity 65764K, committed 65840K, reserved 1105920K
  class space    used 8540K, capacity 9216K, committed 9264K, reserved 1048576K
Event: 14.744 GC heap after
Heap after GC invocations=132 (full 4):
 def new generation   total 16320K, used 1078K [0x00000000e0000000, 0x00000000e11b0000, 0x00000000eaaa0000)
  eden space 14528K,   0% used [0x00000000e0000000, 0x00000000e0000000, 0x00000000e0e30000)
  from space 1792K,  60% used [0x00000000e0ff0000, 0x00000000e10fda70, 0x00000000e11b0000)
  to   space 1792K,   0% used [0x00000000e0e30000, 0x00000000e0e30000, 0x00000000e0ff0000)
 tenured generation   total 36052K, used 22530K [0x00000000eaaa0000, 0x00000000ecdd5000, 0x0000000100000000)
   the space 36052K,  62% used [0x00000000eaaa0000, 0x00000000ec0a0a68, 0x00000000ec0a0c00, 0x00000000ecdd5000)
 Metaspace       used 61648K, capacity 65764K, committed 65840K, reserved 1105920K
  class space    used 8540K, capacity 9216K, committed 9264K, reserved 1048576K
}
Event: 14.884 GC heap before
{Heap before GC invocations=132 (full 4):
 def new generation   total 16320K, used 15606K [0x00000000e0000000, 0x00000000e11b0000, 0x00000000eaaa0000)
  eden space 14528K, 100% used [0x00000000e0000000, 0x00000000e0e30000, 0x00000000e0e30000)
  from space 1792K,  60% used [0x00000000e0ff0000, 0x00000000e10fda70, 0x00000000e11b0000)
  to   space 1792K,   0% used [0x00000000e0e30000, 0x00000000e0e30000, 0x00000000e0ff0000)
 tenured generation   total 36052K, used 22530K [0x00000000eaaa0000, 0x00000000ecdd5000, 0x0000000100000000)
   the space 36052K,  62% used [0x00000000eaaa0000, 0x00000000ec0a0a68, 0x00000000ec0a0c00, 0x00000000ecdd5000)
 Metaspace       used 61866K, capacity 65962K, committed 66096K, reserved 1105920K
  class space    used 8576K, capacity 9261K, committed 9264K, reserved 1048576K
Event: 14.888 GC heap after
Heap after GC invocations=133 (full 4):
 def new generation   total 16320K, used 499K [0x00000000e0000000, 0x00000000e11b0000, 0x00000000eaaa0000)
  eden space 14528K,   0% used [0x00000000e0000000, 0x00000000e0000000, 0x00000000e0e30000)
  from space 1792K,  27% used [0x00000000e0e30000, 0x00000000e0eacf38, 0x00000000e0ff0000)
  to   space 1792K,   0% used [0x00000000e0ff0000, 0x00000000e0ff0000, 0x00000000e11b0000)
 tenured generation   total 36052K, used 22770K [0x00000000eaaa0000, 0x00000000ecdd5000, 0x0000000100000000)
   the space 36052K,  63% used [0x00000000eaaa0000, 0x00000000ec0dc820, 0x00000000ec0dca00, 0x00000000ecdd5000)
 Metaspace       used 61866K, capacity 65962K, committed 66096K, reserved 1105920K
  class space    used 8576K, capacity 9261K, committed 9264K, reserved 1048576K
}
Event: 15.011 GC heap before
{Heap before GC invocations=133 (full 4):
 def new generation   total 16320K, used 15027K [0x00000000e0000000, 0x00000000e11b0000, 0x00000000eaaa0000)
  eden space 14528K, 100% used [0x00000000e0000000, 0x00000000e0e30000, 0x00000000e0e30000)
  from space 1792K,  27% used [0x00000000e0e30000, 0x00000000e0eacf38, 0x00000000e0ff0000)
  to   space 1792K,   0% used [0x00000000e0ff0000, 0x00000000e0ff0000, 0x00000000e11b0000)
 tenured generation   total 36052K, used 22770K [0x00000000eaaa0000, 0x00000000ecdd5000, 0x0000000100000000)
   the space 36052K,  63% used [0x00000000eaaa0000, 0x00000000ec0dc820, 0x00000000ec0dca00, 0x00000000ecdd5000)
 Metaspace       used 62021K, capacity 66174K, committed 66480K, reserved 1105920K
  class space    used 8609K, capacity 9303K, committed 9392K, reserved 1048576K
Event: 15.015 GC heap after
Heap after GC invocations=134 (full 4):
 def new generation   total 16320K, used 803K [0x00000000e0000000, 0x00000000e11b0000, 0x00000000eaaa0000)
  eden space 14528K,   0% used [0x00000000e0000000, 0x00000000e0000000, 0x00000000e0e30000)
  from space 1792K,  44% used [0x00000000e0ff0000, 0x00000000e10b8db0, 0x00000000e11b0000)
  to   space 1792K,   0% used [0x00000000e0e30000, 0x00000000e0e30000, 0x00000000e0ff0000)
 tenured generation   total 36052K, used 22770K [0x00000000eaaa0000, 0x00000000ecdd5000, 0x0000000100000000)
   the space 36052K,  63% used [0x00000000eaaa0000, 0x00000000ec0dc820, 0x00000000ec0dca00, 0x00000000ecdd5000)
 Metaspace       used 62021K, capacity 66174K, committed 66480K, reserved 1105920K
  class space    used 8609K, capacity 9303K, committed 9392K, reserved 1048576K
}
Event: 15.148 GC heap before
{Heap before GC invocations=134 (full 4):
 def new generation   total 16320K, used 15331K [0x00000000e0000000, 0x00000000e11b0000, 0x00000000eaaa0000)
  eden space 14528K, 100% used [0x00000000e0000000, 0x00000000e0e30000, 0x00000000e0e30000)
  from space 1792K,  44% used [0x00000000e0ff0000, 0x00000000e10b8db0, 0x00000000e11b0000)
  to   space 1792K,   0% used [0x00000000e0e30000, 0x00000000e0e30000, 0x00000000e0ff0000)
 tenured generation   total 36052K, used 22770K [0x00000000eaaa0000, 0x00000000ecdd5000, 0x0000000100000000)
   the space 36052K,  63% used [0x00000000eaaa0000, 0x00000000ec0dc820, 0x00000000ec0dca00, 0x00000000ecdd5000)
 Metaspace       used 62148K, capacity 66326K, committed 66480K, reserved 1105920K
  class space    used 8628K, capacity 9309K, committed 9392K, reserved 1048576K
Event: 15.153 GC heap after
Heap after GC invocations=135 (full 4):
 def new generation   total 16320K, used 1181K [0x00000000e0000000, 0x00000000e11b0000, 0x00000000eaaa0000)
  eden space 14528K,   0% used [0x00000000e0000000, 0x00000000e0000000, 0x00000000e0e30000)
  from space 1792K,  65% used [0x00000000e0e30000, 0x00000000e0f57578, 0x00000000e0ff0000)
  to   space 1792K,   0% used [0x00000000e0ff0000, 0x00000000e0ff0000, 0x00000000e11b0000)
 tenured generation   total 36052K, used 22770K [0x00000000eaaa0000, 0x00000000ecdd5000, 0x0000000100000000)
   the space 36052K,  63% used [0x00000000eaaa0000, 0x00000000ec0dc820, 0x00000000ec0dca00, 0x00000000ecdd5000)
 Metaspace       used 62148K, capacity 66326K, committed 66480K, reserved 1105920K
  class space    used 8628K, capacity 9309K, committed 9392K, reserved 1048576K
}
Event: 15.342 GC heap before
{Heap before GC invocations=135 (full 4):
 def new generation   total 16320K, used 15709K [0x00000000e0000000, 0x00000000e11b0000, 0x00000000eaaa0000)
  eden space 14528K, 100% used [0x00000000e0000000, 0x00000000e0e30000, 0x00000000e0e30000)
  from space 1792K,  65% used [0x00000000e0e30000, 0x00000000e0f57578, 0x00000000e0ff0000)
  to   space 1792K,   0% used [0x00000000e0ff0000, 0x00000000e0ff0000, 0x00000000e11b0000)
 tenured generation   total 36052K, used 22770K [0x00000000eaaa0000, 0x00000000ecdd5000, 0x0000000100000000)
   the space 36052K,  63% used [0x00000000eaaa0000, 0x00000000ec0dc820, 0x00000000ec0dca00, 0x00000000ecdd5000)
 Metaspace       used 62408K, capacity 66528K, committed 66736K, reserved 1105920K
  class space    used 8667K, capacity 9350K, committed 9392K, reserved 1048576K
Event: 15.355 GC heap after
Heap after GC invocations=136 (full 4):
 def new generation   total 16320K, used 1706K [0x00000000e0000000, 0x00000000e11b0000, 0x00000000eaaa0000)
  eden space 14528K,   0% used [0x00000000e0000000, 0x00000000e0000000, 0x00000000e0e30000)
  from space 1792K,  95% used [0x00000000e0ff0000, 0x00000000e119abf8, 0x00000000e11b0000)
  to   space 1792K,   0% used [0x00000000e0e30000, 0x00000000e0e30000, 0x00000000e0ff0000)
 tenured generation   total 36052K, used 23068K [0x00000000eaaa0000, 0x00000000ecdd5000, 0x0000000100000000)
   the space 36052K,  63% used [0x00000000eaaa0000, 0x00000000ec127258, 0x00000000ec127400, 0x00000000ecdd5000)
 Metaspace       used 62408K, capacity 66528K, committed 66736K, reserved 1105920K
  class space    used 8667K, capacity 9350K, committed 9392K, reserved 1048576K
}
Event: 15.497 GC heap before
{Heap before GC invocations=136 (full 4):
 def new generation   total 16320K, used 16234K [0x00000000e0000000, 0x00000000e11b0000, 0x00000000eaaa0000)
  eden space 14528K, 100% used [0x00000000e0000000, 0x00000000e0e30000, 0x00000000e0e30000)
  from space 1792K,  95% used [0x00000000e0ff0000, 0x00000000e119abf8, 0x00000000e11b0000)
  to   space 1792K,   0% used [0x00000000e0e30000, 0x00000000e0e30000, 0x00000000e0ff0000)
 tenured generation   total 36052K, used 23068K [0x00000000eaaa0000, 0x00000000ecdd5000, 0x0000000100000000)
   the space 36052K,  63% used [0x00000000eaaa0000, 0x00000000ec127258, 0x00000000ec127400, 0x00000000ecdd5000)
 Metaspace       used 62730K, capacity 66920K, committed 67120K, reserved 1107968K
  class space    used 8718K, capacity 9416K, committed 9520K, reserved 1048576K
Event: 15.513 GC heap after
Heap after GC invocations=137 (full 4):
 def new generation   total 16320K, used 1172K [0x00000000e0000000, 0x00000000e11b0000, 0x00000000eaaa0000)
  eden space 14528K,   0% used [0x00000000e0000000, 0x00000000e0000000, 0x00000000e0e30000)
  from space 1792K,  65% used [0x00000000e0e30000, 0x00000000e0f55340, 0x00000000e0ff0000)
  to   space 1792K,   0% used [0x00000000e0ff0000, 0x00000000e0ff0000, 0x00000000e11b0000)
 tenured generation   total 36052K, used 24562K [0x00000000eaaa0000, 0x00000000ecdd5000, 0x0000000100000000)
   the space 36052K,  68% used [0x00000000eaaa0000, 0x00000000ec29c990, 0x00000000ec29ca00, 0x00000000ecdd5000)
 Metaspace       used 62730K, capacity 66920K, committed 67120K, reserved 1107968K
  class space    used 8718K, capacity 9416K, committed 9520K, reserved 1048576K
}
Event: 15.679 GC heap before
{Heap before GC invocations=137 (full 4):
 def new generation   total 16320K, used 15700K [0x00000000e0000000, 0x00000000e11b0000, 0x00000000eaaa0000)
  eden space 14528K, 100% used [0x00000000e0000000, 0x00000000e0e30000, 0x00000000e0e30000)
  from space 1792K,  65% used [0x00000000e0e30000, 0x00000000e0f55340, 0x00000000e0ff0000)
  to   space 1792K,   0% used [0x00000000e0ff0000, 0x00000000e0ff0000, 0x00000000e11b0000)
 tenured generation   total 36052K, used 24562K [0x00000000eaaa0000, 0x00000000ecdd5000, 0x0000000100000000)
   the space 36052K,  68% used [0x00000000eaaa0000, 0x00000000ec29c990, 0x00000000ec29ca00, 0x00000000ecdd5000)
 Metaspace       used 63201K, capacity 67488K, committed 67632K, reserved 1107968K
  class space    used 8799K, capacity 9502K, committed 9520K, reserved 1048576K
Event: 15.689 GC heap after
Heap after GC invocations=138 (full 4):
 def new generation   total 16320K, used 963K [0x00000000e0000000, 0x00000000e11b0000, 0x00000000eaaa0000)
  eden space 14528K,   0% used [0x00000000e0000000, 0x00000000e0000000, 0x00000000e0e30000)
  from space 1792K,  53% used [0x00000000e0ff0000, 0x00000000e10e0c98, 0x00000000e11b0000)
  to   space 1792K,   0% used [0x00000000e0e30000, 0x00000000e0e30000, 0x00000000e0ff0000)
 tenured generation   total 36052K, used 25423K [0x00000000eaaa0000, 0x00000000ecdd5000, 0x0000000100000000)
   the space 36052K,  70% used [0x00000000eaaa0000, 0x00000000ec373f20, 0x00000000ec374000, 0x00000000ecdd5000)
 Metaspace       used 63201K, capacity 67488K, committed 67632K, reserved 1107968K
  class space    used 8799K, capacity 9502K, committed 9520K, reserved 1048576K
}
Event: 15.897 GC heap before
{Heap before GC invocations=138 (full 4):
 def new generation   total 16320K, used 15491K [0x00000000e0000000, 0x00000000e11b0000, 0x00000000eaaa0000)
  eden space 14528K, 100% used [0x00000000e0000000, 0x00000000e0e30000, 0x00000000e0e30000)
  from space 1792K,  53% used [0x00000000e0ff0000, 0x00000000e10e0c98, 0x00000000e11b0000)
  to   space 1792K,   0% used [0x00000000e0e30000, 0x00000000e0e30000, 0x00000000e0ff0000)
 tenured generation   total 36052K, used 25423K [0x00000000eaaa0000, 0x00000000ecdd5000, 0x0000000100000000)
   the space 36052K,  70% used [0x00000000eaaa0000, 0x00000000ec373f20, 0x00000000ec374000, 0x00000000ecdd5000)
 Metaspace       used 63903K, capacity 68114K, committed 68272K, reserved 1107968K
  class space    used 8895K, capacity 9579K, committed 9648K, reserved 1048576K
Event: 15.905 GC heap after
Heap after GC invocations=139 (full 4):
 def new generation   total 16320K, used 973K [0x00000000e0000000, 0x00000000e11b0000, 0x00000000eaaa0000)
  eden space 14528K,   0% used [0x00000000e0000000, 0x00000000e0000000, 0x00000000e0e30000)
  from space 1792K,  54% used [0x00000000e0e30000, 0x00000000e0f234a0, 0x00000000e0ff0000)
  to   space 1792K,   0% used [0x00000000e0ff0000, 0x00000000e0ff0000, 0x00000000e11b0000)
 tenured generation   total 36052K, used 25944K [0x00000000eaaa0000, 0x00000000ecdd5000, 0x0000000100000000)
   the space 36052K,  71% used [0x00000000eaaa0000, 0x00000000ec3f63e0, 0x00000000ec3f6400, 0x00000000ecdd5000)
 Metaspace       used 63903K, capacity 68114K, committed 68272K, reserved 1107968K
  class space    used 8895K, capacity 9579K, committed 9648K, reserved 1048576K
}
Event: 16.088 GC heap before
{Heap before GC invocations=139 (full 4):
 def new generation   total 16320K, used 15501K [0x00000000e0000000, 0x00000000e11b0000, 0x00000000eaaa0000)
  eden space 14528K, 100% used [0x00000000e0000000, 0x00000000e0e30000, 0x00000000e0e30000)
  from space 1792K,  54% used [0x00000000e0e30000, 0x00000000e0f234a0, 0x00000000e0ff0000)
  to   space 1792K,   0% used [0x00000000e0ff0000, 0x00000000e0ff0000, 0x00000000e11b0000)
 tenured generation   total 36052K, used 25944K [0x00000000eaaa0000, 0x00000000ecdd5000, 0x0000000100000000)
   the space 36052K,  71% used [0x00000000eaaa0000, 0x00000000ec3f63e0, 0x00000000ec3f6400, 0x00000000ecdd5000)
 Metaspace       used 64196K, capacity 68542K, committed 68784K, reserved 1107968K
  class space    used 8933K, capacity 9639K, committed 9648K, reserved 1048576K
Event: 16.093 GC heap after
Heap after GC invocations=140 (full 4):
 def new generation   total 16320K, used 650K [0x00000000e0000000, 0x00000000e11b0000, 0x00000000eaaa0000)
  eden space 14528K,   0% used [0x00000000e0000000, 0x00000000e0000000, 0x00000000e0e30000)
  from space 1792K,  36% used [0x00000000e0ff0000, 0x00000000e1092980, 0x00000000e11b0000)
  to   space 1792K,   0% used [0x00000000e0e30000, 0x00000000e0e30000, 0x00000000e0ff0000)
 tenured generation   total 36052K, used 26287K [0x00000000eaaa0000, 0x00000000ecdd5000, 0x0000000100000000)
   the space 36052K,  72% used [0x00000000eaaa0000, 0x00000000ec44bf80, 0x00000000ec44c000, 0x00000000ecdd5000)
 Metaspace       used 64196K, capacity 68542K, committed 68784K, reserved 1107968K
  class space    used 8933K, capacity 9639K, committed 9648K, reserved 1048576K
}
Event: 16.238 GC heap before
{Heap before GC invocations=140 (full 4):
 def new generation   total 16320K, used 15178K [0x00000000e0000000, 0x00000000e11b0000, 0x00000000eaaa0000)
  eden space 14528K, 100% used [0x00000000e0000000, 0x00000000e0e30000, 0x00000000e0e30000)
  from space 1792K,  36% used [0x00000000e0ff0000, 0x00000000e1092980, 0x00000000e11b0000)
  to   space 1792K,   0% used [0x00000000e0e30000, 0x00000000e0e30000, 0x00000000e0ff0000)
 tenured generation   total 36052K, used 26287K [0x00000000eaaa0000, 0x00000000ecdd5000, 0x0000000100000000)
   the space 36052K,  72% used [0x00000000eaaa0000, 0x00000000ec44bf80, 0x00000000ec44c000, 0x00000000ecdd5000)
 Metaspace       used 64357K, capacity 68692K, committed 68784K, reserved 1107968K
  class space    used 8952K, capacity 9644K, committed 9648K, reserved 1048576K
Event: 16.244 GC heap after
Heap after GC invocations=141 (full 4):
 def new generation   total 16320K, used 1147K [0x00000000e0000000, 0x00000000e11b0000, 0x00000000eaaa0000)
  eden space 14528K,   0% used [0x00000000e0000000, 0x00000000e0000000, 0x00000000e0e30000)
  from space 1792K,  64% used [0x00000000e0e30000, 0x00000000e0f4ed08, 0x00000000e0ff0000)
  to   space 1792K,   0% used [0x00000000e0ff0000, 0x00000000e0ff0000, 0x00000000e11b0000)
 tenured generation   total 36052K, used 26287K [0x00000000eaaa0000, 0x00000000ecdd5000, 0x0000000100000000)
   the space 36052K,  72% used [0x00000000eaaa0000, 0x00000000ec44bf80, 0x00000000ec44c000, 0x00000000ecdd5000)
 Metaspace       used 64357K, capacity 68692K, committed 68784K, reserved 1107968K
  class space    used 8952K, capacity 9644K, committed 9648K, reserved 1048576K
}
Event: 16.414 GC heap before
{Heap before GC invocations=141 (full 4):
 def new generation   total 16320K, used 15675K [0x00000000e0000000, 0x00000000e11b0000, 0x00000000eaaa0000)
  eden space 14528K, 100% used [0x00000000e0000000, 0x00000000e0e30000, 0x00000000e0e30000)
  from space 1792K,  64% used [0x00000000e0e30000, 0x00000000e0f4ed08, 0x00000000e0ff0000)
  to   space 1792K,   0% used [0x00000000e0ff0000, 0x00000000e0ff0000, 0x00000000e11b0000)
 tenured generation   total 36052K, used 26287K [0x00000000eaaa0000, 0x00000000ecdd5000, 0x0000000100000000)
   the space 36052K,  72% used [0x00000000eaaa0000, 0x00000000ec44bf80, 0x00000000ec44c000, 0x00000000ecdd5000)
 Metaspace       used 64522K, capacity 68928K, committed 69168K, reserved 1107968K
  class space    used 8979K, capacity 9678K, committed 9776K, reserved 1048576K
Event: 16.422 GC heap after
Heap after GC invocations=142 (full 4):
 def new generation   total 16320K, used 1207K [0x00000000e0000000, 0x00000000e11b0000, 0x00000000eaaa0000)
  eden space 14528K,   0% used [0x00000000e0000000, 0x00000000e0000000, 0x00000000e0e30000)
  from space 1792K,  67% used [0x00000000e0ff0000, 0x00000000e111dc48, 0x00000000e11b0000)
  to   space 1792K,   0% used [0x00000000e0e30000, 0x00000000e0e30000, 0x00000000e0ff0000)
 tenured generation   total 36052K, used 26787K [0x00000000eaaa0000, 0x00000000ecdd5000, 0x0000000100000000)
   the space 36052K,  74% used [0x00000000eaaa0000, 0x00000000ec4c8c00, 0x00000000ec4c8c00, 0x00000000ecdd5000)
 Metaspace       used 64522K, capacity 68928K, committed 69168K, reserved 1107968K
  class space    used 8979K, capacity 9678K, committed 9776K, reserved 1048576K
}
Event: 16.611 GC heap before
{Heap before GC invocations=142 (full 4):
 def new generation   total 16320K, used 15735K [0x00000000e0000000, 0x00000000e11b0000, 0x00000000eaaa0000)
  eden space 14528K, 100% used [0x00000000e0000000, 0x00000000e0e30000, 0x00000000e0e30000)
  from space 1792K,  67% used [0x00000000e0ff0000, 0x00000000e111dc48, 0x00000000e11b0000)
  to   space 1792K,   0% used [0x00000000e0e30000, 0x00000000e0e30000, 0x00000000e0ff0000)
 tenured generation   total 36052K, used 26787K [0x00000000eaaa0000, 0x00000000ecdd5000, 0x0000000100000000)
   the space 36052K,  74% used [0x00000000eaaa0000, 0x00000000ec4c8c00, 0x00000000ec4c8c00, 0x00000000ecdd5000)
 Metaspace       used 64784K, capacity 69168K, committed 69424K, reserved 1110016K
  class space    used 9005K, capacity 9714K, committed 9776K, reserved 1048576K
Event: 16.620 GC heap after
Heap after GC invocations=143 (full 4):
 def new generation   total 16320K, used 1495K [0x00000000e0000000, 0x00000000e11b0000, 0x00000000eaaa0000)
  eden space 14528K,   0% used [0x00000000e0000000, 0x00000000e0000000, 0x00000000e0e30000)
  from space 1792K,  83% used [0x00000000e0e30000, 0x00000000e0fa5c98, 0x00000000e0ff0000)
  to   space 1792K,   0% used [0x00000000e0ff0000, 0x00000000e0ff0000, 0x00000000e11b0000)
 tenured generation   total 36052K, used 27290K [0x00000000eaaa0000, 0x00000000ecdd5000, 0x0000000100000000)
   the space 36052K,  75% used [0x00000000eaaa0000, 0x00000000ec546800, 0x00000000ec546800, 0x00000000ecdd5000)
 Metaspace       used 64784K, capacity 69168K, committed 69424K, reserved 1110016K
  class space    used 9005K, capacity 9714K, committed 9776K, reserved 1048576K
}
Event: 16.926 GC heap before
{Heap before GC invocations=143 (full 4):
 def new generation   total 16320K, used 16023K [0x00000000e0000000, 0x00000000e11b0000, 0x00000000eaaa0000)
  eden space 14528K, 100% used [0x00000000e0000000, 0x00000000e0e30000, 0x00000000e0e30000)
  from space 1792K,  83% used [0x00000000e0e30000, 0x00000000e0fa5c98, 0x00000000e0ff0000)
  to   space 1792K,   0% used [0x00000000e0ff0000, 0x00000000e0ff0000, 0x00000000e11b0000)
 tenured generation   total 36052K, used 27290K [0x00000000eaaa0000, 0x00000000ecdd5000, 0x0000000100000000)
   the space 36052K,  75% used [0x00000000eaaa0000, 0x00000000ec546800, 0x00000000ec546800, 0x00000000ecdd5000)
 Metaspace       used 65578K, capacity 70102K, committed 70320K, reserved 1110016K
  class space    used 9120K, capacity 9859K, committed 9904K, reserved 1048576K
Event: 16.933 GC heap after
Heap after GC invocations=144 (full 4):
 def new generation   total 16320K, used 1198K [0x00000000e0000000, 0x00000000e11b0000, 0x00000000eaaa0000)
  eden space 14528K,   0% used [0x00000000e0000000, 0x00000000e0000000, 0x00000000e0e30000)
  from space 1792K,  66% used [0x00000000e0ff0000, 0x00000000e111bb88, 0x00000000e11b0000)
  to   space 1792K,   0% used [0x00000000e0e30000, 0x00000000e0e30000, 0x00000000e0ff0000)
 tenured generation   total 36052K, used 28241K [0x00000000eaaa0000, 0x00000000ecdd5000, 0x0000000100000000)
   the space 36052K,  78% used [0x00000000eaaa0000, 0x00000000ec6347e8, 0x00000000ec634800, 0x00000000ecdd5000)
 Metaspace       used 65578K, capacity 70102K, committed 70320K, reserved 1110016K
  class space    used 9120K, capacity 9859K, committed 9904K, reserved 1048576K
}
Event: 17.195 GC heap before
{Heap before GC invocations=144 (full 4):
 def new generation   total 16320K, used 15726K [0x00000000e0000000, 0x00000000e11b0000, 0x00000000eaaa0000)
  eden space 14528K, 100% used [0x00000000e0000000, 0x00000000e0e30000, 0x00000000e0e30000)
  from space 1792K,  66% used [0x00000000e0ff0000, 0x00000000e111bb88, 0x00000000e11b0000)
  to   space 1792K,   0% used [0x00000000e0e30000, 0x00000000e0e30000, 0x00000000e0ff0000)
 tenured generation   total 36052K, used 28241K [0x00000000eaaa0000, 0x00000000ecdd5000, 0x0000000100000000)
   the space 36052K,  78% used [0x00000000eaaa0000, 0x00000000ec6347e8, 0x00000000ec634800, 0x00000000ecdd5000)
 Metaspace       used 66721K, capacity 71294K, committed 71600K, reserved 1110016K
  class space    used 9294K, capacity 10045K, committed 10160K, reserved 1048576K
Event: 17.203 GC heap after
Heap after GC invocations=145 (full 4):
 def new generation   total 16320K, used 1241K [0x00000000e0000000, 0x00000000e11b0000, 0x00000000eaaa0000)
  eden space 14528K,   0% used [0x00000000e0000000, 0x00000000e0000000, 0x00000000e0e30000)
  from space 1792K,  69% used [0x00000000e0e30000, 0x00000000e0f66668, 0x00000000e0ff0000)
  to   space 1792K,   0% used [0x00000000e0ff0000, 0x00000000e0ff0000, 0x00000000e11b0000)
 tenured generation   total 36052K, used 29080K [0x00000000eaaa0000, 0x00000000ecdd5000, 0x0000000100000000)
   the space 36052K,  80% used [0x00000000eaaa0000, 0x00000000ec706210, 0x00000000ec706400, 0x00000000ecdd5000)
 Metaspace       used 66721K, capacity 71294K, committed 71600K, reserved 1110016K
  class space    used 9294K, capacity 10045K, committed 10160K, reserved 1048576K
}
Event: 17.534 GC heap before
{Heap before GC invocations=145 (full 4):
 def new generation   total 16320K, used 15769K [0x00000000e0000000, 0x00000000e11b0000, 0x00000000eaaa0000)
  eden space 14528K, 100% used [0x00000000e0000000, 0x00000000e0e30000, 0x00000000e0e30000)
  from space 1792K,  69% used [0x00000000e0e30000, 0x00000000e0f66668, 0x00000000e0ff0000)
  to   space 1792K,   0% used [0x00000000e0ff0000, 0x00000000e0ff0000, 0x00000000e11b0000)
 tenured generation   total 36052K, used 29080K [0x00000000eaaa0000, 0x00000000ecdd5000, 0x0000000100000000)
   the space 36052K,  80% used [0x00000000eaaa0000, 0x00000000ec706210, 0x00000000ec706400, 0x00000000ecdd5000)
 Metaspace       used 67990K, capacity 72784K, committed 73008K, reserved 1112064K
  class space    used 9490K, capacity 10254K, committed 10288K, reserved 1048576K
Event: 17.545 GC heap after
Heap after GC invocations=146 (full 4):
 def new generation   total 16320K, used 1301K [0x00000000e0000000, 0x00000000e11b0000, 0x00000000eaaa0000)
  eden space 14528K,   0% used [0x00000000e0000000, 0x00000000e0000000, 0x00000000e0e30000)
  from space 1792K,  72% used [0x00000000e0ff0000, 0x00000000e1135728, 0x00000000e11b0000)
  to   space 1792K,   0% used [0x00000000e0e30000, 0x00000000e0e30000, 0x00000000e0ff0000)
 tenured generation   total 36052K, used 29325K [0x00000000eaaa0000, 0x00000000ecdd5000, 0x0000000100000000)
   the space 36052K,  81% used [0x00000000eaaa0000, 0x00000000ec743490, 0x00000000ec743600, 0x00000000ecdd5000)
 Metaspace       used 67990K, capacity 72784K, committed 73008K, reserved 1112064K
  class space    used 9490K, capacity 10254K, committed 10288K, reserved 1048576K
}
Event: 17.905 GC heap before
{Heap before GC invocations=146 (full 4):
 def new generation   total 16320K, used 15829K [0x00000000e0000000, 0x00000000e11b0000, 0x00000000eaaa0000)
  eden space 14528K, 100% used [0x00000000e0000000, 0x00000000e0e30000, 0x00000000e0e30000)
  from space 1792K,  72% used [0x00000000e0ff0000, 0x00000000e1135728, 0x00000000e11b0000)
  to   space 1792K,   0% used [0x00000000e0e30000, 0x00000000e0e30000, 0x00000000e0ff0000)
 tenured generation   total 36052K, used 29325K [0x00000000eaaa0000, 0x00000000ecdd5000, 0x0000000100000000)
   the space 36052K,  81% used [0x00000000eaaa0000, 0x00000000ec743490, 0x00000000ec743600, 0x00000000ecdd5000)
 Metaspace       used 69723K, capacity 74616K, committed 74672K, reserved 1114112K
  class space    used 9797K, capacity 10618K, committed 10672K, reserved 1048576K
Event: 17.910 GC heap after
Heap after GC invocations=147 (full 4):
 def new generation   total 16320K, used 1538K [0x00000000e0000000, 0x00000000e11b0000, 0x00000000eaaa0000)
  eden space 14528K,   0% used [0x00000000e0000000, 0x00000000e0000000, 0x00000000e0e30000)
  from space 1792K,  85% used [0x00000000e0e30000, 0x00000000e0fb09c8, 0x00000000e0ff0000)
  to   space 1792K,   0% used [0x00000000e0ff0000, 0x00000000e0ff0000, 0x00000000e11b0000)
 tenured generation   total 36052K, used 29666K [0x00000000eaaa0000, 0x00000000ecdd5000, 0x0000000100000000)
   the space 36052K,  82% used [0x00000000eaaa0000, 0x00000000ec798b78, 0x00000000ec798c00, 0x00000000ecdd5000)
 Metaspace       used 69723K, capacity 74616K, committed 74672K, reserved 1114112K
  class space    used 9797K, capacity 10618K, committed 10672K, reserved 1048576K
}
Event: 18.336 GC heap before
{Heap before GC invocations=147 (full 4):
 def new generation   total 16320K, used 16066K [0x00000000e0000000, 0x00000000e11b0000, 0x00000000eaaa0000)
  eden space 14528K, 100% used [0x00000000e0000000, 0x00000000e0e30000, 0x00000000e0e30000)
  from space 1792K,  85% used [0x00000000e0e30000, 0x00000000e0fb09c8, 0x00000000e0ff0000)
  to   space 1792K,   0% used [0x00000000e0ff0000, 0x00000000e0ff0000, 0x00000000e11b0000)
 tenured generation   total 36052K, used 29666K [0x00000000eaaa0000, 0x00000000ecdd5000, 0x0000000100000000)
   the space 36052K,  82% used [0x00000000eaaa0000, 0x00000000ec798b78, 0x00000000ec798c00, 0x00000000ecdd5000)
 Metaspace       used 70708K, capacity 75724K, committed 75824K, reserved 1114112K
  class space    used 9917K, capacity 10738K, committed 10800K, reserved 1048576K
Event: 18.342 GC heap after
Heap after GC invocations=148 (full 4):
 def new generation   total 16320K, used 1137K [0x00000000e0000000, 0x00000000e11b0000, 0x00000000eaaa0000)
  eden space 14528K,   0% used [0x00000000e0000000, 0x00000000e0000000, 0x00000000e0e30000)
  from space 1792K,  63% used [0x00000000e0ff0000, 0x00000000e110c468, 0x00000000e11b0000)
  to   space 1792K,   0% used [0x00000000e0e30000, 0x00000000e0e30000, 0x00000000e0ff0000)
 tenured generation   total 36052K, used 29946K [0x00000000eaaa0000, 0x00000000ecdd5000, 0x0000000100000000)
   the space 36052K,  83% used [0x00000000eaaa0000, 0x00000000ec7de880, 0x00000000ec7dea00, 0x00000000ecdd5000)
 Metaspace       used 70708K, capacity 75724K, committed 75824K, reserved 1114112K
  class space    used 9917K, capacity 10738K, committed 10800K, reserved 1048576K
}
Event: 18.498 GC heap before
{Heap before GC invocations=148 (full 4):
 def new generation   total 16320K, used 15665K [0x00000000e0000000, 0x00000000e11b0000, 0x00000000eaaa0000)
  eden space 14528K, 100% used [0x00000000e0000000, 0x00000000e0e30000, 0x00000000e0e30000)
  from space 1792K,  63% used [0x00000000e0ff0000, 0x00000000e110c468, 0x00000000e11b0000)
  to   space 1792K,   0% used [0x00000000e0e30000, 0x00000000e0e30000, 0x00000000e0ff0000)
 tenured generation   total 36052K, used 29946K [0x00000000eaaa0000, 0x00000000ecdd5000, 0x0000000100000000)
   the space 36052K,  83% used [0x00000000eaaa0000, 0x00000000ec7de880, 0x00000000ec7dea00, 0x00000000ecdd5000)
 Metaspace       used 70737K, capacity 75734K, committed 75824K, reserved 1114112K
  class space    used 9917K, capacity 10739K, committed 10800K, reserved 1048576K
Event: 18.504 GC heap after
Heap after GC invocations=149 (full 4):
 def new generation   total 16320K, used 1347K [0x00000000e0000000, 0x00000000e11b0000, 0x00000000eaaa0000)
  eden space 14528K,   0% used [0x00000000e0000000, 0x00000000e0000000, 0x00000000e0e30000)
  from space 1792K,  75% used [0x00000000e0e30000, 0x00000000e0f80f68, 0x00000000e0ff0000)
  to   space 1792K,   0% used [0x00000000e0ff0000, 0x00000000e0ff0000, 0x00000000e11b0000)
 tenured generation   total 36052K, used 30557K [0x00000000eaaa0000, 0x00000000ecdd5000, 0x0000000100000000)
   the space 36052K,  84% used [0x00000000eaaa0000, 0x00000000ec877458, 0x00000000ec877600, 0x00000000ecdd5000)
 Metaspace       used 70737K, capacity 75734K, committed 75824K, reserved 1114112K
  class space    used 9917K, capacity 10739K, committed 10800K, reserved 1048576K
}
Event: 18.655 GC heap before
{Heap before GC invocations=149 (full 4):
 def new generation   total 16320K, used 15875K [0x00000000e0000000, 0x00000000e11b0000, 0x00000000eaaa0000)
  eden space 14528K, 100% used [0x00000000e0000000, 0x00000000e0e30000, 0x00000000e0e30000)
  from space 1792K,  75% used [0x00000000e0e30000, 0x00000000e0f80f68, 0x00000000e0ff0000)
  to   space 1792K,   0% used [0x00000000e0ff0000, 0x00000000e0ff0000, 0x00000000e11b0000)
 tenured generation   total 36052K, used 30557K [0x00000000eaaa0000, 0x00000000ecdd5000, 0x0000000100000000)
   the space 36052K,  84% used [0x00000000eaaa0000, 0x00000000ec877458, 0x00000000ec877600, 0x00000000ecdd5000)
 Metaspace       used 70766K, capacity 75738K, committed 75824K, reserved 1114112K
  class space    used 9917K, capacity 10739K, committed 10800K, reserved 1048576K
Event: 18.666 GC heap after
Heap after GC invocations=150 (full 4):
 def new generation   total 16320K, used 963K [0x00000000e0000000, 0x00000000e11b0000, 0x00000000eaaa0000)
  eden space 14528K,   0% used [0x00000000e0000000, 0x00000000e0000000, 0x00000000e0e30000)
  from space 1792K,  53% used [0x00000000e0ff0000, 0x00000000e10e0d90, 0x00000000e11b0000)
  to   space 1792K,   0% used [0x00000000e0e30000, 0x00000000e0e30000, 0x00000000e0ff0000)
 tenured generation   total 36052K, used 31657K [0x00000000eaaa0000, 0x00000000ecdd5000, 0x0000000100000000)
   the space 36052K,  87% used [0x00000000eaaa0000, 0x00000000ec98a6c0, 0x00000000ec98a800, 0x00000000ecdd5000)
 Metaspace       used 70766K, capacity 75738K, committed 75824K, reserved 1114112K
  class space    used 9917K, capacity 10739K, committed 10800K, reserved 1048576K
}
Event: 18.849 GC heap before
{Heap before GC invocations=150 (full 4):
 def new generation   total 16320K, used 15491K [0x00000000e0000000, 0x00000000e11b0000, 0x00000000eaaa0000)
  eden space 14528K, 100% used [0x00000000e0000000, 0x00000000e0e30000, 0x00000000e0e30000)
  from space 1792K,  53% used [0x00000000e0ff0000, 0x00000000e10e0d90, 0x00000000e11b0000)
  to   space 1792K,   0% used [0x00000000e0e30000, 0x00000000e0e30000, 0x00000000e0ff0000)
 tenured generation   total 36052K, used 31657K [0x00000000eaaa0000, 0x00000000ecdd5000, 0x0000000100000000)
   the space 36052K,  87% used [0x00000000eaaa0000, 0x00000000ec98a6c0, 0x00000000ec98a800, 0x00000000ecdd5000)
 Metaspace       used 70798K, capacity 75802K, committed 76080K, reserved 1114112K
  class space    used 9917K, capacity 10739K, committed 10800K, reserved 1048576K
Event: 18.854 GC heap after
Heap after GC invocations=151 (full 4):
 def new generation   total 16320K, used 914K [0x00000000e0000000, 0x00000000e11b0000, 0x00000000eaaa0000)
  eden space 14528K,   0% used [0x00000000e0000000, 0x00000000e0000000, 0x00000000e0e30000)
  from space 1792K,  51% used [0x00000000e0e30000, 0x00000000e0f14b00, 0x00000000e0ff0000)
  to   space 1792K,   0% used [0x00000000e0ff0000, 0x00000000e0ff0000, 0x00000000e11b0000)
 tenured generation   total 36052K, used 32123K [0x00000000eaaa0000, 0x00000000ecdd5000, 0x0000000100000000)
   the space 36052K,  89% used [0x00000000eaaa0000, 0x00000000ec9feff0, 0x00000000ec9ff000, 0x00000000ecdd5000)
 Metaspace       used 70798K, capacity 75802K, committed 76080K, reserved 1114112K
  class space    used 9917K, capacity 10739K, committed 10800K, reserved 1048576K
}
Event: 19.030 GC heap before
{Heap before GC invocations=151 (full 4):
 def new generation   total 16320K, used 15442K [0x00000000e0000000, 0x00000000e11b0000, 0x00000000eaaa0000)
  eden space 14528K, 100% used [0x00000000e0000000, 0x00000000e0e30000, 0x00000000e0e30000)
  from space 1792K,  51% used [0x00000000e0e30000, 0x00000000e0f14b00, 0x00000000e0ff0000)
  to   space 1792K,   0% used [0x00000000e0ff0000, 0x00000000e0ff0000, 0x00000000e11b0000)
 tenured generation   total 36052K, used 32123K [0x00000000eaaa0000, 0x00000000ecdd5000, 0x0000000100000000)
   the space 36052K,  89% used [0x00000000eaaa0000, 0x00000000ec9feff0, 0x00000000ec9ff000, 0x00000000ecdd5000)
 Metaspace       used 70839K, capacity 75808K, committed 76080K, reserved 1114112K
  class space    used 9918K, capacity 10740K, committed 10800K, reserved 1048576K
Event: 19.040 GC heap after
Heap after GC invocations=152 (full 4):
 def new generation   total 16320K, used 690K [0x00000000e0000000, 0x00000000e11b0000, 0x00000000eaaa0000)
  eden space 14528K,   0% used [0x00000000e0000000, 0x00000000e0000000, 0x00000000e0e30000)
  from space 1792K,  38% used [0x00000000e0ff0000, 0x00000000e109c8b8, 0x00000000e11b0000)
  to   space 1792K,   0% used [0x00000000e0e30000, 0x00000000e0e30000, 0x00000000e0ff0000)
 tenured generation   total 36052K, used 32656K [0x00000000eaaa0000, 0x00000000ecdd5000, 0x0000000100000000)
   the space 36052K,  90% used [0x00000000eaaa0000, 0x00000000eca842f0, 0x00000000eca84400, 0x00000000ecdd5000)
 Metaspace       used 70839K, capacity 75808K, committed 76080K, reserved 1114112K
  class space    used 9918K, capacity 10740K, committed 10800K, reserved 1048576K
}
Event: 19.159 GC heap before
{Heap before GC invocations=152 (full 4):
 def new generation   total 16320K, used 15218K [0x00000000e0000000, 0x00000000e11b0000, 0x00000000eaaa0000)
  eden space 14528K, 100% used [0x00000000e0000000, 0x00000000e0e30000, 0x00000000e0e30000)
  from space 1792K,  38% used [0x00000000e0ff0000, 0x00000000e109c8b8, 0x00000000e11b0000)
  to   space 1792K,   0% used [0x00000000e0e30000, 0x00000000e0e30000, 0x00000000e0ff0000)
 tenured generation   total 36052K, used 32656K [0x00000000eaaa0000, 0x00000000ecdd5000, 0x0000000100000000)
   the space 36052K,  90% used [0x00000000eaaa0000, 0x00000000eca842f0, 0x00000000eca84400, 0x00000000ecdd5000)
 Metaspace       used 70855K, capacity 75876K, committed 76080K, reserved 1114112K
  class space    used 9918K, capacity 10740K, committed 10800K, reserved 1048576K
Event: 19.167 GC heap after
Heap after GC invocations=153 (full 4):
 def new generation   total 16320K, used 1276K [0x00000000e0000000, 0x00000000e11b0000, 0x00000000eaaa0000)
  eden space 14528K,   0% used [0x00000000e0000000, 0x00000000e0000000, 0x00000000e0e30000)
  from space 1792K,  71% used [0x00000000e0e30000, 0x00000000e0f6f2b8, 0x00000000e0ff0000)
  to   space 1792K,   0% used [0x00000000e0ff0000, 0x00000000e0ff0000, 0x00000000e11b0000)
 tenured generation   total 36052K, used 32656K [0x00000000eaaa0000, 0x00000000ecdd5000, 0x0000000100000000)
   the space 36052K,  90% used [0x00000000eaaa0000, 0x00000000eca842f0, 0x00000000eca84400, 0x00000000ecdd5000)
 Metaspace       used 70855K, capacity 75876K, committed 76080K, reserved 1114112K
  class space    used 9918K, capacity 10740K, committed 10800K, reserved 1048576K
}
Event: 19.335 GC heap before
{Heap before GC invocations=153 (full 4):
 def new generation   total 16320K, used 15804K [0x00000000e0000000, 0x00000000e11b0000, 0x00000000eaaa0000)
  eden space 14528K, 100% used [0x00000000e0000000, 0x00000000e0e30000, 0x00000000e0e30000)
  from space 1792K,  71% used [0x00000000e0e30000, 0x00000000e0f6f2b8, 0x00000000e0ff0000)
  to   space 1792K,   0% used [0x00000000e0ff0000, 0x00000000e0ff0000, 0x00000000e11b0000)
 tenured generation   total 36052K, used 32656K [0x00000000eaaa0000, 0x00000000ecdd5000, 0x0000000100000000)
   the space 36052K,  90% used [0x00000000eaaa0000, 0x00000000eca842f0, 0x00000000eca84400, 0x00000000ecdd5000)
 Metaspace       used 70921K, capacity 76008K, committed 76080K, reserved 1114112K
  class space    used 9918K, capacity 10740K, committed 10800K, reserved 1048576K
Event: 19.342 GC heap after
Heap after GC invocations=154 (full 4):
 def new generation   total 16320K, used 1749K [0x00000000e0000000, 0x00000000e11b0000, 0x00000000eaaa0000)
  eden space 14528K,   0% used [0x00000000e0000000, 0x00000000e0000000, 0x00000000e0e30000)
  from space 1792K,  97% used [0x00000000e0ff0000, 0x00000000e11a5420, 0x00000000e11b0000)
  to   space 1792K,   0% used [0x00000000e0e30000, 0x00000000e0e30000, 0x00000000e0ff0000)
 tenured generation   total 36052K, used 33275K [0x00000000eaaa0000, 0x00000000ecdd5000, 0x0000000100000000)
   the space 36052K,  92% used [0x00000000eaaa0000, 0x00000000ecb1ed18, 0x00000000ecb1ee00, 0x00000000ecdd5000)
 Metaspace       used 70921K, capacity 76008K, committed 76080K, reserved 1114112K
  class space    used 9918K, capacity 10740K, committed 10800K, reserved 1048576K
}
Event: 19.524 GC heap before
{Heap before GC invocations=154 (full 4):
 def new generation   total 16320K, used 16277K [0x00000000e0000000, 0x00000000e11b0000, 0x00000000eaaa0000)
  eden space 14528K, 100% used [0x00000000e0000000, 0x00000000e0e30000, 0x00000000e0e30000)
  from space 1792K,  97% used [0x00000000e0ff0000, 0x00000000e11a5420, 0x00000000e11b0000)
  to   space 1792K,   0% used [0x00000000e0e30000, 0x00000000e0e30000, 0x00000000e0ff0000)
 tenured generation   total 36052K, used 33275K [0x00000000eaaa0000, 0x00000000ecdd5000, 0x0000000100000000)
   the space 36052K,  92% used [0x00000000eaaa0000, 0x00000000ecb1ed18, 0x00000000ecb1ee00, 0x00000000ecdd5000)
 Metaspace       used 70986K, capacity 76020K, committed 76080K, reserved 1114112K
  class space    used 9920K, capacity 10742K, committed 10800K, reserved 1048576K
Event: 19.531 GC heap after
Heap after GC invocations=155 (full 4):
 def new generation   total 16320K, used 495K [0x00000000e0000000, 0x00000000e11b0000, 0x00000000eaaa0000)
  eden space 14528K,   0% used [0x00000000e0000000, 0x00000000e0000000, 0x00000000e0e30000)
  from space 1792K,  27% used [0x00000000e0e30000, 0x00000000e0eabe38, 0x00000000e0ff0000)
  to   space 1792K,   0% used [0x00000000e0ff0000, 0x00000000e0ff0000, 0x00000000e11b0000)
 tenured generation   total 36052K, used 34975K [0x00000000eaaa0000, 0x00000000ecdd5000, 0x0000000100000000)
   the space 36052K,  97% used [0x00000000eaaa0000, 0x00000000eccc7cf8, 0x00000000eccc7e00, 0x00000000ecdd5000)
 Metaspace       used 70986K, capacity 76020K, committed 76080K, reserved 1114112K
  class space    used 9920K, capacity 10742K, committed 10800K, reserved 1048576K
}
Event: 19.661 GC heap before
{Heap before GC invocations=155 (full 4):
 def new generation   total 16320K, used 15023K [0x00000000e0000000, 0x00000000e11b0000, 0x00000000eaaa0000)
  eden space 14528K, 100% used [0x00000000e0000000, 0x00000000e0e30000, 0x00000000e0e30000)
  from space 1792K,  27% used [0x00000000e0e30000, 0x00000000e0eabe38, 0x00000000e0ff0000)
  to   space 1792K,   0% used [0x00000000e0ff0000, 0x00000000e0ff0000, 0x00000000e11b0000)
 tenured generation   total 36052K, used 34975K [0x00000000eaaa0000, 0x00000000ecdd5000, 0x0000000100000000)
   the space 36052K,  97% used [0x00000000eaaa0000, 0x00000000eccc7cf8, 0x00000000eccc7e00, 0x00000000ecdd5000)
 Metaspace       used 71008K, capacity 76040K, committed 76336K, reserved 1114112K
  class space    used 9921K, capacity 10744K, committed 10800K, reserved 1048576K
Event: 19.666 GC heap after
Heap after GC invocations=156 (full 4):
 def new generation   total 16320K, used 960K [0x00000000e0000000, 0x00000000e11b0000, 0x00000000eaaa0000)
  eden space 14528K,   0% used [0x00000000e0000000, 0x00000000e0000000, 0x00000000e0e30000)
  from space 1792K,  53% used [0x00000000e0ff0000, 0x00000000e10e01d0, 0x00000000e11b0000)
  to   space 1792K,   0% used [0x00000000e0e30000, 0x00000000e0e30000, 0x00000000e0ff0000)
 tenured generation   total 36052K, used 34975K [0x00000000eaaa0000, 0x00000000ecdd5000, 0x0000000100000000)
   the space 36052K,  97% used [0x00000000eaaa0000, 0x00000000eccc7cf8, 0x00000000eccc7e00, 0x00000000ecdd5000)
 Metaspace       used 71008K, capacity 76040K, committed 76336K, reserved 1114112K
  class space    used 9921K, capacity 10744K, committed 10800K, reserved 1048576K
}
Event: 19.796 GC heap before
{Heap before GC invocations=156 (full 4):
 def new generation   total 16320K, used 15488K [0x00000000e0000000, 0x00000000e11b0000, 0x00000000eaaa0000)
  eden space 14528K, 100% used [0x00000000e0000000, 0x00000000e0e30000, 0x00000000e0e30000)
  from space 1792K,  53% used [0x00000000e0ff0000, 0x00000000e10e01d0, 0x00000000e11b0000)
  to   space 1792K,   0% used [0x00000000e0e30000, 0x00000000e0e30000, 0x00000000e0ff0000)
 tenured generation   total 36052K, used 34975K [0x00000000eaaa0000, 0x00000000ecdd5000, 0x0000000100000000)
   the space 36052K,  97% used [0x00000000eaaa0000, 0x00000000eccc7cf8, 0x00000000eccc7e00, 0x00000000ecdd5000)
 Metaspace       used 71052K, capacity 76104K, committed 76336K, reserved 1114112K
  class space    used 9921K, capacity 10744K, committed 10800K, reserved 1048576K
Event: 19.801 GC heap after
Heap after GC invocations=157 (full 4):
 def new generation   total 16320K, used 947K [0x00000000e0000000, 0x00000000e11b0000, 0x00000000eaaa0000)
  eden space 14528K,   0% used [0x00000000e0000000, 0x00000000e0000000, 0x00000000e0e30000)
  from space 1792K,  52% used [0x00000000e0e30000, 0x00000000e0f1ce18, 0x00000000e0ff0000)
  to   space 1792K,   0% used [0x00000000e0ff0000, 0x00000000e0ff0000, 0x00000000e11b0000)
 tenured generation   total 36052K, used 35450K [0x00000000eaaa0000, 0x00000000ecdd5000, 0x0000000100000000)
   the space 36052K,  98% used [0x00000000eaaa0000, 0x00000000ecd3ea78, 0x00000000ecd3ec00, 0x00000000ecdd5000)
 Metaspace       used 71052K, capacity 76104K, committed 76336K, reserved 1114112K
  class space    used 9921K, capacity 10744K, committed 10800K, reserved 1048576K
}
Event: 19.945 GC heap before
{Heap before GC invocations=157 (full 4):
 def new generation   total 16320K, used 15475K [0x00000000e0000000, 0x00000000e11b0000, 0x00000000eaaa0000)
  eden space 14528K, 100% used [0x00000000e0000000, 0x00000000e0e30000, 0x00000000e0e30000)
  from space 1792K,  52% used [0x00000000e0e30000, 0x00000000e0f1ce18, 0x00000000e0ff0000)
  to   space 1792K,   0% used [0x00000000e0ff0000, 0x00000000e0ff0000, 0x00000000e11b0000)
 tenured generation   total 36052K, used 35450K [0x00000000eaaa0000, 0x00000000ecdd5000, 0x0000000100000000)
   the space 36052K,  98% used [0x00000000eaaa0000, 0x00000000ecd3ea78, 0x00000000ecd3ec00, 0x00000000ecdd5000)
 Metaspace       used 71082K, capacity 76132K, committed 76336K, reserved 1114112K
  class space    used 9923K, capacity 10748K, committed 10800K, reserved 1048576K
Event: 19.951 GC heap after
Heap after GC invocations=158 (full 4):
 def new generation   total 16320K, used 1002K [0x00000000e0000000, 0x00000000e11b0000, 0x00000000eaaa0000)
  eden space 14528K,   0% used [0x00000000e0000000, 0x00000000e0000000, 0x00000000e0e30000)
  from space 1792K,  55% used [0x00000000e0ff0000, 0x00000000e10eaa30, 0x00000000e11b0000)
  to   space 1792K,   0% used [0x00000000e0e30000, 0x00000000e0e30000, 0x00000000e0ff0000)
 tenured generation   total 36052K, used 35914K [0x00000000eaaa0000, 0x00000000ecdd5000, 0x0000000100000000)
   the space 36052K,  99% used [0x00000000eaaa0000, 0x00000000ecdb2b80, 0x00000000ecdb2c00, 0x00000000ecdd5000)
 Metaspace       used 71082K, capacity 76132K, committed 76336K, reserved 1114112K
  class space    used 9923K, capacity 10748K, committed 10800K, reserved 1048576K
}
Event: 20.057 GC heap before
{Heap before GC invocations=158 (full 4):
 def new generation   total 16320K, used 15530K [0x00000000e0000000, 0x00000000e11b0000, 0x00000000eaaa0000)
  eden space 14528K, 100% used [0x00000000e0000000, 0x00000000e0e30000, 0x00000000e0e30000)
  from space 1792K,  55% used [0x00000000e0ff0000, 0x00000000e10eaa30, 0x00000000e11b0000)
  to   space 1792K,   0% used [0x00000000e0e30000, 0x00000000e0e30000, 0x00000000e0ff0000)
 tenured generation   total 36052K, used 35914K [0x00000000eaaa0000, 0x00000000ecdd5000, 0x0000000100000000)
   the space 36052K,  99% used [0x00000000eaaa0000, 0x00000000ecdb2b80, 0x00000000ecdb2c00, 0x00000000ecdd5000)
 Metaspace       used 71093K, capacity 76140K, committed 76336K, reserved 1114112K
  class space    used 9923K, capacity 10748K, committed 10800K, reserved 1048576K

